[2025-02-05T13:55:25.723+0000] {processor.py:186} INFO - Started process (PID=126) to work on /home/airflow/.local/lib/python3.12/site-packages/airflow/example_dags/example_task_group_decorator.py
[2025-02-05T13:55:25.737+0000] {processor.py:914} INFO - Processing file /home/airflow/.local/lib/python3.12/site-packages/airflow/example_dags/example_task_group_decorator.py for tasks to queue
[2025-02-05T13:55:25.739+0000] {logging_mixin.py:190} INFO - [2025-02-05T13:55:25.739+0000] {dagbag.py:588} INFO - Filling up the DagBag from /home/airflow/.local/lib/python3.12/site-packages/airflow/example_dags/example_task_group_decorator.py
[2025-02-05T13:55:25.780+0000] {processor.py:925} INFO - DAG(s) 'example_task_group_decorator' retrieved from /home/airflow/.local/lib/python3.12/site-packages/airflow/example_dags/example_task_group_decorator.py
[2025-02-05T13:55:25.928+0000] {logging_mixin.py:190} INFO - [2025-02-05T13:55:25.927+0000] {override.py:1911} INFO - Created Permission View: can edit on DAG:example_task_group_decorator
[2025-02-05T13:55:25.950+0000] {logging_mixin.py:190} INFO - [2025-02-05T13:55:25.950+0000] {override.py:1911} INFO - Created Permission View: can read on DAG:example_task_group_decorator
[2025-02-05T13:55:25.957+0000] {logging_mixin.py:190} INFO - [2025-02-05T13:55:25.957+0000] {override.py:1911} INFO - Created Permission View: can delete on DAG:example_task_group_decorator
[2025-02-05T13:55:25.965+0000] {logging_mixin.py:190} INFO - [2025-02-05T13:55:25.965+0000] {override.py:1911} INFO - Created Permission View: menu access on DAG Run:example_task_group_decorator
[2025-02-05T13:55:25.978+0000] {logging_mixin.py:190} INFO - [2025-02-05T13:55:25.978+0000] {override.py:1911} INFO - Created Permission View: can read on DAG Run:example_task_group_decorator
[2025-02-05T13:55:25.983+0000] {logging_mixin.py:190} INFO - [2025-02-05T13:55:25.983+0000] {override.py:1911} INFO - Created Permission View: can delete on DAG Run:example_task_group_decorator
[2025-02-05T13:55:25.988+0000] {logging_mixin.py:190} INFO - [2025-02-05T13:55:25.988+0000] {override.py:1911} INFO - Created Permission View: can create on DAG Run:example_task_group_decorator
[2025-02-05T13:55:25.988+0000] {logging_mixin.py:190} INFO - [2025-02-05T13:55:25.988+0000] {dag.py:3239} INFO - Sync 1 DAGs
[2025-02-05T13:55:26.004+0000] {logging_mixin.py:190} INFO - [2025-02-05T13:55:26.003+0000] {dag.py:3262} INFO - Creating ORM DAG for example_task_group_decorator
[2025-02-05T13:55:26.004+0000] {logging_mixin.py:190} INFO - [2025-02-05T13:55:26.004+0000] {dag.py:4180} INFO - Setting next_dagrun for example_task_group_decorator to None, run_after=None
[2025-02-05T13:55:26.018+0000] {processor.py:208} INFO - Processing /home/airflow/.local/lib/python3.12/site-packages/airflow/example_dags/example_task_group_decorator.py took 0.300 seconds
[2025-02-05T13:56:27.647+0000] {processor.py:186} INFO - Started process (PID=253) to work on /home/airflow/.local/lib/python3.12/site-packages/airflow/example_dags/example_task_group_decorator.py
[2025-02-05T13:56:27.647+0000] {processor.py:914} INFO - Processing file /home/airflow/.local/lib/python3.12/site-packages/airflow/example_dags/example_task_group_decorator.py for tasks to queue
[2025-02-05T13:56:27.650+0000] {logging_mixin.py:190} INFO - [2025-02-05T13:56:27.649+0000] {dagbag.py:588} INFO - Filling up the DagBag from /home/airflow/.local/lib/python3.12/site-packages/airflow/example_dags/example_task_group_decorator.py
[2025-02-05T13:56:27.668+0000] {processor.py:925} INFO - DAG(s) 'example_task_group_decorator' retrieved from /home/airflow/.local/lib/python3.12/site-packages/airflow/example_dags/example_task_group_decorator.py
[2025-02-05T13:56:27.697+0000] {logging_mixin.py:190} INFO - [2025-02-05T13:56:27.697+0000] {dag.py:3239} INFO - Sync 1 DAGs
[2025-02-05T13:56:27.713+0000] {logging_mixin.py:190} INFO - [2025-02-05T13:56:27.713+0000] {dag.py:4180} INFO - Setting next_dagrun for example_task_group_decorator to None, run_after=None
[2025-02-05T13:56:27.730+0000] {processor.py:208} INFO - Processing /home/airflow/.local/lib/python3.12/site-packages/airflow/example_dags/example_task_group_decorator.py took 0.090 seconds
[2025-02-05T13:56:57.893+0000] {processor.py:186} INFO - Started process (PID=316) to work on /home/airflow/.local/lib/python3.12/site-packages/airflow/example_dags/example_task_group_decorator.py
[2025-02-05T13:56:57.895+0000] {processor.py:914} INFO - Processing file /home/airflow/.local/lib/python3.12/site-packages/airflow/example_dags/example_task_group_decorator.py for tasks to queue
[2025-02-05T13:56:57.897+0000] {logging_mixin.py:190} INFO - [2025-02-05T13:56:57.897+0000] {dagbag.py:588} INFO - Filling up the DagBag from /home/airflow/.local/lib/python3.12/site-packages/airflow/example_dags/example_task_group_decorator.py
[2025-02-05T13:56:57.916+0000] {processor.py:925} INFO - DAG(s) 'example_task_group_decorator' retrieved from /home/airflow/.local/lib/python3.12/site-packages/airflow/example_dags/example_task_group_decorator.py
[2025-02-05T13:56:57.942+0000] {logging_mixin.py:190} INFO - [2025-02-05T13:56:57.942+0000] {dag.py:3239} INFO - Sync 1 DAGs
[2025-02-05T13:56:57.957+0000] {logging_mixin.py:190} INFO - [2025-02-05T13:56:57.957+0000] {dag.py:4180} INFO - Setting next_dagrun for example_task_group_decorator to None, run_after=None
[2025-02-05T13:56:57.974+0000] {processor.py:208} INFO - Processing /home/airflow/.local/lib/python3.12/site-packages/airflow/example_dags/example_task_group_decorator.py took 0.087 seconds
[2025-02-05T13:57:28.118+0000] {processor.py:186} INFO - Started process (PID=380) to work on /home/airflow/.local/lib/python3.12/site-packages/airflow/example_dags/example_task_group_decorator.py
[2025-02-05T13:57:28.119+0000] {processor.py:914} INFO - Processing file /home/airflow/.local/lib/python3.12/site-packages/airflow/example_dags/example_task_group_decorator.py for tasks to queue
[2025-02-05T13:57:28.121+0000] {logging_mixin.py:190} INFO - [2025-02-05T13:57:28.121+0000] {dagbag.py:588} INFO - Filling up the DagBag from /home/airflow/.local/lib/python3.12/site-packages/airflow/example_dags/example_task_group_decorator.py
[2025-02-05T13:57:28.140+0000] {processor.py:925} INFO - DAG(s) 'example_task_group_decorator' retrieved from /home/airflow/.local/lib/python3.12/site-packages/airflow/example_dags/example_task_group_decorator.py
[2025-02-05T13:57:28.169+0000] {logging_mixin.py:190} INFO - [2025-02-05T13:57:28.169+0000] {dag.py:3239} INFO - Sync 1 DAGs
[2025-02-05T13:57:28.184+0000] {logging_mixin.py:190} INFO - [2025-02-05T13:57:28.184+0000] {dag.py:4180} INFO - Setting next_dagrun for example_task_group_decorator to None, run_after=None
[2025-02-05T13:57:28.201+0000] {processor.py:208} INFO - Processing /home/airflow/.local/lib/python3.12/site-packages/airflow/example_dags/example_task_group_decorator.py took 0.089 seconds
