[2025-02-05T13:55:09.292+0000] {processor.py:186} INFO - Started process (PID=91) to work on /home/airflow/.local/lib/python3.12/site-packages/airflow/example_dags/example_sla_dag.py
[2025-02-05T13:55:09.305+0000] {processor.py:914} INFO - Processing file /home/airflow/.local/lib/python3.12/site-packages/airflow/example_dags/example_sla_dag.py for tasks to queue
[2025-02-05T13:55:09.309+0000] {logging_mixin.py:190} INFO - [2025-02-05T13:55:09.308+0000] {dagbag.py:588} INFO - Filling up the DagBag from /home/airflow/.local/lib/python3.12/site-packages/airflow/example_dags/example_sla_dag.py
[2025-02-05T13:55:09.375+0000] {processor.py:925} INFO - DAG(s) 'example_sla_dag' retrieved from /home/airflow/.local/lib/python3.12/site-packages/airflow/example_dags/example_sla_dag.py
[2025-02-05T13:55:09.876+0000] {logging_mixin.py:190} INFO - [2025-02-05T13:55:09.875+0000] {override.py:1911} INFO - Created Permission View: can edit on DAG:example_sla_dag
[2025-02-05T13:55:09.918+0000] {logging_mixin.py:190} INFO - [2025-02-05T13:55:09.917+0000] {override.py:1911} INFO - Created Permission View: can read on DAG:example_sla_dag
[2025-02-05T13:55:09.957+0000] {logging_mixin.py:190} INFO - [2025-02-05T13:55:09.956+0000] {override.py:1911} INFO - Created Permission View: can delete on DAG:example_sla_dag
[2025-02-05T13:55:09.986+0000] {logging_mixin.py:190} INFO - [2025-02-05T13:55:09.985+0000] {override.py:1911} INFO - Created Permission View: menu access on DAG Run:example_sla_dag
[2025-02-05T13:55:10.020+0000] {logging_mixin.py:190} INFO - [2025-02-05T13:55:10.019+0000] {override.py:1911} INFO - Created Permission View: can read on DAG Run:example_sla_dag
[2025-02-05T13:55:10.088+0000] {logging_mixin.py:190} INFO - [2025-02-05T13:55:10.088+0000] {override.py:1911} INFO - Created Permission View: can delete on DAG Run:example_sla_dag
[2025-02-05T13:55:10.125+0000] {logging_mixin.py:190} INFO - [2025-02-05T13:55:10.125+0000] {override.py:1911} INFO - Created Permission View: can create on DAG Run:example_sla_dag
[2025-02-05T13:55:10.141+0000] {logging_mixin.py:190} INFO - [2025-02-05T13:55:10.141+0000] {dag.py:3239} INFO - Sync 1 DAGs
[2025-02-05T13:55:10.182+0000] {logging_mixin.py:190} INFO - [2025-02-05T13:55:10.181+0000] {dag.py:3262} INFO - Creating ORM DAG for example_sla_dag
[2025-02-05T13:55:10.260+0000] {logging_mixin.py:190} INFO - [2025-02-05T13:55:10.260+0000] {dag.py:4180} INFO - Setting next_dagrun for example_sla_dag to 2025-02-05 13:52:00+00:00, run_after=2025-02-05 13:54:00+00:00
[2025-02-05T13:55:10.394+0000] {processor.py:208} INFO - Processing /home/airflow/.local/lib/python3.12/site-packages/airflow/example_dags/example_sla_dag.py took 1.129 seconds
[2025-02-05T13:55:41.545+0000] {processor.py:186} INFO - Started process (PID=154) to work on /home/airflow/.local/lib/python3.12/site-packages/airflow/example_dags/example_sla_dag.py
[2025-02-05T13:55:41.546+0000] {processor.py:914} INFO - Processing file /home/airflow/.local/lib/python3.12/site-packages/airflow/example_dags/example_sla_dag.py for tasks to queue
[2025-02-05T13:55:41.549+0000] {logging_mixin.py:190} INFO - [2025-02-05T13:55:41.548+0000] {dagbag.py:588} INFO - Filling up the DagBag from /home/airflow/.local/lib/python3.12/site-packages/airflow/example_dags/example_sla_dag.py
[2025-02-05T13:55:41.562+0000] {processor.py:925} INFO - DAG(s) 'example_sla_dag' retrieved from /home/airflow/.local/lib/python3.12/site-packages/airflow/example_dags/example_sla_dag.py
[2025-02-05T13:55:41.594+0000] {logging_mixin.py:190} INFO - [2025-02-05T13:55:41.594+0000] {dag.py:3239} INFO - Sync 1 DAGs
[2025-02-05T13:55:41.629+0000] {logging_mixin.py:190} INFO - [2025-02-05T13:55:41.629+0000] {dag.py:4180} INFO - Setting next_dagrun for example_sla_dag to 2025-02-05 13:52:00+00:00, run_after=2025-02-05 13:54:00+00:00
[2025-02-05T13:55:41.664+0000] {processor.py:208} INFO - Processing /home/airflow/.local/lib/python3.12/site-packages/airflow/example_dags/example_sla_dag.py took 0.135 seconds
[2025-02-05T13:56:12.600+0000] {processor.py:186} INFO - Started process (PID=217) to work on /home/airflow/.local/lib/python3.12/site-packages/airflow/example_dags/example_sla_dag.py
[2025-02-05T13:56:12.601+0000] {processor.py:914} INFO - Processing file /home/airflow/.local/lib/python3.12/site-packages/airflow/example_dags/example_sla_dag.py for tasks to queue
[2025-02-05T13:56:12.604+0000] {logging_mixin.py:190} INFO - [2025-02-05T13:56:12.604+0000] {dagbag.py:588} INFO - Filling up the DagBag from /home/airflow/.local/lib/python3.12/site-packages/airflow/example_dags/example_sla_dag.py
[2025-02-05T13:56:12.616+0000] {processor.py:925} INFO - DAG(s) 'example_sla_dag' retrieved from /home/airflow/.local/lib/python3.12/site-packages/airflow/example_dags/example_sla_dag.py
[2025-02-05T13:56:12.646+0000] {logging_mixin.py:190} INFO - [2025-02-05T13:56:12.646+0000] {dag.py:3239} INFO - Sync 1 DAGs
[2025-02-05T13:56:12.688+0000] {logging_mixin.py:190} INFO - [2025-02-05T13:56:12.688+0000] {dag.py:4180} INFO - Setting next_dagrun for example_sla_dag to 2025-02-05 13:54:00+00:00, run_after=2025-02-05 13:56:00+00:00
[2025-02-05T13:56:12.711+0000] {processor.py:208} INFO - Processing /home/airflow/.local/lib/python3.12/site-packages/airflow/example_dags/example_sla_dag.py took 0.117 seconds
[2025-02-05T13:56:43.011+0000] {processor.py:186} INFO - Started process (PID=279) to work on /home/airflow/.local/lib/python3.12/site-packages/airflow/example_dags/example_sla_dag.py
[2025-02-05T13:56:43.021+0000] {processor.py:914} INFO - Processing file /home/airflow/.local/lib/python3.12/site-packages/airflow/example_dags/example_sla_dag.py for tasks to queue
[2025-02-05T13:56:43.031+0000] {logging_mixin.py:190} INFO - [2025-02-05T13:56:43.031+0000] {dagbag.py:588} INFO - Filling up the DagBag from /home/airflow/.local/lib/python3.12/site-packages/airflow/example_dags/example_sla_dag.py
[2025-02-05T13:56:43.088+0000] {processor.py:925} INFO - DAG(s) 'example_sla_dag' retrieved from /home/airflow/.local/lib/python3.12/site-packages/airflow/example_dags/example_sla_dag.py
[2025-02-05T13:56:43.152+0000] {logging_mixin.py:190} INFO - [2025-02-05T13:56:43.152+0000] {dag.py:3239} INFO - Sync 1 DAGs
[2025-02-05T13:56:43.239+0000] {logging_mixin.py:190} INFO - [2025-02-05T13:56:43.235+0000] {dag.py:4180} INFO - Setting next_dagrun for example_sla_dag to 2025-02-05 13:54:00+00:00, run_after=2025-02-05 13:56:00+00:00
[2025-02-05T13:56:43.285+0000] {processor.py:208} INFO - Processing /home/airflow/.local/lib/python3.12/site-packages/airflow/example_dags/example_sla_dag.py took 0.312 seconds
[2025-02-05T13:57:13.903+0000] {processor.py:186} INFO - Started process (PID=343) to work on /home/airflow/.local/lib/python3.12/site-packages/airflow/example_dags/example_sla_dag.py
[2025-02-05T13:57:13.903+0000] {processor.py:914} INFO - Processing file /home/airflow/.local/lib/python3.12/site-packages/airflow/example_dags/example_sla_dag.py for tasks to queue
[2025-02-05T13:57:13.905+0000] {logging_mixin.py:190} INFO - [2025-02-05T13:57:13.905+0000] {dagbag.py:588} INFO - Filling up the DagBag from /home/airflow/.local/lib/python3.12/site-packages/airflow/example_dags/example_sla_dag.py
[2025-02-05T13:57:13.916+0000] {processor.py:925} INFO - DAG(s) 'example_sla_dag' retrieved from /home/airflow/.local/lib/python3.12/site-packages/airflow/example_dags/example_sla_dag.py
[2025-02-05T13:57:13.936+0000] {logging_mixin.py:190} INFO - [2025-02-05T13:57:13.936+0000] {dag.py:3239} INFO - Sync 1 DAGs
[2025-02-05T13:57:13.968+0000] {logging_mixin.py:190} INFO - [2025-02-05T13:57:13.967+0000] {dag.py:4180} INFO - Setting next_dagrun for example_sla_dag to 2025-02-05 13:54:00+00:00, run_after=2025-02-05 13:56:00+00:00
[2025-02-05T13:57:13.984+0000] {processor.py:208} INFO - Processing /home/airflow/.local/lib/python3.12/site-packages/airflow/example_dags/example_sla_dag.py took 0.087 seconds
[2025-02-05T13:57:44.242+0000] {processor.py:186} INFO - Started process (PID=406) to work on /home/airflow/.local/lib/python3.12/site-packages/airflow/example_dags/example_sla_dag.py
[2025-02-05T13:57:44.243+0000] {processor.py:914} INFO - Processing file /home/airflow/.local/lib/python3.12/site-packages/airflow/example_dags/example_sla_dag.py for tasks to queue
[2025-02-05T13:57:44.245+0000] {logging_mixin.py:190} INFO - [2025-02-05T13:57:44.244+0000] {dagbag.py:588} INFO - Filling up the DagBag from /home/airflow/.local/lib/python3.12/site-packages/airflow/example_dags/example_sla_dag.py
[2025-02-05T13:57:44.255+0000] {processor.py:925} INFO - DAG(s) 'example_sla_dag' retrieved from /home/airflow/.local/lib/python3.12/site-packages/airflow/example_dags/example_sla_dag.py
[2025-02-05T13:57:44.276+0000] {logging_mixin.py:190} INFO - [2025-02-05T13:57:44.276+0000] {dag.py:3239} INFO - Sync 1 DAGs
[2025-02-05T13:57:44.306+0000] {logging_mixin.py:190} INFO - [2025-02-05T13:57:44.305+0000] {dag.py:4180} INFO - Setting next_dagrun for example_sla_dag to 2025-02-05 13:54:00+00:00, run_after=2025-02-05 13:56:00+00:00
[2025-02-05T13:57:44.323+0000] {processor.py:208} INFO - Processing /home/airflow/.local/lib/python3.12/site-packages/airflow/example_dags/example_sla_dag.py took 0.087 seconds
