[2025-02-05T13:54:57.468+0000] {processor.py:186} INFO - Started process (PID=75) to work on /home/airflow/.local/lib/python3.12/site-packages/airflow/example_dags/example_setup_teardown.py
[2025-02-05T13:54:57.469+0000] {processor.py:914} INFO - Processing file /home/airflow/.local/lib/python3.12/site-packages/airflow/example_dags/example_setup_teardown.py for tasks to queue
[2025-02-05T13:54:57.472+0000] {logging_mixin.py:190} INFO - [2025-02-05T13:54:57.471+0000] {dagbag.py:588} INFO - Filling up the DagBag from /home/airflow/.local/lib/python3.12/site-packages/airflow/example_dags/example_setup_teardown.py
[2025-02-05T13:54:57.494+0000] {processor.py:925} INFO - DAG(s) 'example_setup_teardown' retrieved from /home/airflow/.local/lib/python3.12/site-packages/airflow/example_dags/example_setup_teardown.py
[2025-02-05T13:54:57.810+0000] {logging_mixin.py:190} INFO - [2025-02-05T13:54:57.810+0000] {override.py:1911} INFO - Created Permission View: can edit on DAG:example_setup_teardown
[2025-02-05T13:54:57.830+0000] {logging_mixin.py:190} INFO - [2025-02-05T13:54:57.830+0000] {override.py:1911} INFO - Created Permission View: can read on DAG:example_setup_teardown
[2025-02-05T13:54:57.836+0000] {logging_mixin.py:190} INFO - [2025-02-05T13:54:57.836+0000] {override.py:1911} INFO - Created Permission View: can delete on DAG:example_setup_teardown
[2025-02-05T13:54:57.851+0000] {logging_mixin.py:190} INFO - [2025-02-05T13:54:57.851+0000] {override.py:1911} INFO - Created Permission View: menu access on DAG Run:example_setup_teardown
[2025-02-05T13:54:57.959+0000] {logging_mixin.py:190} INFO - [2025-02-05T13:54:57.959+0000] {override.py:1911} INFO - Created Permission View: can read on DAG Run:example_setup_teardown
[2025-02-05T13:54:57.966+0000] {logging_mixin.py:190} INFO - [2025-02-05T13:54:57.966+0000] {override.py:1911} INFO - Created Permission View: can delete on DAG Run:example_setup_teardown
[2025-02-05T13:54:57.973+0000] {logging_mixin.py:190} INFO - [2025-02-05T13:54:57.973+0000] {override.py:1911} INFO - Created Permission View: can create on DAG Run:example_setup_teardown
[2025-02-05T13:54:57.974+0000] {logging_mixin.py:190} INFO - [2025-02-05T13:54:57.974+0000] {dag.py:3239} INFO - Sync 1 DAGs
[2025-02-05T13:54:57.996+0000] {logging_mixin.py:190} INFO - [2025-02-05T13:54:57.996+0000] {dag.py:3262} INFO - Creating ORM DAG for example_setup_teardown
[2025-02-05T13:54:57.997+0000] {logging_mixin.py:190} INFO - [2025-02-05T13:54:57.997+0000] {dag.py:4180} INFO - Setting next_dagrun for example_setup_teardown to None, run_after=None
[2025-02-05T13:54:58.017+0000] {processor.py:208} INFO - Processing /home/airflow/.local/lib/python3.12/site-packages/airflow/example_dags/example_setup_teardown.py took 0.578 seconds
[2025-02-05T13:55:28.175+0000] {processor.py:186} INFO - Started process (PID=138) to work on /home/airflow/.local/lib/python3.12/site-packages/airflow/example_dags/example_setup_teardown.py
[2025-02-05T13:55:28.185+0000] {processor.py:914} INFO - Processing file /home/airflow/.local/lib/python3.12/site-packages/airflow/example_dags/example_setup_teardown.py for tasks to queue
[2025-02-05T13:55:28.187+0000] {logging_mixin.py:190} INFO - [2025-02-05T13:55:28.187+0000] {dagbag.py:588} INFO - Filling up the DagBag from /home/airflow/.local/lib/python3.12/site-packages/airflow/example_dags/example_setup_teardown.py
[2025-02-05T13:55:28.201+0000] {processor.py:925} INFO - DAG(s) 'example_setup_teardown' retrieved from /home/airflow/.local/lib/python3.12/site-packages/airflow/example_dags/example_setup_teardown.py
[2025-02-05T13:55:28.273+0000] {logging_mixin.py:190} INFO - [2025-02-05T13:55:28.273+0000] {dag.py:3239} INFO - Sync 1 DAGs
[2025-02-05T13:55:28.318+0000] {logging_mixin.py:190} INFO - [2025-02-05T13:55:28.318+0000] {dag.py:4180} INFO - Setting next_dagrun for example_setup_teardown to None, run_after=None
[2025-02-05T13:55:28.357+0000] {processor.py:208} INFO - Processing /home/airflow/.local/lib/python3.12/site-packages/airflow/example_dags/example_setup_teardown.py took 0.193 seconds
[2025-02-05T13:56:29.858+0000] {processor.py:186} INFO - Started process (PID=264) to work on /home/airflow/.local/lib/python3.12/site-packages/airflow/example_dags/example_setup_teardown.py
[2025-02-05T13:56:29.858+0000] {processor.py:914} INFO - Processing file /home/airflow/.local/lib/python3.12/site-packages/airflow/example_dags/example_setup_teardown.py for tasks to queue
[2025-02-05T13:56:29.860+0000] {logging_mixin.py:190} INFO - [2025-02-05T13:56:29.860+0000] {dagbag.py:588} INFO - Filling up the DagBag from /home/airflow/.local/lib/python3.12/site-packages/airflow/example_dags/example_setup_teardown.py
[2025-02-05T13:56:29.866+0000] {processor.py:925} INFO - DAG(s) 'example_setup_teardown' retrieved from /home/airflow/.local/lib/python3.12/site-packages/airflow/example_dags/example_setup_teardown.py
[2025-02-05T13:56:29.882+0000] {logging_mixin.py:190} INFO - [2025-02-05T13:56:29.882+0000] {dag.py:3239} INFO - Sync 1 DAGs
[2025-02-05T13:56:29.893+0000] {logging_mixin.py:190} INFO - [2025-02-05T13:56:29.893+0000] {dag.py:4180} INFO - Setting next_dagrun for example_setup_teardown to None, run_after=None
[2025-02-05T13:56:29.906+0000] {processor.py:208} INFO - Processing /home/airflow/.local/lib/python3.12/site-packages/airflow/example_dags/example_setup_teardown.py took 0.052 seconds
[2025-02-05T13:56:59.986+0000] {processor.py:186} INFO - Started process (PID=328) to work on /home/airflow/.local/lib/python3.12/site-packages/airflow/example_dags/example_setup_teardown.py
[2025-02-05T13:56:59.986+0000] {processor.py:914} INFO - Processing file /home/airflow/.local/lib/python3.12/site-packages/airflow/example_dags/example_setup_teardown.py for tasks to queue
[2025-02-05T13:56:59.988+0000] {logging_mixin.py:190} INFO - [2025-02-05T13:56:59.988+0000] {dagbag.py:588} INFO - Filling up the DagBag from /home/airflow/.local/lib/python3.12/site-packages/airflow/example_dags/example_setup_teardown.py
[2025-02-05T13:56:59.995+0000] {processor.py:925} INFO - DAG(s) 'example_setup_teardown' retrieved from /home/airflow/.local/lib/python3.12/site-packages/airflow/example_dags/example_setup_teardown.py
[2025-02-05T13:57:00.010+0000] {logging_mixin.py:190} INFO - [2025-02-05T13:57:00.010+0000] {dag.py:3239} INFO - Sync 1 DAGs
[2025-02-05T13:57:00.020+0000] {logging_mixin.py:190} INFO - [2025-02-05T13:57:00.020+0000] {dag.py:4180} INFO - Setting next_dagrun for example_setup_teardown to None, run_after=None
[2025-02-05T13:57:00.033+0000] {processor.py:208} INFO - Processing /home/airflow/.local/lib/python3.12/site-packages/airflow/example_dags/example_setup_teardown.py took 0.052 seconds
[2025-02-05T13:57:30.832+0000] {processor.py:186} INFO - Started process (PID=390) to work on /home/airflow/.local/lib/python3.12/site-packages/airflow/example_dags/example_setup_teardown.py
[2025-02-05T13:57:30.832+0000] {processor.py:914} INFO - Processing file /home/airflow/.local/lib/python3.12/site-packages/airflow/example_dags/example_setup_teardown.py for tasks to queue
[2025-02-05T13:57:30.834+0000] {logging_mixin.py:190} INFO - [2025-02-05T13:57:30.834+0000] {dagbag.py:588} INFO - Filling up the DagBag from /home/airflow/.local/lib/python3.12/site-packages/airflow/example_dags/example_setup_teardown.py
[2025-02-05T13:57:30.842+0000] {processor.py:925} INFO - DAG(s) 'example_setup_teardown' retrieved from /home/airflow/.local/lib/python3.12/site-packages/airflow/example_dags/example_setup_teardown.py
[2025-02-05T13:57:30.863+0000] {logging_mixin.py:190} INFO - [2025-02-05T13:57:30.863+0000] {dag.py:3239} INFO - Sync 1 DAGs
[2025-02-05T13:57:30.879+0000] {logging_mixin.py:190} INFO - [2025-02-05T13:57:30.878+0000] {dag.py:4180} INFO - Setting next_dagrun for example_setup_teardown to None, run_after=None
[2025-02-05T13:57:30.895+0000] {processor.py:208} INFO - Processing /home/airflow/.local/lib/python3.12/site-packages/airflow/example_dags/example_setup_teardown.py took 0.069 seconds
