[2025-02-05T13:55:16.112+0000] {processor.py:186} INFO - Started process (PID=102) to work on /home/airflow/.local/lib/python3.12/site-packages/airflow/example_dags/example_dataset_alias_with_no_taskflow.py
[2025-02-05T13:55:16.112+0000] {processor.py:914} INFO - Processing file /home/airflow/.local/lib/python3.12/site-packages/airflow/example_dags/example_dataset_alias_with_no_taskflow.py for tasks to queue
[2025-02-05T13:55:16.115+0000] {logging_mixin.py:190} INFO - [2025-02-05T13:55:16.115+0000] {dagbag.py:588} INFO - Filling up the DagBag from /home/airflow/.local/lib/python3.12/site-packages/airflow/example_dags/example_dataset_alias_with_no_taskflow.py
[2025-02-05T13:55:18.784+0000] {processor.py:925} INFO - DAG(s) 'dataset_s3_bucket_producer_with_no_taskflow', 'dataset_alias_example_alias_producer_with_no_taskflow', 'dataset_s3_bucket_consumer_with_no_taskflow', 'dataset_alias_example_alias_consumer_with_no_taskflow' retrieved from /home/airflow/.local/lib/python3.12/site-packages/airflow/example_dags/example_dataset_alias_with_no_taskflow.py
[2025-02-05T13:55:19.194+0000] {logging_mixin.py:190} INFO - [2025-02-05T13:55:19.194+0000] {override.py:1911} INFO - Created Permission View: can edit on DAG:dataset_s3_bucket_producer_with_no_taskflow
[2025-02-05T13:55:19.229+0000] {logging_mixin.py:190} INFO - [2025-02-05T13:55:19.229+0000] {override.py:1911} INFO - Created Permission View: can read on DAG:dataset_s3_bucket_producer_with_no_taskflow
[2025-02-05T13:55:19.322+0000] {logging_mixin.py:190} INFO - [2025-02-05T13:55:19.321+0000] {override.py:1911} INFO - Created Permission View: can delete on DAG:dataset_s3_bucket_producer_with_no_taskflow
[2025-02-05T13:55:19.350+0000] {logging_mixin.py:190} INFO - [2025-02-05T13:55:19.349+0000] {override.py:1911} INFO - Created Permission View: menu access on DAG Run:dataset_s3_bucket_producer_with_no_taskflow
[2025-02-05T13:55:19.385+0000] {logging_mixin.py:190} INFO - [2025-02-05T13:55:19.384+0000] {override.py:1911} INFO - Created Permission View: can read on DAG Run:dataset_s3_bucket_producer_with_no_taskflow
[2025-02-05T13:55:19.414+0000] {logging_mixin.py:190} INFO - [2025-02-05T13:55:19.414+0000] {override.py:1911} INFO - Created Permission View: can delete on DAG Run:dataset_s3_bucket_producer_with_no_taskflow
[2025-02-05T13:55:19.437+0000] {logging_mixin.py:190} INFO - [2025-02-05T13:55:19.437+0000] {override.py:1911} INFO - Created Permission View: can create on DAG Run:dataset_s3_bucket_producer_with_no_taskflow
[2025-02-05T13:55:19.504+0000] {logging_mixin.py:190} INFO - [2025-02-05T13:55:19.504+0000] {override.py:1911} INFO - Created Permission View: can edit on DAG:dataset_alias_example_alias_producer_with_no_taskflow
[2025-02-05T13:55:19.533+0000] {logging_mixin.py:190} INFO - [2025-02-05T13:55:19.532+0000] {override.py:1911} INFO - Created Permission View: can read on DAG:dataset_alias_example_alias_producer_with_no_taskflow
[2025-02-05T13:55:19.554+0000] {logging_mixin.py:190} INFO - [2025-02-05T13:55:19.553+0000] {override.py:1911} INFO - Created Permission View: can delete on DAG:dataset_alias_example_alias_producer_with_no_taskflow
[2025-02-05T13:55:19.590+0000] {logging_mixin.py:190} INFO - [2025-02-05T13:55:19.590+0000] {override.py:1911} INFO - Created Permission View: menu access on DAG Run:dataset_alias_example_alias_producer_with_no_taskflow
[2025-02-05T13:55:19.604+0000] {logging_mixin.py:190} INFO - [2025-02-05T13:55:19.604+0000] {override.py:1911} INFO - Created Permission View: can read on DAG Run:dataset_alias_example_alias_producer_with_no_taskflow
[2025-02-05T13:55:19.624+0000] {logging_mixin.py:190} INFO - [2025-02-05T13:55:19.623+0000] {override.py:1911} INFO - Created Permission View: can delete on DAG Run:dataset_alias_example_alias_producer_with_no_taskflow
[2025-02-05T13:55:19.644+0000] {logging_mixin.py:190} INFO - [2025-02-05T13:55:19.643+0000] {override.py:1911} INFO - Created Permission View: can create on DAG Run:dataset_alias_example_alias_producer_with_no_taskflow
[2025-02-05T13:55:19.669+0000] {logging_mixin.py:190} INFO - [2025-02-05T13:55:19.669+0000] {override.py:1911} INFO - Created Permission View: can edit on DAG:dataset_s3_bucket_consumer_with_no_taskflow
[2025-02-05T13:55:19.679+0000] {logging_mixin.py:190} INFO - [2025-02-05T13:55:19.679+0000] {override.py:1911} INFO - Created Permission View: can read on DAG:dataset_s3_bucket_consumer_with_no_taskflow
[2025-02-05T13:55:19.702+0000] {logging_mixin.py:190} INFO - [2025-02-05T13:55:19.702+0000] {override.py:1911} INFO - Created Permission View: can delete on DAG:dataset_s3_bucket_consumer_with_no_taskflow
[2025-02-05T13:55:19.714+0000] {logging_mixin.py:190} INFO - [2025-02-05T13:55:19.714+0000] {override.py:1911} INFO - Created Permission View: menu access on DAG Run:dataset_s3_bucket_consumer_with_no_taskflow
[2025-02-05T13:55:19.721+0000] {logging_mixin.py:190} INFO - [2025-02-05T13:55:19.721+0000] {override.py:1911} INFO - Created Permission View: can read on DAG Run:dataset_s3_bucket_consumer_with_no_taskflow
[2025-02-05T13:55:19.727+0000] {logging_mixin.py:190} INFO - [2025-02-05T13:55:19.727+0000] {override.py:1911} INFO - Created Permission View: can delete on DAG Run:dataset_s3_bucket_consumer_with_no_taskflow
[2025-02-05T13:55:19.735+0000] {logging_mixin.py:190} INFO - [2025-02-05T13:55:19.735+0000] {override.py:1911} INFO - Created Permission View: can create on DAG Run:dataset_s3_bucket_consumer_with_no_taskflow
[2025-02-05T13:55:19.747+0000] {logging_mixin.py:190} INFO - [2025-02-05T13:55:19.746+0000] {override.py:1911} INFO - Created Permission View: can edit on DAG:dataset_alias_example_alias_consumer_with_no_taskflow
[2025-02-05T13:55:19.753+0000] {logging_mixin.py:190} INFO - [2025-02-05T13:55:19.752+0000] {override.py:1911} INFO - Created Permission View: can read on DAG:dataset_alias_example_alias_consumer_with_no_taskflow
[2025-02-05T13:55:19.759+0000] {logging_mixin.py:190} INFO - [2025-02-05T13:55:19.759+0000] {override.py:1911} INFO - Created Permission View: can delete on DAG:dataset_alias_example_alias_consumer_with_no_taskflow
[2025-02-05T13:55:19.765+0000] {logging_mixin.py:190} INFO - [2025-02-05T13:55:19.764+0000] {override.py:1911} INFO - Created Permission View: menu access on DAG Run:dataset_alias_example_alias_consumer_with_no_taskflow
[2025-02-05T13:55:19.771+0000] {logging_mixin.py:190} INFO - [2025-02-05T13:55:19.771+0000] {override.py:1911} INFO - Created Permission View: can read on DAG Run:dataset_alias_example_alias_consumer_with_no_taskflow
[2025-02-05T13:55:19.777+0000] {logging_mixin.py:190} INFO - [2025-02-05T13:55:19.777+0000] {override.py:1911} INFO - Created Permission View: can delete on DAG Run:dataset_alias_example_alias_consumer_with_no_taskflow
[2025-02-05T13:55:19.783+0000] {logging_mixin.py:190} INFO - [2025-02-05T13:55:19.783+0000] {override.py:1911} INFO - Created Permission View: can create on DAG Run:dataset_alias_example_alias_consumer_with_no_taskflow
[2025-02-05T13:55:19.784+0000] {logging_mixin.py:190} INFO - [2025-02-05T13:55:19.784+0000] {dag.py:3239} INFO - Sync 4 DAGs
[2025-02-05T13:55:19.801+0000] {logging_mixin.py:190} INFO - [2025-02-05T13:55:19.800+0000] {dag.py:3262} INFO - Creating ORM DAG for dataset_s3_bucket_producer_with_no_taskflow
[2025-02-05T13:55:19.802+0000] {logging_mixin.py:190} INFO - [2025-02-05T13:55:19.801+0000] {dag.py:3262} INFO - Creating ORM DAG for dataset_s3_bucket_consumer_with_no_taskflow
[2025-02-05T13:55:19.802+0000] {logging_mixin.py:190} INFO - [2025-02-05T13:55:19.802+0000] {dag.py:3262} INFO - Creating ORM DAG for dataset_alias_example_alias_producer_with_no_taskflow
[2025-02-05T13:55:19.803+0000] {logging_mixin.py:190} INFO - [2025-02-05T13:55:19.803+0000] {dag.py:3262} INFO - Creating ORM DAG for dataset_alias_example_alias_consumer_with_no_taskflow
[2025-02-05T13:55:19.814+0000] {logging_mixin.py:190} INFO - [2025-02-05T13:55:19.814+0000] {dag.py:4180} INFO - Setting next_dagrun for dataset_alias_example_alias_consumer_with_no_taskflow to None, run_after=None
[2025-02-05T13:55:19.815+0000] {logging_mixin.py:190} INFO - [2025-02-05T13:55:19.814+0000] {dag.py:4180} INFO - Setting next_dagrun for dataset_alias_example_alias_producer_with_no_taskflow to None, run_after=None
[2025-02-05T13:55:19.815+0000] {logging_mixin.py:190} INFO - [2025-02-05T13:55:19.815+0000] {dag.py:4180} INFO - Setting next_dagrun for dataset_s3_bucket_consumer_with_no_taskflow to None, run_after=None
[2025-02-05T13:55:19.816+0000] {logging_mixin.py:190} INFO - [2025-02-05T13:55:19.816+0000] {dag.py:4180} INFO - Setting next_dagrun for dataset_s3_bucket_producer_with_no_taskflow to None, run_after=None
[2025-02-05T13:55:19.847+0000] {processor.py:208} INFO - Processing /home/airflow/.local/lib/python3.12/site-packages/airflow/example_dags/example_dataset_alias_with_no_taskflow.py took 3.768 seconds
[2025-02-05T13:56:22.088+0000] {processor.py:186} INFO - Started process (PID=236) to work on /home/airflow/.local/lib/python3.12/site-packages/airflow/example_dags/example_dataset_alias_with_no_taskflow.py
[2025-02-05T13:56:22.094+0000] {processor.py:914} INFO - Processing file /home/airflow/.local/lib/python3.12/site-packages/airflow/example_dags/example_dataset_alias_with_no_taskflow.py for tasks to queue
[2025-02-05T13:56:22.097+0000] {logging_mixin.py:190} INFO - [2025-02-05T13:56:22.096+0000] {dagbag.py:588} INFO - Filling up the DagBag from /home/airflow/.local/lib/python3.12/site-packages/airflow/example_dags/example_dataset_alias_with_no_taskflow.py
[2025-02-05T13:56:22.877+0000] {processor.py:925} INFO - DAG(s) 'dataset_alias_example_alias_producer_with_no_taskflow', 'dataset_s3_bucket_consumer_with_no_taskflow', 'dataset_s3_bucket_producer_with_no_taskflow', 'dataset_alias_example_alias_consumer_with_no_taskflow' retrieved from /home/airflow/.local/lib/python3.12/site-packages/airflow/example_dags/example_dataset_alias_with_no_taskflow.py
[2025-02-05T13:56:22.898+0000] {logging_mixin.py:190} INFO - [2025-02-05T13:56:22.897+0000] {dag.py:3239} INFO - Sync 4 DAGs
[2025-02-05T13:56:22.915+0000] {logging_mixin.py:190} INFO - [2025-02-05T13:56:22.915+0000] {dag.py:4180} INFO - Setting next_dagrun for dataset_alias_example_alias_consumer_with_no_taskflow to None, run_after=None
[2025-02-05T13:56:22.917+0000] {logging_mixin.py:190} INFO - [2025-02-05T13:56:22.917+0000] {dag.py:4180} INFO - Setting next_dagrun for dataset_alias_example_alias_producer_with_no_taskflow to None, run_after=None
[2025-02-05T13:56:22.918+0000] {logging_mixin.py:190} INFO - [2025-02-05T13:56:22.918+0000] {dag.py:4180} INFO - Setting next_dagrun for dataset_s3_bucket_consumer_with_no_taskflow to None, run_after=None
[2025-02-05T13:56:22.919+0000] {logging_mixin.py:190} INFO - [2025-02-05T13:56:22.919+0000] {dag.py:4180} INFO - Setting next_dagrun for dataset_s3_bucket_producer_with_no_taskflow to None, run_after=None
[2025-02-05T13:56:22.934+0000] {processor.py:208} INFO - Processing /home/airflow/.local/lib/python3.12/site-packages/airflow/example_dags/example_dataset_alias_with_no_taskflow.py took 0.870 seconds
[2025-02-05T13:56:53.202+0000] {processor.py:186} INFO - Started process (PID=300) to work on /home/airflow/.local/lib/python3.12/site-packages/airflow/example_dags/example_dataset_alias_with_no_taskflow.py
[2025-02-05T13:56:53.203+0000] {processor.py:914} INFO - Processing file /home/airflow/.local/lib/python3.12/site-packages/airflow/example_dags/example_dataset_alias_with_no_taskflow.py for tasks to queue
[2025-02-05T13:56:53.205+0000] {logging_mixin.py:190} INFO - [2025-02-05T13:56:53.205+0000] {dagbag.py:588} INFO - Filling up the DagBag from /home/airflow/.local/lib/python3.12/site-packages/airflow/example_dags/example_dataset_alias_with_no_taskflow.py
[2025-02-05T13:56:53.746+0000] {processor.py:925} INFO - DAG(s) 'dataset_alias_example_alias_consumer_with_no_taskflow', 'dataset_s3_bucket_producer_with_no_taskflow', 'dataset_alias_example_alias_producer_with_no_taskflow', 'dataset_s3_bucket_consumer_with_no_taskflow' retrieved from /home/airflow/.local/lib/python3.12/site-packages/airflow/example_dags/example_dataset_alias_with_no_taskflow.py
[2025-02-05T13:56:53.762+0000] {logging_mixin.py:190} INFO - [2025-02-05T13:56:53.761+0000] {dag.py:3239} INFO - Sync 4 DAGs
[2025-02-05T13:56:53.779+0000] {logging_mixin.py:190} INFO - [2025-02-05T13:56:53.779+0000] {dag.py:4180} INFO - Setting next_dagrun for dataset_alias_example_alias_consumer_with_no_taskflow to None, run_after=None
[2025-02-05T13:56:53.781+0000] {logging_mixin.py:190} INFO - [2025-02-05T13:56:53.781+0000] {dag.py:4180} INFO - Setting next_dagrun for dataset_alias_example_alias_producer_with_no_taskflow to None, run_after=None
[2025-02-05T13:56:53.782+0000] {logging_mixin.py:190} INFO - [2025-02-05T13:56:53.782+0000] {dag.py:4180} INFO - Setting next_dagrun for dataset_s3_bucket_consumer_with_no_taskflow to None, run_after=None
[2025-02-05T13:56:53.783+0000] {logging_mixin.py:190} INFO - [2025-02-05T13:56:53.783+0000] {dag.py:4180} INFO - Setting next_dagrun for dataset_s3_bucket_producer_with_no_taskflow to None, run_after=None
[2025-02-05T13:56:53.798+0000] {processor.py:208} INFO - Processing /home/airflow/.local/lib/python3.12/site-packages/airflow/example_dags/example_dataset_alias_with_no_taskflow.py took 0.602 seconds
[2025-02-05T13:57:24.519+0000] {processor.py:186} INFO - Started process (PID=364) to work on /home/airflow/.local/lib/python3.12/site-packages/airflow/example_dags/example_dataset_alias_with_no_taskflow.py
[2025-02-05T13:57:24.519+0000] {processor.py:914} INFO - Processing file /home/airflow/.local/lib/python3.12/site-packages/airflow/example_dags/example_dataset_alias_with_no_taskflow.py for tasks to queue
[2025-02-05T13:57:24.522+0000] {logging_mixin.py:190} INFO - [2025-02-05T13:57:24.521+0000] {dagbag.py:588} INFO - Filling up the DagBag from /home/airflow/.local/lib/python3.12/site-packages/airflow/example_dags/example_dataset_alias_with_no_taskflow.py
[2025-02-05T13:57:25.197+0000] {processor.py:925} INFO - DAG(s) 'dataset_s3_bucket_consumer_with_no_taskflow', 'dataset_alias_example_alias_producer_with_no_taskflow', 'dataset_alias_example_alias_consumer_with_no_taskflow', 'dataset_s3_bucket_producer_with_no_taskflow' retrieved from /home/airflow/.local/lib/python3.12/site-packages/airflow/example_dags/example_dataset_alias_with_no_taskflow.py
[2025-02-05T13:57:25.217+0000] {logging_mixin.py:190} INFO - [2025-02-05T13:57:25.217+0000] {dag.py:3239} INFO - Sync 4 DAGs
[2025-02-05T13:57:25.241+0000] {logging_mixin.py:190} INFO - [2025-02-05T13:57:25.240+0000] {dag.py:4180} INFO - Setting next_dagrun for dataset_alias_example_alias_consumer_with_no_taskflow to None, run_after=None
[2025-02-05T13:57:25.243+0000] {logging_mixin.py:190} INFO - [2025-02-05T13:57:25.242+0000] {dag.py:4180} INFO - Setting next_dagrun for dataset_alias_example_alias_producer_with_no_taskflow to None, run_after=None
[2025-02-05T13:57:25.244+0000] {logging_mixin.py:190} INFO - [2025-02-05T13:57:25.243+0000] {dag.py:4180} INFO - Setting next_dagrun for dataset_s3_bucket_consumer_with_no_taskflow to None, run_after=None
[2025-02-05T13:57:25.245+0000] {logging_mixin.py:190} INFO - [2025-02-05T13:57:25.244+0000] {dag.py:4180} INFO - Setting next_dagrun for dataset_s3_bucket_producer_with_no_taskflow to None, run_after=None
[2025-02-05T13:57:25.259+0000] {processor.py:208} INFO - Processing /home/airflow/.local/lib/python3.12/site-packages/airflow/example_dags/example_dataset_alias_with_no_taskflow.py took 0.746 seconds
[2025-02-05T13:57:55.850+0000] {processor.py:186} INFO - Started process (PID=430) to work on /home/airflow/.local/lib/python3.12/site-packages/airflow/example_dags/example_dataset_alias_with_no_taskflow.py
[2025-02-05T13:57:55.856+0000] {processor.py:914} INFO - Processing file /home/airflow/.local/lib/python3.12/site-packages/airflow/example_dags/example_dataset_alias_with_no_taskflow.py for tasks to queue
[2025-02-05T13:57:55.869+0000] {logging_mixin.py:190} INFO - [2025-02-05T13:57:55.868+0000] {dagbag.py:588} INFO - Filling up the DagBag from /home/airflow/.local/lib/python3.12/site-packages/airflow/example_dags/example_dataset_alias_with_no_taskflow.py
