[2025-02-05T13:55:25.121+0000] {processor.py:186} INFO - Started process (PID=125) to work on /home/airflow/.local/lib/python3.12/site-packages/airflow/example_dags/example_outlet_event_extra.py
[2025-02-05T13:55:25.122+0000] {processor.py:914} INFO - Processing file /home/airflow/.local/lib/python3.12/site-packages/airflow/example_dags/example_outlet_event_extra.py for tasks to queue
[2025-02-05T13:55:25.124+0000] {logging_mixin.py:190} INFO - [2025-02-05T13:55:25.124+0000] {dagbag.py:588} INFO - Filling up the DagBag from /home/airflow/.local/lib/python3.12/site-packages/airflow/example_dags/example_outlet_event_extra.py
[2025-02-05T13:55:26.179+0000] {processor.py:925} INFO - DAG(s) 'dataset_with_extra_by_yield', 'dataset_with_extra_from_classic_operator', 'dataset_with_extra_by_context' retrieved from /home/airflow/.local/lib/python3.12/site-packages/airflow/example_dags/example_outlet_event_extra.py
[2025-02-05T13:55:26.342+0000] {logging_mixin.py:190} INFO - [2025-02-05T13:55:26.336+0000] {override.py:1911} INFO - Created Permission View: can edit on DAG:dataset_with_extra_by_yield
[2025-02-05T13:55:26.379+0000] {logging_mixin.py:190} INFO - [2025-02-05T13:55:26.378+0000] {override.py:1911} INFO - Created Permission View: can read on DAG:dataset_with_extra_by_yield
[2025-02-05T13:55:26.394+0000] {logging_mixin.py:190} INFO - [2025-02-05T13:55:26.394+0000] {override.py:1911} INFO - Created Permission View: can delete on DAG:dataset_with_extra_by_yield
[2025-02-05T13:55:26.412+0000] {logging_mixin.py:190} INFO - [2025-02-05T13:55:26.411+0000] {override.py:1911} INFO - Created Permission View: menu access on DAG Run:dataset_with_extra_by_yield
[2025-02-05T13:55:26.437+0000] {logging_mixin.py:190} INFO - [2025-02-05T13:55:26.437+0000] {override.py:1911} INFO - Created Permission View: can read on DAG Run:dataset_with_extra_by_yield
[2025-02-05T13:55:26.454+0000] {logging_mixin.py:190} INFO - [2025-02-05T13:55:26.453+0000] {override.py:1911} INFO - Created Permission View: can delete on DAG Run:dataset_with_extra_by_yield
[2025-02-05T13:55:26.477+0000] {logging_mixin.py:190} INFO - [2025-02-05T13:55:26.477+0000] {override.py:1911} INFO - Created Permission View: can create on DAG Run:dataset_with_extra_by_yield
[2025-02-05T13:55:26.570+0000] {logging_mixin.py:190} INFO - [2025-02-05T13:55:26.570+0000] {override.py:1911} INFO - Created Permission View: can edit on DAG:dataset_with_extra_from_classic_operator
[2025-02-05T13:55:26.592+0000] {logging_mixin.py:190} INFO - [2025-02-05T13:55:26.590+0000] {override.py:1911} INFO - Created Permission View: can read on DAG:dataset_with_extra_from_classic_operator
[2025-02-05T13:55:26.628+0000] {logging_mixin.py:190} INFO - [2025-02-05T13:55:26.627+0000] {override.py:1911} INFO - Created Permission View: can delete on DAG:dataset_with_extra_from_classic_operator
[2025-02-05T13:55:26.654+0000] {logging_mixin.py:190} INFO - [2025-02-05T13:55:26.654+0000] {override.py:1911} INFO - Created Permission View: menu access on DAG Run:dataset_with_extra_from_classic_operator
[2025-02-05T13:55:26.672+0000] {logging_mixin.py:190} INFO - [2025-02-05T13:55:26.672+0000] {override.py:1911} INFO - Created Permission View: can read on DAG Run:dataset_with_extra_from_classic_operator
[2025-02-05T13:55:26.683+0000] {logging_mixin.py:190} INFO - [2025-02-05T13:55:26.683+0000] {override.py:1911} INFO - Created Permission View: can delete on DAG Run:dataset_with_extra_from_classic_operator
[2025-02-05T13:55:26.699+0000] {logging_mixin.py:190} INFO - [2025-02-05T13:55:26.699+0000] {override.py:1911} INFO - Created Permission View: can create on DAG Run:dataset_with_extra_from_classic_operator
[2025-02-05T13:55:26.734+0000] {logging_mixin.py:190} INFO - [2025-02-05T13:55:26.734+0000] {override.py:1911} INFO - Created Permission View: can edit on DAG:dataset_with_extra_by_context
[2025-02-05T13:55:26.752+0000] {logging_mixin.py:190} INFO - [2025-02-05T13:55:26.752+0000] {override.py:1911} INFO - Created Permission View: can read on DAG:dataset_with_extra_by_context
[2025-02-05T13:55:26.757+0000] {logging_mixin.py:190} INFO - [2025-02-05T13:55:26.757+0000] {override.py:1911} INFO - Created Permission View: can delete on DAG:dataset_with_extra_by_context
[2025-02-05T13:55:26.768+0000] {logging_mixin.py:190} INFO - [2025-02-05T13:55:26.767+0000] {override.py:1911} INFO - Created Permission View: menu access on DAG Run:dataset_with_extra_by_context
[2025-02-05T13:55:26.788+0000] {logging_mixin.py:190} INFO - [2025-02-05T13:55:26.787+0000] {override.py:1911} INFO - Created Permission View: can read on DAG Run:dataset_with_extra_by_context
[2025-02-05T13:55:26.800+0000] {logging_mixin.py:190} INFO - [2025-02-05T13:55:26.799+0000] {override.py:1911} INFO - Created Permission View: can delete on DAG Run:dataset_with_extra_by_context
[2025-02-05T13:55:26.814+0000] {logging_mixin.py:190} INFO - [2025-02-05T13:55:26.813+0000] {override.py:1911} INFO - Created Permission View: can create on DAG Run:dataset_with_extra_by_context
[2025-02-05T13:55:26.814+0000] {logging_mixin.py:190} INFO - [2025-02-05T13:55:26.814+0000] {dag.py:3239} INFO - Sync 3 DAGs
[2025-02-05T13:55:26.849+0000] {logging_mixin.py:190} INFO - [2025-02-05T13:55:26.842+0000] {dag.py:3262} INFO - Creating ORM DAG for dataset_with_extra_from_classic_operator
[2025-02-05T13:55:26.851+0000] {logging_mixin.py:190} INFO - [2025-02-05T13:55:26.851+0000] {dag.py:3262} INFO - Creating ORM DAG for dataset_with_extra_by_yield
[2025-02-05T13:55:26.852+0000] {logging_mixin.py:190} INFO - [2025-02-05T13:55:26.852+0000] {dag.py:3262} INFO - Creating ORM DAG for dataset_with_extra_by_context
[2025-02-05T13:55:26.878+0000] {logging_mixin.py:190} INFO - [2025-02-05T13:55:26.877+0000] {dag.py:4180} INFO - Setting next_dagrun for dataset_with_extra_by_context to 2025-02-04 00:00:00+00:00, run_after=2025-02-05 00:00:00+00:00
[2025-02-05T13:55:26.880+0000] {logging_mixin.py:190} INFO - [2025-02-05T13:55:26.880+0000] {dag.py:4180} INFO - Setting next_dagrun for dataset_with_extra_by_yield to 2025-02-04 00:00:00+00:00, run_after=2025-02-05 00:00:00+00:00
[2025-02-05T13:55:26.889+0000] {logging_mixin.py:190} INFO - [2025-02-05T13:55:26.889+0000] {dag.py:4180} INFO - Setting next_dagrun for dataset_with_extra_from_classic_operator to 2025-02-04 00:00:00+00:00, run_after=2025-02-05 00:00:00+00:00
[2025-02-05T13:55:26.952+0000] {processor.py:208} INFO - Processing /home/airflow/.local/lib/python3.12/site-packages/airflow/example_dags/example_outlet_event_extra.py took 1.838 seconds
[2025-02-05T13:56:27.633+0000] {processor.py:186} INFO - Started process (PID=252) to work on /home/airflow/.local/lib/python3.12/site-packages/airflow/example_dags/example_outlet_event_extra.py
[2025-02-05T13:56:27.634+0000] {processor.py:914} INFO - Processing file /home/airflow/.local/lib/python3.12/site-packages/airflow/example_dags/example_outlet_event_extra.py for tasks to queue
[2025-02-05T13:56:27.636+0000] {logging_mixin.py:190} INFO - [2025-02-05T13:56:27.635+0000] {dagbag.py:588} INFO - Filling up the DagBag from /home/airflow/.local/lib/python3.12/site-packages/airflow/example_dags/example_outlet_event_extra.py
[2025-02-05T13:56:28.623+0000] {processor.py:925} INFO - DAG(s) 'dataset_with_extra_by_context', 'dataset_with_extra_from_classic_operator', 'dataset_with_extra_by_yield' retrieved from /home/airflow/.local/lib/python3.12/site-packages/airflow/example_dags/example_outlet_event_extra.py
[2025-02-05T13:56:28.675+0000] {logging_mixin.py:190} INFO - [2025-02-05T13:56:28.675+0000] {dag.py:3239} INFO - Sync 3 DAGs
[2025-02-05T13:56:28.705+0000] {logging_mixin.py:190} INFO - [2025-02-05T13:56:28.704+0000] {dag.py:4180} INFO - Setting next_dagrun for dataset_with_extra_by_context to 2025-02-04 00:00:00+00:00, run_after=2025-02-05 00:00:00+00:00
[2025-02-05T13:56:28.711+0000] {logging_mixin.py:190} INFO - [2025-02-05T13:56:28.710+0000] {dag.py:4180} INFO - Setting next_dagrun for dataset_with_extra_by_yield to 2025-02-04 00:00:00+00:00, run_after=2025-02-05 00:00:00+00:00
[2025-02-05T13:56:28.713+0000] {logging_mixin.py:190} INFO - [2025-02-05T13:56:28.713+0000] {dag.py:4180} INFO - Setting next_dagrun for dataset_with_extra_from_classic_operator to 2025-02-04 00:00:00+00:00, run_after=2025-02-05 00:00:00+00:00
[2025-02-05T13:56:28.727+0000] {processor.py:208} INFO - Processing /home/airflow/.local/lib/python3.12/site-packages/airflow/example_dags/example_outlet_event_extra.py took 1.099 seconds
[2025-02-05T13:56:59.279+0000] {processor.py:186} INFO - Started process (PID=324) to work on /home/airflow/.local/lib/python3.12/site-packages/airflow/example_dags/example_outlet_event_extra.py
[2025-02-05T13:56:59.279+0000] {processor.py:914} INFO - Processing file /home/airflow/.local/lib/python3.12/site-packages/airflow/example_dags/example_outlet_event_extra.py for tasks to queue
[2025-02-05T13:56:59.282+0000] {logging_mixin.py:190} INFO - [2025-02-05T13:56:59.281+0000] {dagbag.py:588} INFO - Filling up the DagBag from /home/airflow/.local/lib/python3.12/site-packages/airflow/example_dags/example_outlet_event_extra.py
[2025-02-05T13:56:59.779+0000] {processor.py:925} INFO - DAG(s) 'dataset_with_extra_by_yield', 'dataset_with_extra_by_context', 'dataset_with_extra_from_classic_operator' retrieved from /home/airflow/.local/lib/python3.12/site-packages/airflow/example_dags/example_outlet_event_extra.py
[2025-02-05T13:56:59.799+0000] {logging_mixin.py:190} INFO - [2025-02-05T13:56:59.798+0000] {dag.py:3239} INFO - Sync 3 DAGs
[2025-02-05T13:56:59.818+0000] {logging_mixin.py:190} INFO - [2025-02-05T13:56:59.817+0000] {dag.py:4180} INFO - Setting next_dagrun for dataset_with_extra_by_context to 2025-02-04 00:00:00+00:00, run_after=2025-02-05 00:00:00+00:00
[2025-02-05T13:56:59.822+0000] {logging_mixin.py:190} INFO - [2025-02-05T13:56:59.821+0000] {dag.py:4180} INFO - Setting next_dagrun for dataset_with_extra_by_yield to 2025-02-04 00:00:00+00:00, run_after=2025-02-05 00:00:00+00:00
[2025-02-05T13:56:59.824+0000] {logging_mixin.py:190} INFO - [2025-02-05T13:56:59.823+0000] {dag.py:4180} INFO - Setting next_dagrun for dataset_with_extra_from_classic_operator to 2025-02-04 00:00:00+00:00, run_after=2025-02-05 00:00:00+00:00
[2025-02-05T13:56:59.838+0000] {processor.py:208} INFO - Processing /home/airflow/.local/lib/python3.12/site-packages/airflow/example_dags/example_outlet_event_extra.py took 0.565 seconds
[2025-02-05T13:57:30.852+0000] {processor.py:186} INFO - Started process (PID=391) to work on /home/airflow/.local/lib/python3.12/site-packages/airflow/example_dags/example_outlet_event_extra.py
[2025-02-05T13:57:30.852+0000] {processor.py:914} INFO - Processing file /home/airflow/.local/lib/python3.12/site-packages/airflow/example_dags/example_outlet_event_extra.py for tasks to queue
[2025-02-05T13:57:30.855+0000] {logging_mixin.py:190} INFO - [2025-02-05T13:57:30.854+0000] {dagbag.py:588} INFO - Filling up the DagBag from /home/airflow/.local/lib/python3.12/site-packages/airflow/example_dags/example_outlet_event_extra.py
[2025-02-05T13:57:31.414+0000] {processor.py:925} INFO - DAG(s) 'dataset_with_extra_by_context', 'dataset_with_extra_from_classic_operator', 'dataset_with_extra_by_yield' retrieved from /home/airflow/.local/lib/python3.12/site-packages/airflow/example_dags/example_outlet_event_extra.py
[2025-02-05T13:57:31.433+0000] {logging_mixin.py:190} INFO - [2025-02-05T13:57:31.433+0000] {dag.py:3239} INFO - Sync 3 DAGs
[2025-02-05T13:57:31.452+0000] {logging_mixin.py:190} INFO - [2025-02-05T13:57:31.452+0000] {dag.py:4180} INFO - Setting next_dagrun for dataset_with_extra_by_context to 2025-02-04 00:00:00+00:00, run_after=2025-02-05 00:00:00+00:00
[2025-02-05T13:57:31.456+0000] {logging_mixin.py:190} INFO - [2025-02-05T13:57:31.456+0000] {dag.py:4180} INFO - Setting next_dagrun for dataset_with_extra_by_yield to 2025-02-04 00:00:00+00:00, run_after=2025-02-05 00:00:00+00:00
[2025-02-05T13:57:31.458+0000] {logging_mixin.py:190} INFO - [2025-02-05T13:57:31.458+0000] {dag.py:4180} INFO - Setting next_dagrun for dataset_with_extra_from_classic_operator to 2025-02-04 00:00:00+00:00, run_after=2025-02-05 00:00:00+00:00
[2025-02-05T13:57:31.472+0000] {processor.py:208} INFO - Processing /home/airflow/.local/lib/python3.12/site-packages/airflow/example_dags/example_outlet_event_extra.py took 0.626 seconds
