[2025-02-05T13:55:07.347+0000] {processor.py:186} INFO - Started process (PID=88) to work on /home/airflow/.local/lib/python3.12/site-packages/airflow/example_dags/example_setup_teardown_taskflow.py
[2025-02-05T13:55:07.355+0000] {processor.py:914} INFO - Processing file /home/airflow/.local/lib/python3.12/site-packages/airflow/example_dags/example_setup_teardown_taskflow.py for tasks to queue
[2025-02-05T13:55:07.380+0000] {logging_mixin.py:190} INFO - [2025-02-05T13:55:07.380+0000] {dagbag.py:588} INFO - Filling up the DagBag from /home/airflow/.local/lib/python3.12/site-packages/airflow/example_dags/example_setup_teardown_taskflow.py
[2025-02-05T13:55:07.446+0000] {processor.py:925} INFO - DAG(s) 'example_setup_teardown_taskflow' retrieved from /home/airflow/.local/lib/python3.12/site-packages/airflow/example_dags/example_setup_teardown_taskflow.py
[2025-02-05T13:55:07.994+0000] {logging_mixin.py:190} INFO - [2025-02-05T13:55:07.993+0000] {override.py:1911} INFO - Created Permission View: can edit on DAG:example_setup_teardown_taskflow
[2025-02-05T13:55:08.017+0000] {logging_mixin.py:190} INFO - [2025-02-05T13:55:08.017+0000] {override.py:1911} INFO - Created Permission View: can read on DAG:example_setup_teardown_taskflow
[2025-02-05T13:55:08.035+0000] {logging_mixin.py:190} INFO - [2025-02-05T13:55:08.035+0000] {override.py:1911} INFO - Created Permission View: can delete on DAG:example_setup_teardown_taskflow
[2025-02-05T13:55:08.050+0000] {logging_mixin.py:190} INFO - [2025-02-05T13:55:08.050+0000] {override.py:1911} INFO - Created Permission View: menu access on DAG Run:example_setup_teardown_taskflow
[2025-02-05T13:55:08.081+0000] {logging_mixin.py:190} INFO - [2025-02-05T13:55:08.080+0000] {override.py:1911} INFO - Created Permission View: can read on DAG Run:example_setup_teardown_taskflow
[2025-02-05T13:55:08.106+0000] {logging_mixin.py:190} INFO - [2025-02-05T13:55:08.106+0000] {override.py:1911} INFO - Created Permission View: can delete on DAG Run:example_setup_teardown_taskflow
[2025-02-05T13:55:08.126+0000] {logging_mixin.py:190} INFO - [2025-02-05T13:55:08.126+0000] {override.py:1911} INFO - Created Permission View: can create on DAG Run:example_setup_teardown_taskflow
[2025-02-05T13:55:08.127+0000] {logging_mixin.py:190} INFO - [2025-02-05T13:55:08.127+0000] {dag.py:3239} INFO - Sync 1 DAGs
[2025-02-05T13:55:08.179+0000] {logging_mixin.py:190} INFO - [2025-02-05T13:55:08.179+0000] {dag.py:3262} INFO - Creating ORM DAG for example_setup_teardown_taskflow
[2025-02-05T13:55:08.183+0000] {logging_mixin.py:190} INFO - [2025-02-05T13:55:08.183+0000] {dag.py:4180} INFO - Setting next_dagrun for example_setup_teardown_taskflow to None, run_after=None
[2025-02-05T13:55:08.227+0000] {processor.py:208} INFO - Processing /home/airflow/.local/lib/python3.12/site-packages/airflow/example_dags/example_setup_teardown_taskflow.py took 0.890 seconds
[2025-02-05T13:55:38.610+0000] {processor.py:186} INFO - Started process (PID=150) to work on /home/airflow/.local/lib/python3.12/site-packages/airflow/example_dags/example_setup_teardown_taskflow.py
[2025-02-05T13:55:38.633+0000] {processor.py:914} INFO - Processing file /home/airflow/.local/lib/python3.12/site-packages/airflow/example_dags/example_setup_teardown_taskflow.py for tasks to queue
[2025-02-05T13:55:38.640+0000] {logging_mixin.py:190} INFO - [2025-02-05T13:55:38.635+0000] {dagbag.py:588} INFO - Filling up the DagBag from /home/airflow/.local/lib/python3.12/site-packages/airflow/example_dags/example_setup_teardown_taskflow.py
[2025-02-05T13:55:38.684+0000] {processor.py:925} INFO - DAG(s) 'example_setup_teardown_taskflow' retrieved from /home/airflow/.local/lib/python3.12/site-packages/airflow/example_dags/example_setup_teardown_taskflow.py
[2025-02-05T13:55:38.714+0000] {logging_mixin.py:190} INFO - [2025-02-05T13:55:38.714+0000] {dag.py:3239} INFO - Sync 1 DAGs
[2025-02-05T13:55:38.734+0000] {logging_mixin.py:190} INFO - [2025-02-05T13:55:38.734+0000] {dag.py:4180} INFO - Setting next_dagrun for example_setup_teardown_taskflow to None, run_after=None
[2025-02-05T13:55:38.758+0000] {processor.py:208} INFO - Processing /home/airflow/.local/lib/python3.12/site-packages/airflow/example_dags/example_setup_teardown_taskflow.py took 0.153 seconds
[2025-02-05T13:56:40.525+0000] {processor.py:186} INFO - Started process (PID=276) to work on /home/airflow/.local/lib/python3.12/site-packages/airflow/example_dags/example_setup_teardown_taskflow.py
[2025-02-05T13:56:40.526+0000] {processor.py:914} INFO - Processing file /home/airflow/.local/lib/python3.12/site-packages/airflow/example_dags/example_setup_teardown_taskflow.py for tasks to queue
[2025-02-05T13:56:40.528+0000] {logging_mixin.py:190} INFO - [2025-02-05T13:56:40.528+0000] {dagbag.py:588} INFO - Filling up the DagBag from /home/airflow/.local/lib/python3.12/site-packages/airflow/example_dags/example_setup_teardown_taskflow.py
[2025-02-05T13:56:40.558+0000] {processor.py:925} INFO - DAG(s) 'example_setup_teardown_taskflow' retrieved from /home/airflow/.local/lib/python3.12/site-packages/airflow/example_dags/example_setup_teardown_taskflow.py
[2025-02-05T13:56:40.589+0000] {logging_mixin.py:190} INFO - [2025-02-05T13:56:40.589+0000] {dag.py:3239} INFO - Sync 1 DAGs
[2025-02-05T13:56:40.606+0000] {logging_mixin.py:190} INFO - [2025-02-05T13:56:40.606+0000] {dag.py:4180} INFO - Setting next_dagrun for example_setup_teardown_taskflow to None, run_after=None
[2025-02-05T13:56:40.624+0000] {processor.py:208} INFO - Processing /home/airflow/.local/lib/python3.12/site-packages/airflow/example_dags/example_setup_teardown_taskflow.py took 0.121 seconds
[2025-02-05T13:57:10.771+0000] {processor.py:186} INFO - Started process (PID=340) to work on /home/airflow/.local/lib/python3.12/site-packages/airflow/example_dags/example_setup_teardown_taskflow.py
[2025-02-05T13:57:10.772+0000] {processor.py:914} INFO - Processing file /home/airflow/.local/lib/python3.12/site-packages/airflow/example_dags/example_setup_teardown_taskflow.py for tasks to queue
[2025-02-05T13:57:10.774+0000] {logging_mixin.py:190} INFO - [2025-02-05T13:57:10.774+0000] {dagbag.py:588} INFO - Filling up the DagBag from /home/airflow/.local/lib/python3.12/site-packages/airflow/example_dags/example_setup_teardown_taskflow.py
[2025-02-05T13:57:10.787+0000] {processor.py:925} INFO - DAG(s) 'example_setup_teardown_taskflow' retrieved from /home/airflow/.local/lib/python3.12/site-packages/airflow/example_dags/example_setup_teardown_taskflow.py
[2025-02-05T13:57:10.814+0000] {logging_mixin.py:190} INFO - [2025-02-05T13:57:10.814+0000] {dag.py:3239} INFO - Sync 1 DAGs
[2025-02-05T13:57:10.831+0000] {logging_mixin.py:190} INFO - [2025-02-05T13:57:10.831+0000] {dag.py:4180} INFO - Setting next_dagrun for example_setup_teardown_taskflow to None, run_after=None
[2025-02-05T13:57:10.849+0000] {processor.py:208} INFO - Processing /home/airflow/.local/lib/python3.12/site-packages/airflow/example_dags/example_setup_teardown_taskflow.py took 0.084 seconds
[2025-02-05T13:57:41.111+0000] {processor.py:186} INFO - Started process (PID=403) to work on /home/airflow/.local/lib/python3.12/site-packages/airflow/example_dags/example_setup_teardown_taskflow.py
[2025-02-05T13:57:41.112+0000] {processor.py:914} INFO - Processing file /home/airflow/.local/lib/python3.12/site-packages/airflow/example_dags/example_setup_teardown_taskflow.py for tasks to queue
[2025-02-05T13:57:41.114+0000] {logging_mixin.py:190} INFO - [2025-02-05T13:57:41.114+0000] {dagbag.py:588} INFO - Filling up the DagBag from /home/airflow/.local/lib/python3.12/site-packages/airflow/example_dags/example_setup_teardown_taskflow.py
[2025-02-05T13:57:41.122+0000] {processor.py:925} INFO - DAG(s) 'example_setup_teardown_taskflow' retrieved from /home/airflow/.local/lib/python3.12/site-packages/airflow/example_dags/example_setup_teardown_taskflow.py
[2025-02-05T13:57:41.138+0000] {logging_mixin.py:190} INFO - [2025-02-05T13:57:41.137+0000] {dag.py:3239} INFO - Sync 1 DAGs
[2025-02-05T13:57:41.148+0000] {logging_mixin.py:190} INFO - [2025-02-05T13:57:41.148+0000] {dag.py:4180} INFO - Setting next_dagrun for example_setup_teardown_taskflow to None, run_after=None
[2025-02-05T13:57:41.160+0000] {processor.py:208} INFO - Processing /home/airflow/.local/lib/python3.12/site-packages/airflow/example_dags/example_setup_teardown_taskflow.py took 0.054 seconds
