[2025-02-05T13:55:17.223+0000] {processor.py:186} INFO - Started process (PID=103) to work on /home/airflow/.local/lib/python3.12/site-packages/airflow/example_dags/example_sensors.py
[2025-02-05T13:55:17.235+0000] {processor.py:914} INFO - Processing file /home/airflow/.local/lib/python3.12/site-packages/airflow/example_dags/example_sensors.py for tasks to queue
[2025-02-05T13:55:17.240+0000] {logging_mixin.py:190} INFO - [2025-02-05T13:55:17.239+0000] {dagbag.py:588} INFO - Filling up the DagBag from /home/airflow/.local/lib/python3.12/site-packages/airflow/example_dags/example_sensors.py
[2025-02-05T13:55:17.289+0000] {processor.py:925} INFO - DAG(s) 'example_sensors' retrieved from /home/airflow/.local/lib/python3.12/site-packages/airflow/example_dags/example_sensors.py
[2025-02-05T13:55:18.277+0000] {logging_mixin.py:190} INFO - [2025-02-05T13:55:18.276+0000] {override.py:1911} INFO - Created Permission View: can edit on DAG:example_sensors
[2025-02-05T13:55:18.327+0000] {logging_mixin.py:190} INFO - [2025-02-05T13:55:18.327+0000] {override.py:1911} INFO - Created Permission View: can read on DAG:example_sensors
[2025-02-05T13:55:18.365+0000] {logging_mixin.py:190} INFO - [2025-02-05T13:55:18.364+0000] {override.py:1911} INFO - Created Permission View: can delete on DAG:example_sensors
[2025-02-05T13:55:18.378+0000] {logging_mixin.py:190} INFO - [2025-02-05T13:55:18.378+0000] {override.py:1911} INFO - Created Permission View: menu access on DAG Run:example_sensors
[2025-02-05T13:55:18.425+0000] {logging_mixin.py:190} INFO - [2025-02-05T13:55:18.424+0000] {override.py:1911} INFO - Created Permission View: can read on DAG Run:example_sensors
[2025-02-05T13:55:18.471+0000] {logging_mixin.py:190} INFO - [2025-02-05T13:55:18.471+0000] {override.py:1911} INFO - Created Permission View: can delete on DAG Run:example_sensors
[2025-02-05T13:55:18.498+0000] {logging_mixin.py:190} INFO - [2025-02-05T13:55:18.497+0000] {override.py:1911} INFO - Created Permission View: can create on DAG Run:example_sensors
[2025-02-05T13:55:18.498+0000] {logging_mixin.py:190} INFO - [2025-02-05T13:55:18.498+0000] {dag.py:3239} INFO - Sync 1 DAGs
[2025-02-05T13:55:18.552+0000] {logging_mixin.py:190} INFO - [2025-02-05T13:55:18.552+0000] {dag.py:3262} INFO - Creating ORM DAG for example_sensors
[2025-02-05T13:55:18.553+0000] {logging_mixin.py:190} INFO - [2025-02-05T13:55:18.553+0000] {dag.py:4180} INFO - Setting next_dagrun for example_sensors to None, run_after=None
[2025-02-05T13:55:18.608+0000] {processor.py:208} INFO - Processing /home/airflow/.local/lib/python3.12/site-packages/airflow/example_dags/example_sensors.py took 1.402 seconds
[2025-02-05T13:56:19.946+0000] {processor.py:186} INFO - Started process (PID=228) to work on /home/airflow/.local/lib/python3.12/site-packages/airflow/example_dags/example_sensors.py
[2025-02-05T13:56:19.946+0000] {processor.py:914} INFO - Processing file /home/airflow/.local/lib/python3.12/site-packages/airflow/example_dags/example_sensors.py for tasks to queue
[2025-02-05T13:56:19.948+0000] {logging_mixin.py:190} INFO - [2025-02-05T13:56:19.948+0000] {dagbag.py:588} INFO - Filling up the DagBag from /home/airflow/.local/lib/python3.12/site-packages/airflow/example_dags/example_sensors.py
[2025-02-05T13:56:19.958+0000] {processor.py:925} INFO - DAG(s) 'example_sensors' retrieved from /home/airflow/.local/lib/python3.12/site-packages/airflow/example_dags/example_sensors.py
[2025-02-05T13:56:19.978+0000] {logging_mixin.py:190} INFO - [2025-02-05T13:56:19.978+0000] {dag.py:3239} INFO - Sync 1 DAGs
[2025-02-05T13:56:19.989+0000] {logging_mixin.py:190} INFO - [2025-02-05T13:56:19.989+0000] {dag.py:4180} INFO - Setting next_dagrun for example_sensors to None, run_after=None
[2025-02-05T13:56:20.002+0000] {processor.py:208} INFO - Processing /home/airflow/.local/lib/python3.12/site-packages/airflow/example_dags/example_sensors.py took 0.061 seconds
[2025-02-05T13:56:50.408+0000] {processor.py:186} INFO - Started process (PID=291) to work on /home/airflow/.local/lib/python3.12/site-packages/airflow/example_dags/example_sensors.py
[2025-02-05T13:56:50.409+0000] {processor.py:914} INFO - Processing file /home/airflow/.local/lib/python3.12/site-packages/airflow/example_dags/example_sensors.py for tasks to queue
[2025-02-05T13:56:50.411+0000] {logging_mixin.py:190} INFO - [2025-02-05T13:56:50.411+0000] {dagbag.py:588} INFO - Filling up the DagBag from /home/airflow/.local/lib/python3.12/site-packages/airflow/example_dags/example_sensors.py
[2025-02-05T13:56:50.423+0000] {processor.py:925} INFO - DAG(s) 'example_sensors' retrieved from /home/airflow/.local/lib/python3.12/site-packages/airflow/example_dags/example_sensors.py
[2025-02-05T13:56:50.465+0000] {logging_mixin.py:190} INFO - [2025-02-05T13:56:50.465+0000] {dag.py:3239} INFO - Sync 1 DAGs
[2025-02-05T13:56:50.494+0000] {logging_mixin.py:190} INFO - [2025-02-05T13:56:50.494+0000] {dag.py:4180} INFO - Setting next_dagrun for example_sensors to None, run_after=None
[2025-02-05T13:56:50.533+0000] {processor.py:208} INFO - Processing /home/airflow/.local/lib/python3.12/site-packages/airflow/example_dags/example_sensors.py took 0.131 seconds
[2025-02-05T13:57:20.686+0000] {processor.py:186} INFO - Started process (PID=354) to work on /home/airflow/.local/lib/python3.12/site-packages/airflow/example_dags/example_sensors.py
[2025-02-05T13:57:20.687+0000] {processor.py:914} INFO - Processing file /home/airflow/.local/lib/python3.12/site-packages/airflow/example_dags/example_sensors.py for tasks to queue
[2025-02-05T13:57:20.688+0000] {logging_mixin.py:190} INFO - [2025-02-05T13:57:20.688+0000] {dagbag.py:588} INFO - Filling up the DagBag from /home/airflow/.local/lib/python3.12/site-packages/airflow/example_dags/example_sensors.py
[2025-02-05T13:57:20.702+0000] {processor.py:925} INFO - DAG(s) 'example_sensors' retrieved from /home/airflow/.local/lib/python3.12/site-packages/airflow/example_dags/example_sensors.py
[2025-02-05T13:57:20.790+0000] {logging_mixin.py:190} INFO - [2025-02-05T13:57:20.790+0000] {dag.py:3239} INFO - Sync 1 DAGs
[2025-02-05T13:57:20.834+0000] {logging_mixin.py:190} INFO - [2025-02-05T13:57:20.834+0000] {dag.py:4180} INFO - Setting next_dagrun for example_sensors to None, run_after=None
[2025-02-05T13:57:20.931+0000] {processor.py:208} INFO - Processing /home/airflow/.local/lib/python3.12/site-packages/airflow/example_dags/example_sensors.py took 0.260 seconds
[2025-02-05T13:57:51.470+0000] {processor.py:186} INFO - Started process (PID=417) to work on /home/airflow/.local/lib/python3.12/site-packages/airflow/example_dags/example_sensors.py
[2025-02-05T13:57:51.481+0000] {processor.py:914} INFO - Processing file /home/airflow/.local/lib/python3.12/site-packages/airflow/example_dags/example_sensors.py for tasks to queue
[2025-02-05T13:57:51.483+0000] {logging_mixin.py:190} INFO - [2025-02-05T13:57:51.482+0000] {dagbag.py:588} INFO - Filling up the DagBag from /home/airflow/.local/lib/python3.12/site-packages/airflow/example_dags/example_sensors.py
[2025-02-05T13:57:51.529+0000] {processor.py:925} INFO - DAG(s) 'example_sensors' retrieved from /home/airflow/.local/lib/python3.12/site-packages/airflow/example_dags/example_sensors.py
[2025-02-05T13:57:51.578+0000] {logging_mixin.py:190} INFO - [2025-02-05T13:57:51.578+0000] {dag.py:3239} INFO - Sync 1 DAGs
[2025-02-05T13:57:51.594+0000] {logging_mixin.py:190} INFO - [2025-02-05T13:57:51.594+0000] {dag.py:4180} INFO - Setting next_dagrun for example_sensors to None, run_after=None
[2025-02-05T13:57:51.614+0000] {processor.py:208} INFO - Processing /home/airflow/.local/lib/python3.12/site-packages/airflow/example_dags/example_sensors.py took 0.158 seconds
