[2025-02-05T13:55:10.321+0000] {processor.py:186} INFO - Started process (PID=92) to work on /home/airflow/.local/lib/python3.12/site-packages/airflow/example_dags/example_nested_branch_dag.py
[2025-02-05T13:55:10.347+0000] {processor.py:914} INFO - Processing file /home/airflow/.local/lib/python3.12/site-packages/airflow/example_dags/example_nested_branch_dag.py for tasks to queue
[2025-02-05T13:55:10.350+0000] {logging_mixin.py:190} INFO - [2025-02-05T13:55:10.350+0000] {dagbag.py:588} INFO - Filling up the DagBag from /home/airflow/.local/lib/python3.12/site-packages/airflow/example_dags/example_nested_branch_dag.py
[2025-02-05T13:55:10.379+0000] {processor.py:925} INFO - DAG(s) 'example_nested_branch_dag' retrieved from /home/airflow/.local/lib/python3.12/site-packages/airflow/example_dags/example_nested_branch_dag.py
[2025-02-05T13:55:10.754+0000] {logging_mixin.py:190} INFO - [2025-02-05T13:55:10.753+0000] {override.py:1911} INFO - Created Permission View: can edit on DAG:example_nested_branch_dag
[2025-02-05T13:55:10.788+0000] {logging_mixin.py:190} INFO - [2025-02-05T13:55:10.787+0000] {override.py:1911} INFO - Created Permission View: can read on DAG:example_nested_branch_dag
[2025-02-05T13:55:10.810+0000] {logging_mixin.py:190} INFO - [2025-02-05T13:55:10.810+0000] {override.py:1911} INFO - Created Permission View: can delete on DAG:example_nested_branch_dag
[2025-02-05T13:55:10.834+0000] {logging_mixin.py:190} INFO - [2025-02-05T13:55:10.834+0000] {override.py:1911} INFO - Created Permission View: menu access on DAG Run:example_nested_branch_dag
[2025-02-05T13:55:10.858+0000] {logging_mixin.py:190} INFO - [2025-02-05T13:55:10.858+0000] {override.py:1911} INFO - Created Permission View: can read on DAG Run:example_nested_branch_dag
[2025-02-05T13:55:10.871+0000] {logging_mixin.py:190} INFO - [2025-02-05T13:55:10.870+0000] {override.py:1911} INFO - Created Permission View: can delete on DAG Run:example_nested_branch_dag
[2025-02-05T13:55:10.883+0000] {logging_mixin.py:190} INFO - [2025-02-05T13:55:10.882+0000] {override.py:1911} INFO - Created Permission View: can create on DAG Run:example_nested_branch_dag
[2025-02-05T13:55:10.883+0000] {logging_mixin.py:190} INFO - [2025-02-05T13:55:10.883+0000] {dag.py:3239} INFO - Sync 1 DAGs
[2025-02-05T13:55:10.932+0000] {logging_mixin.py:190} INFO - [2025-02-05T13:55:10.932+0000] {dag.py:3262} INFO - Creating ORM DAG for example_nested_branch_dag
[2025-02-05T13:55:10.981+0000] {logging_mixin.py:190} INFO - [2025-02-05T13:55:10.981+0000] {dag.py:4180} INFO - Setting next_dagrun for example_nested_branch_dag to 2025-02-04 00:00:00+00:00, run_after=2025-02-05 00:00:00+00:00
[2025-02-05T13:55:11.097+0000] {processor.py:208} INFO - Processing /home/airflow/.local/lib/python3.12/site-packages/airflow/example_dags/example_nested_branch_dag.py took 0.799 seconds
[2025-02-05T13:55:41.696+0000] {processor.py:186} INFO - Started process (PID=155) to work on /home/airflow/.local/lib/python3.12/site-packages/airflow/example_dags/example_nested_branch_dag.py
[2025-02-05T13:55:41.698+0000] {processor.py:914} INFO - Processing file /home/airflow/.local/lib/python3.12/site-packages/airflow/example_dags/example_nested_branch_dag.py for tasks to queue
[2025-02-05T13:55:41.700+0000] {logging_mixin.py:190} INFO - [2025-02-05T13:55:41.700+0000] {dagbag.py:588} INFO - Filling up the DagBag from /home/airflow/.local/lib/python3.12/site-packages/airflow/example_dags/example_nested_branch_dag.py
[2025-02-05T13:55:41.726+0000] {processor.py:925} INFO - DAG(s) 'example_nested_branch_dag' retrieved from /home/airflow/.local/lib/python3.12/site-packages/airflow/example_dags/example_nested_branch_dag.py
[2025-02-05T13:55:41.758+0000] {logging_mixin.py:190} INFO - [2025-02-05T13:55:41.757+0000] {dag.py:3239} INFO - Sync 1 DAGs
[2025-02-05T13:55:41.787+0000] {logging_mixin.py:190} INFO - [2025-02-05T13:55:41.787+0000] {dag.py:4180} INFO - Setting next_dagrun for example_nested_branch_dag to 2025-02-04 00:00:00+00:00, run_after=2025-02-05 00:00:00+00:00
[2025-02-05T13:55:41.808+0000] {processor.py:208} INFO - Processing /home/airflow/.local/lib/python3.12/site-packages/airflow/example_dags/example_nested_branch_dag.py took 0.118 seconds
[2025-02-05T13:56:12.756+0000] {processor.py:186} INFO - Started process (PID=218) to work on /home/airflow/.local/lib/python3.12/site-packages/airflow/example_dags/example_nested_branch_dag.py
[2025-02-05T13:56:12.757+0000] {processor.py:914} INFO - Processing file /home/airflow/.local/lib/python3.12/site-packages/airflow/example_dags/example_nested_branch_dag.py for tasks to queue
[2025-02-05T13:56:12.759+0000] {logging_mixin.py:190} INFO - [2025-02-05T13:56:12.759+0000] {dagbag.py:588} INFO - Filling up the DagBag from /home/airflow/.local/lib/python3.12/site-packages/airflow/example_dags/example_nested_branch_dag.py
[2025-02-05T13:56:12.772+0000] {processor.py:925} INFO - DAG(s) 'example_nested_branch_dag' retrieved from /home/airflow/.local/lib/python3.12/site-packages/airflow/example_dags/example_nested_branch_dag.py
[2025-02-05T13:56:12.797+0000] {logging_mixin.py:190} INFO - [2025-02-05T13:56:12.797+0000] {dag.py:3239} INFO - Sync 1 DAGs
[2025-02-05T13:56:12.823+0000] {logging_mixin.py:190} INFO - [2025-02-05T13:56:12.823+0000] {dag.py:4180} INFO - Setting next_dagrun for example_nested_branch_dag to 2025-02-04 00:00:00+00:00, run_after=2025-02-05 00:00:00+00:00
[2025-02-05T13:56:12.840+0000] {processor.py:208} INFO - Processing /home/airflow/.local/lib/python3.12/site-packages/airflow/example_dags/example_nested_branch_dag.py took 0.090 seconds
[2025-02-05T13:56:43.063+0000] {processor.py:186} INFO - Started process (PID=280) to work on /home/airflow/.local/lib/python3.12/site-packages/airflow/example_dags/example_nested_branch_dag.py
[2025-02-05T13:56:43.064+0000] {processor.py:914} INFO - Processing file /home/airflow/.local/lib/python3.12/site-packages/airflow/example_dags/example_nested_branch_dag.py for tasks to queue
[2025-02-05T13:56:43.089+0000] {logging_mixin.py:190} INFO - [2025-02-05T13:56:43.089+0000] {dagbag.py:588} INFO - Filling up the DagBag from /home/airflow/.local/lib/python3.12/site-packages/airflow/example_dags/example_nested_branch_dag.py
[2025-02-05T13:56:43.119+0000] {processor.py:925} INFO - DAG(s) 'example_nested_branch_dag' retrieved from /home/airflow/.local/lib/python3.12/site-packages/airflow/example_dags/example_nested_branch_dag.py
[2025-02-05T13:56:43.192+0000] {logging_mixin.py:190} INFO - [2025-02-05T13:56:43.192+0000] {dag.py:3239} INFO - Sync 1 DAGs
[2025-02-05T13:56:43.267+0000] {logging_mixin.py:190} INFO - [2025-02-05T13:56:43.267+0000] {dag.py:4180} INFO - Setting next_dagrun for example_nested_branch_dag to 2025-02-04 00:00:00+00:00, run_after=2025-02-05 00:00:00+00:00
[2025-02-05T13:56:43.307+0000] {processor.py:208} INFO - Processing /home/airflow/.local/lib/python3.12/site-packages/airflow/example_dags/example_nested_branch_dag.py took 0.284 seconds
[2025-02-05T13:57:13.920+0000] {processor.py:186} INFO - Started process (PID=344) to work on /home/airflow/.local/lib/python3.12/site-packages/airflow/example_dags/example_nested_branch_dag.py
[2025-02-05T13:57:13.921+0000] {processor.py:914} INFO - Processing file /home/airflow/.local/lib/python3.12/site-packages/airflow/example_dags/example_nested_branch_dag.py for tasks to queue
[2025-02-05T13:57:13.923+0000] {logging_mixin.py:190} INFO - [2025-02-05T13:57:13.923+0000] {dagbag.py:588} INFO - Filling up the DagBag from /home/airflow/.local/lib/python3.12/site-packages/airflow/example_dags/example_nested_branch_dag.py
[2025-02-05T13:57:13.936+0000] {processor.py:925} INFO - DAG(s) 'example_nested_branch_dag' retrieved from /home/airflow/.local/lib/python3.12/site-packages/airflow/example_dags/example_nested_branch_dag.py
[2025-02-05T13:57:13.961+0000] {logging_mixin.py:190} INFO - [2025-02-05T13:57:13.961+0000] {dag.py:3239} INFO - Sync 1 DAGs
[2025-02-05T13:57:13.989+0000] {logging_mixin.py:190} INFO - [2025-02-05T13:57:13.989+0000] {dag.py:4180} INFO - Setting next_dagrun for example_nested_branch_dag to 2025-02-04 00:00:00+00:00, run_after=2025-02-05 00:00:00+00:00
[2025-02-05T13:57:14.004+0000] {processor.py:208} INFO - Processing /home/airflow/.local/lib/python3.12/site-packages/airflow/example_dags/example_nested_branch_dag.py took 0.090 seconds
[2025-02-05T13:57:44.255+0000] {processor.py:186} INFO - Started process (PID=407) to work on /home/airflow/.local/lib/python3.12/site-packages/airflow/example_dags/example_nested_branch_dag.py
[2025-02-05T13:57:44.256+0000] {processor.py:914} INFO - Processing file /home/airflow/.local/lib/python3.12/site-packages/airflow/example_dags/example_nested_branch_dag.py for tasks to queue
[2025-02-05T13:57:44.258+0000] {logging_mixin.py:190} INFO - [2025-02-05T13:57:44.258+0000] {dagbag.py:588} INFO - Filling up the DagBag from /home/airflow/.local/lib/python3.12/site-packages/airflow/example_dags/example_nested_branch_dag.py
[2025-02-05T13:57:44.271+0000] {processor.py:925} INFO - DAG(s) 'example_nested_branch_dag' retrieved from /home/airflow/.local/lib/python3.12/site-packages/airflow/example_dags/example_nested_branch_dag.py
[2025-02-05T13:57:44.300+0000] {logging_mixin.py:190} INFO - [2025-02-05T13:57:44.295+0000] {dag.py:3239} INFO - Sync 1 DAGs
[2025-02-05T13:57:44.327+0000] {logging_mixin.py:190} INFO - [2025-02-05T13:57:44.327+0000] {dag.py:4180} INFO - Setting next_dagrun for example_nested_branch_dag to 2025-02-04 00:00:00+00:00, run_after=2025-02-05 00:00:00+00:00
[2025-02-05T13:57:44.343+0000] {processor.py:208} INFO - Processing /home/airflow/.local/lib/python3.12/site-packages/airflow/example_dags/example_nested_branch_dag.py took 0.093 seconds
