[2025-02-05T13:55:04.579+0000] {processor.py:186} INFO - Started process (PID=84) to work on /home/airflow/.local/lib/python3.12/site-packages/airflow/example_dags/example_skip_dag.py
[2025-02-05T13:55:04.579+0000] {processor.py:914} INFO - Processing file /home/airflow/.local/lib/python3.12/site-packages/airflow/example_dags/example_skip_dag.py for tasks to queue
[2025-02-05T13:55:04.582+0000] {logging_mixin.py:190} INFO - [2025-02-05T13:55:04.581+0000] {dagbag.py:588} INFO - Filling up the DagBag from /home/airflow/.local/lib/python3.12/site-packages/airflow/example_dags/example_skip_dag.py
[2025-02-05T13:55:04.625+0000] {processor.py:925} INFO - DAG(s) 'example_skip_dag' retrieved from /home/airflow/.local/lib/python3.12/site-packages/airflow/example_dags/example_skip_dag.py
[2025-02-05T13:55:05.022+0000] {logging_mixin.py:190} INFO - [2025-02-05T13:55:05.021+0000] {override.py:1911} INFO - Created Permission View: can edit on DAG:example_skip_dag
[2025-02-05T13:55:05.056+0000] {logging_mixin.py:190} INFO - [2025-02-05T13:55:05.056+0000] {override.py:1911} INFO - Created Permission View: can read on DAG:example_skip_dag
[2025-02-05T13:55:05.107+0000] {logging_mixin.py:190} INFO - [2025-02-05T13:55:05.106+0000] {override.py:1911} INFO - Created Permission View: can delete on DAG:example_skip_dag
[2025-02-05T13:55:05.118+0000] {logging_mixin.py:190} INFO - [2025-02-05T13:55:05.118+0000] {override.py:1911} INFO - Created Permission View: menu access on DAG Run:example_skip_dag
[2025-02-05T13:55:05.140+0000] {logging_mixin.py:190} INFO - [2025-02-05T13:55:05.139+0000] {override.py:1911} INFO - Created Permission View: can read on DAG Run:example_skip_dag
[2025-02-05T13:55:05.165+0000] {logging_mixin.py:190} INFO - [2025-02-05T13:55:05.162+0000] {override.py:1911} INFO - Created Permission View: can delete on DAG Run:example_skip_dag
[2025-02-05T13:55:05.183+0000] {logging_mixin.py:190} INFO - [2025-02-05T13:55:05.183+0000] {override.py:1911} INFO - Created Permission View: can create on DAG Run:example_skip_dag
[2025-02-05T13:55:05.183+0000] {logging_mixin.py:190} INFO - [2025-02-05T13:55:05.183+0000] {dag.py:3239} INFO - Sync 1 DAGs
[2025-02-05T13:55:05.208+0000] {logging_mixin.py:190} INFO - [2025-02-05T13:55:05.207+0000] {dag.py:3262} INFO - Creating ORM DAG for example_skip_dag
[2025-02-05T13:55:05.230+0000] {logging_mixin.py:190} INFO - [2025-02-05T13:55:05.229+0000] {dag.py:4180} INFO - Setting next_dagrun for example_skip_dag to 2025-02-04 00:00:00+00:00, run_after=2025-02-05 00:00:00+00:00
[2025-02-05T13:55:05.266+0000] {processor.py:208} INFO - Processing /home/airflow/.local/lib/python3.12/site-packages/airflow/example_dags/example_skip_dag.py took 0.709 seconds
[2025-02-05T13:55:35.362+0000] {processor.py:186} INFO - Started process (PID=146) to work on /home/airflow/.local/lib/python3.12/site-packages/airflow/example_dags/example_skip_dag.py
[2025-02-05T13:55:35.363+0000] {processor.py:914} INFO - Processing file /home/airflow/.local/lib/python3.12/site-packages/airflow/example_dags/example_skip_dag.py for tasks to queue
[2025-02-05T13:55:35.365+0000] {logging_mixin.py:190} INFO - [2025-02-05T13:55:35.365+0000] {dagbag.py:588} INFO - Filling up the DagBag from /home/airflow/.local/lib/python3.12/site-packages/airflow/example_dags/example_skip_dag.py
[2025-02-05T13:55:35.383+0000] {processor.py:925} INFO - DAG(s) 'example_skip_dag' retrieved from /home/airflow/.local/lib/python3.12/site-packages/airflow/example_dags/example_skip_dag.py
[2025-02-05T13:55:35.412+0000] {logging_mixin.py:190} INFO - [2025-02-05T13:55:35.411+0000] {dag.py:3239} INFO - Sync 1 DAGs
[2025-02-05T13:55:35.440+0000] {logging_mixin.py:190} INFO - [2025-02-05T13:55:35.440+0000] {dag.py:4180} INFO - Setting next_dagrun for example_skip_dag to 2025-02-04 00:00:00+00:00, run_after=2025-02-05 00:00:00+00:00
[2025-02-05T13:55:35.665+0000] {processor.py:208} INFO - Processing /home/airflow/.local/lib/python3.12/site-packages/airflow/example_dags/example_skip_dag.py took 0.309 seconds
[2025-02-05T13:56:37.227+0000] {processor.py:186} INFO - Started process (PID=272) to work on /home/airflow/.local/lib/python3.12/site-packages/airflow/example_dags/example_skip_dag.py
[2025-02-05T13:56:37.228+0000] {processor.py:914} INFO - Processing file /home/airflow/.local/lib/python3.12/site-packages/airflow/example_dags/example_skip_dag.py for tasks to queue
[2025-02-05T13:56:37.230+0000] {logging_mixin.py:190} INFO - [2025-02-05T13:56:37.230+0000] {dagbag.py:588} INFO - Filling up the DagBag from /home/airflow/.local/lib/python3.12/site-packages/airflow/example_dags/example_skip_dag.py
[2025-02-05T13:56:37.239+0000] {processor.py:925} INFO - DAG(s) 'example_skip_dag' retrieved from /home/airflow/.local/lib/python3.12/site-packages/airflow/example_dags/example_skip_dag.py
[2025-02-05T13:56:37.262+0000] {logging_mixin.py:190} INFO - [2025-02-05T13:56:37.261+0000] {dag.py:3239} INFO - Sync 1 DAGs
[2025-02-05T13:56:37.287+0000] {logging_mixin.py:190} INFO - [2025-02-05T13:56:37.287+0000] {dag.py:4180} INFO - Setting next_dagrun for example_skip_dag to 2025-02-04 00:00:00+00:00, run_after=2025-02-05 00:00:00+00:00
[2025-02-05T13:56:37.302+0000] {processor.py:208} INFO - Processing /home/airflow/.local/lib/python3.12/site-packages/airflow/example_dags/example_skip_dag.py took 0.082 seconds
[2025-02-05T13:57:07.401+0000] {processor.py:186} INFO - Started process (PID=336) to work on /home/airflow/.local/lib/python3.12/site-packages/airflow/example_dags/example_skip_dag.py
[2025-02-05T13:57:07.402+0000] {processor.py:914} INFO - Processing file /home/airflow/.local/lib/python3.12/site-packages/airflow/example_dags/example_skip_dag.py for tasks to queue
[2025-02-05T13:57:07.407+0000] {logging_mixin.py:190} INFO - [2025-02-05T13:57:07.406+0000] {dagbag.py:588} INFO - Filling up the DagBag from /home/airflow/.local/lib/python3.12/site-packages/airflow/example_dags/example_skip_dag.py
[2025-02-05T13:57:07.416+0000] {processor.py:925} INFO - DAG(s) 'example_skip_dag' retrieved from /home/airflow/.local/lib/python3.12/site-packages/airflow/example_dags/example_skip_dag.py
[2025-02-05T13:57:07.461+0000] {logging_mixin.py:190} INFO - [2025-02-05T13:57:07.461+0000] {dag.py:3239} INFO - Sync 1 DAGs
[2025-02-05T13:57:07.514+0000] {logging_mixin.py:190} INFO - [2025-02-05T13:57:07.514+0000] {dag.py:4180} INFO - Setting next_dagrun for example_skip_dag to 2025-02-04 00:00:00+00:00, run_after=2025-02-05 00:00:00+00:00
[2025-02-05T13:57:07.542+0000] {processor.py:208} INFO - Processing /home/airflow/.local/lib/python3.12/site-packages/airflow/example_dags/example_skip_dag.py took 0.147 seconds
[2025-02-05T13:57:37.872+0000] {processor.py:186} INFO - Started process (PID=399) to work on /home/airflow/.local/lib/python3.12/site-packages/airflow/example_dags/example_skip_dag.py
[2025-02-05T13:57:37.873+0000] {processor.py:914} INFO - Processing file /home/airflow/.local/lib/python3.12/site-packages/airflow/example_dags/example_skip_dag.py for tasks to queue
[2025-02-05T13:57:37.875+0000] {logging_mixin.py:190} INFO - [2025-02-05T13:57:37.875+0000] {dagbag.py:588} INFO - Filling up the DagBag from /home/airflow/.local/lib/python3.12/site-packages/airflow/example_dags/example_skip_dag.py
[2025-02-05T13:57:37.884+0000] {processor.py:925} INFO - DAG(s) 'example_skip_dag' retrieved from /home/airflow/.local/lib/python3.12/site-packages/airflow/example_dags/example_skip_dag.py
[2025-02-05T13:57:37.905+0000] {logging_mixin.py:190} INFO - [2025-02-05T13:57:37.905+0000] {dag.py:3239} INFO - Sync 1 DAGs
[2025-02-05T13:57:37.929+0000] {logging_mixin.py:190} INFO - [2025-02-05T13:57:37.929+0000] {dag.py:4180} INFO - Setting next_dagrun for example_skip_dag to 2025-02-04 00:00:00+00:00, run_after=2025-02-05 00:00:00+00:00
[2025-02-05T13:57:37.945+0000] {processor.py:208} INFO - Processing /home/airflow/.local/lib/python3.12/site-packages/airflow/example_dags/example_skip_dag.py took 0.078 seconds
