[2025-02-05T13:54:59.424+0000] {processor.py:186} INFO - Started process (PID=79) to work on /home/airflow/.local/lib/python3.12/site-packages/airflow/example_dags/example_local_kubernetes_executor.py
[2025-02-05T13:54:59.425+0000] {processor.py:914} INFO - Processing file /home/airflow/.local/lib/python3.12/site-packages/airflow/example_dags/example_local_kubernetes_executor.py for tasks to queue
[2025-02-05T13:54:59.441+0000] {logging_mixin.py:190} INFO - [2025-02-05T13:54:59.441+0000] {dagbag.py:588} INFO - Filling up the DagBag from /home/airflow/.local/lib/python3.12/site-packages/airflow/example_dags/example_local_kubernetes_executor.py
[2025-02-05T13:54:59.471+0000] {processor.py:925} INFO - DAG(s) 'example_local_kubernetes_executor' retrieved from /home/airflow/.local/lib/python3.12/site-packages/airflow/example_dags/example_local_kubernetes_executor.py
[2025-02-05T13:55:00.222+0000] {logging_mixin.py:190} INFO - [2025-02-05T13:55:00.221+0000] {override.py:1911} INFO - Created Permission View: can edit on DAG:example_local_kubernetes_executor
[2025-02-05T13:55:00.244+0000] {logging_mixin.py:190} INFO - [2025-02-05T13:55:00.242+0000] {override.py:1911} INFO - Created Permission View: can read on DAG:example_local_kubernetes_executor
[2025-02-05T13:55:00.266+0000] {logging_mixin.py:190} INFO - [2025-02-05T13:55:00.264+0000] {override.py:1911} INFO - Created Permission View: can delete on DAG:example_local_kubernetes_executor
[2025-02-05T13:55:00.304+0000] {logging_mixin.py:190} INFO - [2025-02-05T13:55:00.304+0000] {override.py:1911} INFO - Created Permission View: menu access on DAG Run:example_local_kubernetes_executor
[2025-02-05T13:55:00.329+0000] {logging_mixin.py:190} INFO - [2025-02-05T13:55:00.329+0000] {override.py:1911} INFO - Created Permission View: can read on DAG Run:example_local_kubernetes_executor
[2025-02-05T13:55:00.371+0000] {logging_mixin.py:190} INFO - [2025-02-05T13:55:00.370+0000] {override.py:1911} INFO - Created Permission View: can delete on DAG Run:example_local_kubernetes_executor
[2025-02-05T13:55:00.393+0000] {logging_mixin.py:190} INFO - [2025-02-05T13:55:00.393+0000] {override.py:1911} INFO - Created Permission View: can create on DAG Run:example_local_kubernetes_executor
[2025-02-05T13:55:00.394+0000] {logging_mixin.py:190} INFO - [2025-02-05T13:55:00.393+0000] {dag.py:3239} INFO - Sync 1 DAGs
[2025-02-05T13:55:00.434+0000] {logging_mixin.py:190} INFO - [2025-02-05T13:55:00.433+0000] {dag.py:3262} INFO - Creating ORM DAG for example_local_kubernetes_executor
[2025-02-05T13:55:00.434+0000] {logging_mixin.py:190} INFO - [2025-02-05T13:55:00.434+0000] {dag.py:4180} INFO - Setting next_dagrun for example_local_kubernetes_executor to None, run_after=None
[2025-02-05T13:55:00.481+0000] {processor.py:208} INFO - Processing /home/airflow/.local/lib/python3.12/site-packages/airflow/example_dags/example_local_kubernetes_executor.py took 1.078 seconds
[2025-02-05T13:55:31.046+0000] {processor.py:186} INFO - Started process (PID=142) to work on /home/airflow/.local/lib/python3.12/site-packages/airflow/example_dags/example_local_kubernetes_executor.py
[2025-02-05T13:55:31.065+0000] {processor.py:914} INFO - Processing file /home/airflow/.local/lib/python3.12/site-packages/airflow/example_dags/example_local_kubernetes_executor.py for tasks to queue
[2025-02-05T13:55:31.080+0000] {logging_mixin.py:190} INFO - [2025-02-05T13:55:31.079+0000] {dagbag.py:588} INFO - Filling up the DagBag from /home/airflow/.local/lib/python3.12/site-packages/airflow/example_dags/example_local_kubernetes_executor.py
[2025-02-05T13:55:31.138+0000] {processor.py:925} INFO - DAG(s) 'example_local_kubernetes_executor' retrieved from /home/airflow/.local/lib/python3.12/site-packages/airflow/example_dags/example_local_kubernetes_executor.py
[2025-02-05T13:55:31.287+0000] {logging_mixin.py:190} INFO - [2025-02-05T13:55:31.286+0000] {dag.py:3239} INFO - Sync 1 DAGs
[2025-02-05T13:55:31.385+0000] {logging_mixin.py:190} INFO - [2025-02-05T13:55:31.385+0000] {dag.py:4180} INFO - Setting next_dagrun for example_local_kubernetes_executor to None, run_after=None
[2025-02-05T13:55:31.465+0000] {processor.py:208} INFO - Processing /home/airflow/.local/lib/python3.12/site-packages/airflow/example_dags/example_local_kubernetes_executor.py took 0.478 seconds
[2025-02-05T13:56:33.021+0000] {processor.py:186} INFO - Started process (PID=268) to work on /home/airflow/.local/lib/python3.12/site-packages/airflow/example_dags/example_local_kubernetes_executor.py
[2025-02-05T13:56:33.022+0000] {processor.py:914} INFO - Processing file /home/airflow/.local/lib/python3.12/site-packages/airflow/example_dags/example_local_kubernetes_executor.py for tasks to queue
[2025-02-05T13:56:33.024+0000] {logging_mixin.py:190} INFO - [2025-02-05T13:56:33.024+0000] {dagbag.py:588} INFO - Filling up the DagBag from /home/airflow/.local/lib/python3.12/site-packages/airflow/example_dags/example_local_kubernetes_executor.py
[2025-02-05T13:56:33.034+0000] {processor.py:925} INFO - DAG(s) 'example_local_kubernetes_executor' retrieved from /home/airflow/.local/lib/python3.12/site-packages/airflow/example_dags/example_local_kubernetes_executor.py
[2025-02-05T13:56:33.054+0000] {logging_mixin.py:190} INFO - [2025-02-05T13:56:33.054+0000] {dag.py:3239} INFO - Sync 1 DAGs
[2025-02-05T13:56:33.070+0000] {logging_mixin.py:190} INFO - [2025-02-05T13:56:33.070+0000] {dag.py:4180} INFO - Setting next_dagrun for example_local_kubernetes_executor to None, run_after=None
[2025-02-05T13:56:33.086+0000] {processor.py:208} INFO - Processing /home/airflow/.local/lib/python3.12/site-packages/airflow/example_dags/example_local_kubernetes_executor.py took 0.071 seconds
[2025-02-05T13:57:03.186+0000] {processor.py:186} INFO - Started process (PID=332) to work on /home/airflow/.local/lib/python3.12/site-packages/airflow/example_dags/example_local_kubernetes_executor.py
[2025-02-05T13:57:03.187+0000] {processor.py:914} INFO - Processing file /home/airflow/.local/lib/python3.12/site-packages/airflow/example_dags/example_local_kubernetes_executor.py for tasks to queue
[2025-02-05T13:57:03.190+0000] {logging_mixin.py:190} INFO - [2025-02-05T13:57:03.189+0000] {dagbag.py:588} INFO - Filling up the DagBag from /home/airflow/.local/lib/python3.12/site-packages/airflow/example_dags/example_local_kubernetes_executor.py
[2025-02-05T13:57:03.199+0000] {processor.py:925} INFO - DAG(s) 'example_local_kubernetes_executor' retrieved from /home/airflow/.local/lib/python3.12/site-packages/airflow/example_dags/example_local_kubernetes_executor.py
[2025-02-05T13:57:03.220+0000] {logging_mixin.py:190} INFO - [2025-02-05T13:57:03.220+0000] {dag.py:3239} INFO - Sync 1 DAGs
[2025-02-05T13:57:03.246+0000] {logging_mixin.py:190} INFO - [2025-02-05T13:57:03.246+0000] {dag.py:4180} INFO - Setting next_dagrun for example_local_kubernetes_executor to None, run_after=None
[2025-02-05T13:57:03.263+0000] {processor.py:208} INFO - Processing /home/airflow/.local/lib/python3.12/site-packages/airflow/example_dags/example_local_kubernetes_executor.py took 0.083 seconds
[2025-02-05T13:57:33.668+0000] {processor.py:186} INFO - Started process (PID=395) to work on /home/airflow/.local/lib/python3.12/site-packages/airflow/example_dags/example_local_kubernetes_executor.py
[2025-02-05T13:57:33.669+0000] {processor.py:914} INFO - Processing file /home/airflow/.local/lib/python3.12/site-packages/airflow/example_dags/example_local_kubernetes_executor.py for tasks to queue
[2025-02-05T13:57:33.672+0000] {logging_mixin.py:190} INFO - [2025-02-05T13:57:33.672+0000] {dagbag.py:588} INFO - Filling up the DagBag from /home/airflow/.local/lib/python3.12/site-packages/airflow/example_dags/example_local_kubernetes_executor.py
[2025-02-05T13:57:33.681+0000] {processor.py:925} INFO - DAG(s) 'example_local_kubernetes_executor' retrieved from /home/airflow/.local/lib/python3.12/site-packages/airflow/example_dags/example_local_kubernetes_executor.py
[2025-02-05T13:57:33.706+0000] {logging_mixin.py:190} INFO - [2025-02-05T13:57:33.706+0000] {dag.py:3239} INFO - Sync 1 DAGs
[2025-02-05T13:57:33.722+0000] {logging_mixin.py:190} INFO - [2025-02-05T13:57:33.722+0000] {dag.py:4180} INFO - Setting next_dagrun for example_local_kubernetes_executor to None, run_after=None
[2025-02-05T13:57:33.739+0000] {processor.py:208} INFO - Processing /home/airflow/.local/lib/python3.12/site-packages/airflow/example_dags/example_local_kubernetes_executor.py took 0.077 seconds
