[2025-02-05T13:55:13.817+0000] {processor.py:186} INFO - Started process (PID=99) to work on /home/airflow/.local/lib/python3.12/site-packages/airflow/example_dags/example_python_decorator.py
[2025-02-05T13:55:13.818+0000] {processor.py:914} INFO - Processing file /home/airflow/.local/lib/python3.12/site-packages/airflow/example_dags/example_python_decorator.py for tasks to queue
[2025-02-05T13:55:13.820+0000] {logging_mixin.py:190} INFO - [2025-02-05T13:55:13.820+0000] {dagbag.py:588} INFO - Filling up the DagBag from /home/airflow/.local/lib/python3.12/site-packages/airflow/example_dags/example_python_decorator.py
[2025-02-05T13:55:13.866+0000] {processor.py:925} INFO - DAG(s) 'example_python_decorator' retrieved from /home/airflow/.local/lib/python3.12/site-packages/airflow/example_dags/example_python_decorator.py
[2025-02-05T13:55:14.351+0000] {logging_mixin.py:190} INFO - [2025-02-05T13:55:14.351+0000] {override.py:1911} INFO - Created Permission View: can edit on DAG:example_python_decorator
[2025-02-05T13:55:14.365+0000] {logging_mixin.py:190} INFO - [2025-02-05T13:55:14.365+0000] {override.py:1911} INFO - Created Permission View: can read on DAG:example_python_decorator
[2025-02-05T13:55:14.413+0000] {logging_mixin.py:190} INFO - [2025-02-05T13:55:14.413+0000] {override.py:1911} INFO - Created Permission View: can delete on DAG:example_python_decorator
[2025-02-05T13:55:14.432+0000] {logging_mixin.py:190} INFO - [2025-02-05T13:55:14.432+0000] {override.py:1911} INFO - Created Permission View: menu access on DAG Run:example_python_decorator
[2025-02-05T13:55:14.461+0000] {logging_mixin.py:190} INFO - [2025-02-05T13:55:14.461+0000] {override.py:1911} INFO - Created Permission View: can read on DAG Run:example_python_decorator
[2025-02-05T13:55:14.514+0000] {logging_mixin.py:190} INFO - [2025-02-05T13:55:14.513+0000] {override.py:1911} INFO - Created Permission View: can delete on DAG Run:example_python_decorator
[2025-02-05T13:55:14.538+0000] {logging_mixin.py:190} INFO - [2025-02-05T13:55:14.532+0000] {override.py:1911} INFO - Created Permission View: can create on DAG Run:example_python_decorator
[2025-02-05T13:55:14.538+0000] {logging_mixin.py:190} INFO - [2025-02-05T13:55:14.538+0000] {dag.py:3239} INFO - Sync 1 DAGs
[2025-02-05T13:55:14.611+0000] {logging_mixin.py:190} INFO - [2025-02-05T13:55:14.610+0000] {dag.py:3262} INFO - Creating ORM DAG for example_python_decorator
[2025-02-05T13:55:14.621+0000] {logging_mixin.py:190} INFO - [2025-02-05T13:55:14.621+0000] {dag.py:4180} INFO - Setting next_dagrun for example_python_decorator to None, run_after=None
[2025-02-05T13:55:14.681+0000] {processor.py:208} INFO - Processing /home/airflow/.local/lib/python3.12/site-packages/airflow/example_dags/example_python_decorator.py took 0.878 seconds
[2025-02-05T13:55:45.341+0000] {processor.py:186} INFO - Started process (PID=161) to work on /home/airflow/.local/lib/python3.12/site-packages/airflow/example_dags/example_python_decorator.py
[2025-02-05T13:55:45.350+0000] {processor.py:914} INFO - Processing file /home/airflow/.local/lib/python3.12/site-packages/airflow/example_dags/example_python_decorator.py for tasks to queue
[2025-02-05T13:55:45.360+0000] {logging_mixin.py:190} INFO - [2025-02-05T13:55:45.359+0000] {dagbag.py:588} INFO - Filling up the DagBag from /home/airflow/.local/lib/python3.12/site-packages/airflow/example_dags/example_python_decorator.py
[2025-02-05T13:55:45.395+0000] {processor.py:925} INFO - DAG(s) 'example_python_decorator' retrieved from /home/airflow/.local/lib/python3.12/site-packages/airflow/example_dags/example_python_decorator.py
[2025-02-05T13:55:45.468+0000] {logging_mixin.py:190} INFO - [2025-02-05T13:55:45.468+0000] {dag.py:3239} INFO - Sync 1 DAGs
[2025-02-05T13:55:45.538+0000] {logging_mixin.py:190} INFO - [2025-02-05T13:55:45.538+0000] {dag.py:4180} INFO - Setting next_dagrun for example_python_decorator to None, run_after=None
[2025-02-05T13:55:45.846+0000] {processor.py:208} INFO - Processing /home/airflow/.local/lib/python3.12/site-packages/airflow/example_dags/example_python_decorator.py took 0.515 seconds
[2025-02-05T13:56:15.924+0000] {processor.py:186} INFO - Started process (PID=224) to work on /home/airflow/.local/lib/python3.12/site-packages/airflow/example_dags/example_python_decorator.py
[2025-02-05T13:56:15.925+0000] {processor.py:914} INFO - Processing file /home/airflow/.local/lib/python3.12/site-packages/airflow/example_dags/example_python_decorator.py for tasks to queue
[2025-02-05T13:56:15.927+0000] {logging_mixin.py:190} INFO - [2025-02-05T13:56:15.927+0000] {dagbag.py:588} INFO - Filling up the DagBag from /home/airflow/.local/lib/python3.12/site-packages/airflow/example_dags/example_python_decorator.py
[2025-02-05T13:56:15.943+0000] {processor.py:925} INFO - DAG(s) 'example_python_decorator' retrieved from /home/airflow/.local/lib/python3.12/site-packages/airflow/example_dags/example_python_decorator.py
[2025-02-05T13:56:15.967+0000] {logging_mixin.py:190} INFO - [2025-02-05T13:56:15.967+0000] {dag.py:3239} INFO - Sync 1 DAGs
[2025-02-05T13:56:15.982+0000] {logging_mixin.py:190} INFO - [2025-02-05T13:56:15.982+0000] {dag.py:4180} INFO - Setting next_dagrun for example_python_decorator to None, run_after=None
[2025-02-05T13:56:15.998+0000] {processor.py:208} INFO - Processing /home/airflow/.local/lib/python3.12/site-packages/airflow/example_dags/example_python_decorator.py took 0.080 seconds
[2025-02-05T13:56:46.163+0000] {processor.py:186} INFO - Started process (PID=287) to work on /home/airflow/.local/lib/python3.12/site-packages/airflow/example_dags/example_python_decorator.py
[2025-02-05T13:56:46.167+0000] {processor.py:914} INFO - Processing file /home/airflow/.local/lib/python3.12/site-packages/airflow/example_dags/example_python_decorator.py for tasks to queue
[2025-02-05T13:56:46.176+0000] {logging_mixin.py:190} INFO - [2025-02-05T13:56:46.176+0000] {dagbag.py:588} INFO - Filling up the DagBag from /home/airflow/.local/lib/python3.12/site-packages/airflow/example_dags/example_python_decorator.py
[2025-02-05T13:56:46.201+0000] {processor.py:925} INFO - DAG(s) 'example_python_decorator' retrieved from /home/airflow/.local/lib/python3.12/site-packages/airflow/example_dags/example_python_decorator.py
[2025-02-05T13:56:46.249+0000] {logging_mixin.py:190} INFO - [2025-02-05T13:56:46.249+0000] {dag.py:3239} INFO - Sync 1 DAGs
[2025-02-05T13:56:46.282+0000] {logging_mixin.py:190} INFO - [2025-02-05T13:56:46.282+0000] {dag.py:4180} INFO - Setting next_dagrun for example_python_decorator to None, run_after=None
[2025-02-05T13:56:46.313+0000] {processor.py:208} INFO - Processing /home/airflow/.local/lib/python3.12/site-packages/airflow/example_dags/example_python_decorator.py took 0.157 seconds
[2025-02-05T13:57:17.126+0000] {processor.py:186} INFO - Started process (PID=351) to work on /home/airflow/.local/lib/python3.12/site-packages/airflow/example_dags/example_python_decorator.py
[2025-02-05T13:57:17.131+0000] {processor.py:914} INFO - Processing file /home/airflow/.local/lib/python3.12/site-packages/airflow/example_dags/example_python_decorator.py for tasks to queue
[2025-02-05T13:57:17.133+0000] {logging_mixin.py:190} INFO - [2025-02-05T13:57:17.133+0000] {dagbag.py:588} INFO - Filling up the DagBag from /home/airflow/.local/lib/python3.12/site-packages/airflow/example_dags/example_python_decorator.py
[2025-02-05T13:57:17.201+0000] {processor.py:925} INFO - DAG(s) 'example_python_decorator' retrieved from /home/airflow/.local/lib/python3.12/site-packages/airflow/example_dags/example_python_decorator.py
[2025-02-05T13:57:17.363+0000] {logging_mixin.py:190} INFO - [2025-02-05T13:57:17.362+0000] {dag.py:3239} INFO - Sync 1 DAGs
[2025-02-05T13:57:17.395+0000] {logging_mixin.py:190} INFO - [2025-02-05T13:57:17.394+0000] {dag.py:4180} INFO - Setting next_dagrun for example_python_decorator to None, run_after=None
[2025-02-05T13:57:17.429+0000] {processor.py:208} INFO - Processing /home/airflow/.local/lib/python3.12/site-packages/airflow/example_dags/example_python_decorator.py took 0.325 seconds
[2025-02-05T13:57:47.618+0000] {processor.py:186} INFO - Started process (PID=413) to work on /home/airflow/.local/lib/python3.12/site-packages/airflow/example_dags/example_python_decorator.py
[2025-02-05T13:57:47.619+0000] {processor.py:914} INFO - Processing file /home/airflow/.local/lib/python3.12/site-packages/airflow/example_dags/example_python_decorator.py for tasks to queue
[2025-02-05T13:57:47.621+0000] {logging_mixin.py:190} INFO - [2025-02-05T13:57:47.621+0000] {dagbag.py:588} INFO - Filling up the DagBag from /home/airflow/.local/lib/python3.12/site-packages/airflow/example_dags/example_python_decorator.py
[2025-02-05T13:57:47.639+0000] {processor.py:925} INFO - DAG(s) 'example_python_decorator' retrieved from /home/airflow/.local/lib/python3.12/site-packages/airflow/example_dags/example_python_decorator.py
[2025-02-05T13:57:47.664+0000] {logging_mixin.py:190} INFO - [2025-02-05T13:57:47.663+0000] {dag.py:3239} INFO - Sync 1 DAGs
[2025-02-05T13:57:47.679+0000] {logging_mixin.py:190} INFO - [2025-02-05T13:57:47.679+0000] {dag.py:4180} INFO - Setting next_dagrun for example_python_decorator to None, run_after=None
[2025-02-05T13:57:47.694+0000] {processor.py:208} INFO - Processing /home/airflow/.local/lib/python3.12/site-packages/airflow/example_dags/example_python_decorator.py took 0.083 seconds
