[2025-02-05T13:55:21.052+0000] {processor.py:186} INFO - Started process (PID=113) to work on /home/airflow/.local/lib/python3.12/site-packages/airflow/example_dags/example_latest_only_with_trigger.py
[2025-02-05T13:55:21.053+0000] {processor.py:914} INFO - Processing file /home/airflow/.local/lib/python3.12/site-packages/airflow/example_dags/example_latest_only_with_trigger.py for tasks to queue
[2025-02-05T13:55:21.055+0000] {logging_mixin.py:190} INFO - [2025-02-05T13:55:21.055+0000] {dagbag.py:588} INFO - Filling up the DagBag from /home/airflow/.local/lib/python3.12/site-packages/airflow/example_dags/example_latest_only_with_trigger.py
[2025-02-05T13:55:21.073+0000] {processor.py:925} INFO - DAG(s) 'latest_only_with_trigger' retrieved from /home/airflow/.local/lib/python3.12/site-packages/airflow/example_dags/example_latest_only_with_trigger.py
[2025-02-05T13:55:21.681+0000] {logging_mixin.py:190} INFO - [2025-02-05T13:55:21.681+0000] {override.py:1911} INFO - Created Permission View: can edit on DAG:latest_only_with_trigger
[2025-02-05T13:55:21.780+0000] {logging_mixin.py:190} INFO - [2025-02-05T13:55:21.779+0000] {override.py:1911} INFO - Created Permission View: can read on DAG:latest_only_with_trigger
[2025-02-05T13:55:21.889+0000] {logging_mixin.py:190} INFO - [2025-02-05T13:55:21.889+0000] {override.py:1911} INFO - Created Permission View: can delete on DAG:latest_only_with_trigger
[2025-02-05T13:55:21.902+0000] {logging_mixin.py:190} INFO - [2025-02-05T13:55:21.902+0000] {override.py:1911} INFO - Created Permission View: menu access on DAG Run:latest_only_with_trigger
[2025-02-05T13:55:21.923+0000] {logging_mixin.py:190} INFO - [2025-02-05T13:55:21.923+0000] {override.py:1911} INFO - Created Permission View: can read on DAG Run:latest_only_with_trigger
[2025-02-05T13:55:21.946+0000] {logging_mixin.py:190} INFO - [2025-02-05T13:55:21.945+0000] {override.py:1911} INFO - Created Permission View: can delete on DAG Run:latest_only_with_trigger
[2025-02-05T13:55:21.970+0000] {logging_mixin.py:190} INFO - [2025-02-05T13:55:21.969+0000] {override.py:1911} INFO - Created Permission View: can create on DAG Run:latest_only_with_trigger
[2025-02-05T13:55:21.970+0000] {logging_mixin.py:190} INFO - [2025-02-05T13:55:21.970+0000] {dag.py:3239} INFO - Sync 1 DAGs
[2025-02-05T13:55:22.013+0000] {logging_mixin.py:190} INFO - [2025-02-05T13:55:22.013+0000] {dag.py:3262} INFO - Creating ORM DAG for latest_only_with_trigger
[2025-02-05T13:55:22.062+0000] {logging_mixin.py:190} INFO - [2025-02-05T13:55:22.061+0000] {dag.py:4180} INFO - Setting next_dagrun for latest_only_with_trigger to 2025-02-05 08:00:00+00:00, run_after=2025-02-05 12:00:00+00:00
[2025-02-05T13:55:22.127+0000] {processor.py:208} INFO - Processing /home/airflow/.local/lib/python3.12/site-packages/airflow/example_dags/example_latest_only_with_trigger.py took 1.090 seconds
[2025-02-05T13:56:23.386+0000] {processor.py:186} INFO - Started process (PID=238) to work on /home/airflow/.local/lib/python3.12/site-packages/airflow/example_dags/example_latest_only_with_trigger.py
[2025-02-05T13:56:23.387+0000] {processor.py:914} INFO - Processing file /home/airflow/.local/lib/python3.12/site-packages/airflow/example_dags/example_latest_only_with_trigger.py for tasks to queue
[2025-02-05T13:56:23.389+0000] {logging_mixin.py:190} INFO - [2025-02-05T13:56:23.389+0000] {dagbag.py:588} INFO - Filling up the DagBag from /home/airflow/.local/lib/python3.12/site-packages/airflow/example_dags/example_latest_only_with_trigger.py
[2025-02-05T13:56:23.398+0000] {processor.py:925} INFO - DAG(s) 'latest_only_with_trigger' retrieved from /home/airflow/.local/lib/python3.12/site-packages/airflow/example_dags/example_latest_only_with_trigger.py
[2025-02-05T13:56:23.419+0000] {logging_mixin.py:190} INFO - [2025-02-05T13:56:23.419+0000] {dag.py:3239} INFO - Sync 1 DAGs
[2025-02-05T13:56:23.445+0000] {logging_mixin.py:190} INFO - [2025-02-05T13:56:23.444+0000] {dag.py:4180} INFO - Setting next_dagrun for latest_only_with_trigger to 2025-02-05 08:00:00+00:00, run_after=2025-02-05 12:00:00+00:00
[2025-02-05T13:56:23.462+0000] {processor.py:208} INFO - Processing /home/airflow/.local/lib/python3.12/site-packages/airflow/example_dags/example_latest_only_with_trigger.py took 0.081 seconds
[2025-02-05T13:56:53.833+0000] {processor.py:186} INFO - Started process (PID=302) to work on /home/airflow/.local/lib/python3.12/site-packages/airflow/example_dags/example_latest_only_with_trigger.py
[2025-02-05T13:56:53.834+0000] {processor.py:914} INFO - Processing file /home/airflow/.local/lib/python3.12/site-packages/airflow/example_dags/example_latest_only_with_trigger.py for tasks to queue
[2025-02-05T13:56:53.836+0000] {logging_mixin.py:190} INFO - [2025-02-05T13:56:53.836+0000] {dagbag.py:588} INFO - Filling up the DagBag from /home/airflow/.local/lib/python3.12/site-packages/airflow/example_dags/example_latest_only_with_trigger.py
[2025-02-05T13:56:53.844+0000] {processor.py:925} INFO - DAG(s) 'latest_only_with_trigger' retrieved from /home/airflow/.local/lib/python3.12/site-packages/airflow/example_dags/example_latest_only_with_trigger.py
[2025-02-05T13:56:53.870+0000] {logging_mixin.py:190} INFO - [2025-02-05T13:56:53.870+0000] {dag.py:3239} INFO - Sync 1 DAGs
[2025-02-05T13:56:53.902+0000] {logging_mixin.py:190} INFO - [2025-02-05T13:56:53.901+0000] {dag.py:4180} INFO - Setting next_dagrun for latest_only_with_trigger to 2025-02-05 08:00:00+00:00, run_after=2025-02-05 12:00:00+00:00
[2025-02-05T13:56:53.930+0000] {processor.py:208} INFO - Processing /home/airflow/.local/lib/python3.12/site-packages/airflow/example_dags/example_latest_only_with_trigger.py took 0.103 seconds
[2025-02-05T13:57:24.531+0000] {processor.py:186} INFO - Started process (PID=365) to work on /home/airflow/.local/lib/python3.12/site-packages/airflow/example_dags/example_latest_only_with_trigger.py
[2025-02-05T13:57:24.531+0000] {processor.py:914} INFO - Processing file /home/airflow/.local/lib/python3.12/site-packages/airflow/example_dags/example_latest_only_with_trigger.py for tasks to queue
[2025-02-05T13:57:24.533+0000] {logging_mixin.py:190} INFO - [2025-02-05T13:57:24.533+0000] {dagbag.py:588} INFO - Filling up the DagBag from /home/airflow/.local/lib/python3.12/site-packages/airflow/example_dags/example_latest_only_with_trigger.py
[2025-02-05T13:57:24.541+0000] {processor.py:925} INFO - DAG(s) 'latest_only_with_trigger' retrieved from /home/airflow/.local/lib/python3.12/site-packages/airflow/example_dags/example_latest_only_with_trigger.py
[2025-02-05T13:57:24.563+0000] {logging_mixin.py:190} INFO - [2025-02-05T13:57:24.563+0000] {dag.py:3239} INFO - Sync 1 DAGs
[2025-02-05T13:57:24.588+0000] {logging_mixin.py:190} INFO - [2025-02-05T13:57:24.588+0000] {dag.py:4180} INFO - Setting next_dagrun for latest_only_with_trigger to 2025-02-05 08:00:00+00:00, run_after=2025-02-05 12:00:00+00:00
[2025-02-05T13:57:24.605+0000] {processor.py:208} INFO - Processing /home/airflow/.local/lib/python3.12/site-packages/airflow/example_dags/example_latest_only_with_trigger.py took 0.080 seconds
[2025-02-05T13:57:55.089+0000] {processor.py:186} INFO - Started process (PID=427) to work on /home/airflow/.local/lib/python3.12/site-packages/airflow/example_dags/example_latest_only_with_trigger.py
[2025-02-05T13:57:55.090+0000] {processor.py:914} INFO - Processing file /home/airflow/.local/lib/python3.12/site-packages/airflow/example_dags/example_latest_only_with_trigger.py for tasks to queue
[2025-02-05T13:57:55.099+0000] {logging_mixin.py:190} INFO - [2025-02-05T13:57:55.099+0000] {dagbag.py:588} INFO - Filling up the DagBag from /home/airflow/.local/lib/python3.12/site-packages/airflow/example_dags/example_latest_only_with_trigger.py
[2025-02-05T13:57:55.125+0000] {processor.py:925} INFO - DAG(s) 'latest_only_with_trigger' retrieved from /home/airflow/.local/lib/python3.12/site-packages/airflow/example_dags/example_latest_only_with_trigger.py
[2025-02-05T13:57:55.189+0000] {logging_mixin.py:190} INFO - [2025-02-05T13:57:55.189+0000] {dag.py:3239} INFO - Sync 1 DAGs
[2025-02-05T13:57:55.270+0000] {logging_mixin.py:190} INFO - [2025-02-05T13:57:55.269+0000] {dag.py:4180} INFO - Setting next_dagrun for latest_only_with_trigger to 2025-02-05 08:00:00+00:00, run_after=2025-02-05 12:00:00+00:00
[2025-02-05T13:57:55.313+0000] {processor.py:208} INFO - Processing /home/airflow/.local/lib/python3.12/site-packages/airflow/example_dags/example_latest_only_with_trigger.py took 0.238 seconds
