[2025-02-05T13:55:10.550+0000] {processor.py:186} INFO - Started process (PID=93) to work on /home/airflow/.local/lib/python3.12/site-packages/airflow/example_dags/example_task_group.py
[2025-02-05T13:55:10.557+0000] {processor.py:914} INFO - Processing file /home/airflow/.local/lib/python3.12/site-packages/airflow/example_dags/example_task_group.py for tasks to queue
[2025-02-05T13:55:10.563+0000] {logging_mixin.py:190} INFO - [2025-02-05T13:55:10.562+0000] {dagbag.py:588} INFO - Filling up the DagBag from /home/airflow/.local/lib/python3.12/site-packages/airflow/example_dags/example_task_group.py
[2025-02-05T13:55:10.587+0000] {processor.py:925} INFO - DAG(s) 'example_task_group' retrieved from /home/airflow/.local/lib/python3.12/site-packages/airflow/example_dags/example_task_group.py
[2025-02-05T13:55:10.912+0000] {logging_mixin.py:190} INFO - [2025-02-05T13:55:10.912+0000] {override.py:1911} INFO - Created Permission View: can edit on DAG:example_task_group
[2025-02-05T13:55:10.930+0000] {logging_mixin.py:190} INFO - [2025-02-05T13:55:10.930+0000] {override.py:1911} INFO - Created Permission View: can read on DAG:example_task_group
[2025-02-05T13:55:10.959+0000] {logging_mixin.py:190} INFO - [2025-02-05T13:55:10.958+0000] {override.py:1911} INFO - Created Permission View: can delete on DAG:example_task_group
[2025-02-05T13:55:10.998+0000] {logging_mixin.py:190} INFO - [2025-02-05T13:55:10.997+0000] {override.py:1911} INFO - Created Permission View: menu access on DAG Run:example_task_group
[2025-02-05T13:55:11.037+0000] {logging_mixin.py:190} INFO - [2025-02-05T13:55:11.037+0000] {override.py:1911} INFO - Created Permission View: can read on DAG Run:example_task_group
[2025-02-05T13:55:11.081+0000] {logging_mixin.py:190} INFO - [2025-02-05T13:55:11.080+0000] {override.py:1911} INFO - Created Permission View: can delete on DAG Run:example_task_group
[2025-02-05T13:55:11.094+0000] {logging_mixin.py:190} INFO - [2025-02-05T13:55:11.093+0000] {override.py:1911} INFO - Created Permission View: can create on DAG Run:example_task_group
[2025-02-05T13:55:11.095+0000] {logging_mixin.py:190} INFO - [2025-02-05T13:55:11.095+0000] {dag.py:3239} INFO - Sync 1 DAGs
[2025-02-05T13:55:11.153+0000] {logging_mixin.py:190} INFO - [2025-02-05T13:55:11.153+0000] {dag.py:3262} INFO - Creating ORM DAG for example_task_group
[2025-02-05T13:55:11.158+0000] {logging_mixin.py:190} INFO - [2025-02-05T13:55:11.157+0000] {dag.py:4180} INFO - Setting next_dagrun for example_task_group to None, run_after=None
[2025-02-05T13:55:11.270+0000] {processor.py:208} INFO - Processing /home/airflow/.local/lib/python3.12/site-packages/airflow/example_dags/example_task_group.py took 0.727 seconds
[2025-02-05T13:55:41.747+0000] {processor.py:186} INFO - Started process (PID=156) to work on /home/airflow/.local/lib/python3.12/site-packages/airflow/example_dags/example_task_group.py
[2025-02-05T13:55:41.748+0000] {processor.py:914} INFO - Processing file /home/airflow/.local/lib/python3.12/site-packages/airflow/example_dags/example_task_group.py for tasks to queue
[2025-02-05T13:55:41.764+0000] {logging_mixin.py:190} INFO - [2025-02-05T13:55:41.762+0000] {dagbag.py:588} INFO - Filling up the DagBag from /home/airflow/.local/lib/python3.12/site-packages/airflow/example_dags/example_task_group.py
[2025-02-05T13:55:41.792+0000] {processor.py:925} INFO - DAG(s) 'example_task_group' retrieved from /home/airflow/.local/lib/python3.12/site-packages/airflow/example_dags/example_task_group.py
[2025-02-05T13:55:41.857+0000] {logging_mixin.py:190} INFO - [2025-02-05T13:55:41.857+0000] {dag.py:3239} INFO - Sync 1 DAGs
[2025-02-05T13:55:41.871+0000] {logging_mixin.py:190} INFO - [2025-02-05T13:55:41.871+0000] {dag.py:4180} INFO - Setting next_dagrun for example_task_group to None, run_after=None
[2025-02-05T13:55:41.886+0000] {processor.py:208} INFO - Processing /home/airflow/.local/lib/python3.12/site-packages/airflow/example_dags/example_task_group.py took 0.154 seconds
[2025-02-05T13:56:12.880+0000] {processor.py:186} INFO - Started process (PID=219) to work on /home/airflow/.local/lib/python3.12/site-packages/airflow/example_dags/example_task_group.py
[2025-02-05T13:56:12.881+0000] {processor.py:914} INFO - Processing file /home/airflow/.local/lib/python3.12/site-packages/airflow/example_dags/example_task_group.py for tasks to queue
[2025-02-05T13:56:12.883+0000] {logging_mixin.py:190} INFO - [2025-02-05T13:56:12.883+0000] {dagbag.py:588} INFO - Filling up the DagBag from /home/airflow/.local/lib/python3.12/site-packages/airflow/example_dags/example_task_group.py
[2025-02-05T13:56:12.892+0000] {processor.py:925} INFO - DAG(s) 'example_task_group' retrieved from /home/airflow/.local/lib/python3.12/site-packages/airflow/example_dags/example_task_group.py
[2025-02-05T13:56:12.915+0000] {logging_mixin.py:190} INFO - [2025-02-05T13:56:12.915+0000] {dag.py:3239} INFO - Sync 1 DAGs
[2025-02-05T13:56:12.929+0000] {logging_mixin.py:190} INFO - [2025-02-05T13:56:12.929+0000] {dag.py:4180} INFO - Setting next_dagrun for example_task_group to None, run_after=None
[2025-02-05T13:56:12.960+0000] {processor.py:208} INFO - Processing /home/airflow/.local/lib/python3.12/site-packages/airflow/example_dags/example_task_group.py took 0.089 seconds
[2025-02-05T13:56:43.413+0000] {processor.py:186} INFO - Started process (PID=281) to work on /home/airflow/.local/lib/python3.12/site-packages/airflow/example_dags/example_task_group.py
[2025-02-05T13:56:43.414+0000] {processor.py:914} INFO - Processing file /home/airflow/.local/lib/python3.12/site-packages/airflow/example_dags/example_task_group.py for tasks to queue
[2025-02-05T13:56:43.416+0000] {logging_mixin.py:190} INFO - [2025-02-05T13:56:43.416+0000] {dagbag.py:588} INFO - Filling up the DagBag from /home/airflow/.local/lib/python3.12/site-packages/airflow/example_dags/example_task_group.py
[2025-02-05T13:56:43.430+0000] {processor.py:925} INFO - DAG(s) 'example_task_group' retrieved from /home/airflow/.local/lib/python3.12/site-packages/airflow/example_dags/example_task_group.py
[2025-02-05T13:56:43.467+0000] {logging_mixin.py:190} INFO - [2025-02-05T13:56:43.467+0000] {dag.py:3239} INFO - Sync 1 DAGs
[2025-02-05T13:56:43.491+0000] {logging_mixin.py:190} INFO - [2025-02-05T13:56:43.491+0000] {dag.py:4180} INFO - Setting next_dagrun for example_task_group to None, run_after=None
[2025-02-05T13:56:43.526+0000] {processor.py:208} INFO - Processing /home/airflow/.local/lib/python3.12/site-packages/airflow/example_dags/example_task_group.py took 0.137 seconds
[2025-02-05T13:57:14.022+0000] {processor.py:186} INFO - Started process (PID=345) to work on /home/airflow/.local/lib/python3.12/site-packages/airflow/example_dags/example_task_group.py
[2025-02-05T13:57:14.023+0000] {processor.py:914} INFO - Processing file /home/airflow/.local/lib/python3.12/site-packages/airflow/example_dags/example_task_group.py for tasks to queue
[2025-02-05T13:57:14.025+0000] {logging_mixin.py:190} INFO - [2025-02-05T13:57:14.025+0000] {dagbag.py:588} INFO - Filling up the DagBag from /home/airflow/.local/lib/python3.12/site-packages/airflow/example_dags/example_task_group.py
[2025-02-05T13:57:14.035+0000] {processor.py:925} INFO - DAG(s) 'example_task_group' retrieved from /home/airflow/.local/lib/python3.12/site-packages/airflow/example_dags/example_task_group.py
[2025-02-05T13:57:14.058+0000] {logging_mixin.py:190} INFO - [2025-02-05T13:57:14.058+0000] {dag.py:3239} INFO - Sync 1 DAGs
[2025-02-05T13:57:14.074+0000] {logging_mixin.py:190} INFO - [2025-02-05T13:57:14.074+0000] {dag.py:4180} INFO - Setting next_dagrun for example_task_group to None, run_after=None
[2025-02-05T13:57:14.092+0000] {processor.py:208} INFO - Processing /home/airflow/.local/lib/python3.12/site-packages/airflow/example_dags/example_task_group.py took 0.075 seconds
[2025-02-05T13:57:44.361+0000] {processor.py:186} INFO - Started process (PID=408) to work on /home/airflow/.local/lib/python3.12/site-packages/airflow/example_dags/example_task_group.py
[2025-02-05T13:57:44.361+0000] {processor.py:914} INFO - Processing file /home/airflow/.local/lib/python3.12/site-packages/airflow/example_dags/example_task_group.py for tasks to queue
[2025-02-05T13:57:44.364+0000] {logging_mixin.py:190} INFO - [2025-02-05T13:57:44.363+0000] {dagbag.py:588} INFO - Filling up the DagBag from /home/airflow/.local/lib/python3.12/site-packages/airflow/example_dags/example_task_group.py
[2025-02-05T13:57:44.372+0000] {processor.py:925} INFO - DAG(s) 'example_task_group' retrieved from /home/airflow/.local/lib/python3.12/site-packages/airflow/example_dags/example_task_group.py
[2025-02-05T13:57:44.394+0000] {logging_mixin.py:190} INFO - [2025-02-05T13:57:44.394+0000] {dag.py:3239} INFO - Sync 1 DAGs
[2025-02-05T13:57:44.411+0000] {logging_mixin.py:190} INFO - [2025-02-05T13:57:44.411+0000] {dag.py:4180} INFO - Setting next_dagrun for example_task_group to None, run_after=None
[2025-02-05T13:57:44.429+0000] {processor.py:208} INFO - Processing /home/airflow/.local/lib/python3.12/site-packages/airflow/example_dags/example_task_group.py took 0.075 seconds
