[2025-02-05T13:55:20.340+0000] {processor.py:186} INFO - Started process (PID=112) to work on /home/airflow/.local/lib/python3.12/site-packages/airflow/example_dags/example_branch_datetime_operator.py
[2025-02-05T13:55:20.341+0000] {processor.py:914} INFO - Processing file /home/airflow/.local/lib/python3.12/site-packages/airflow/example_dags/example_branch_datetime_operator.py for tasks to queue
[2025-02-05T13:55:20.344+0000] {logging_mixin.py:190} INFO - [2025-02-05T13:55:20.343+0000] {dagbag.py:588} INFO - Filling up the DagBag from /home/airflow/.local/lib/python3.12/site-packages/airflow/example_dags/example_branch_datetime_operator.py
[2025-02-05T13:55:20.369+0000] {processor.py:925} INFO - DAG(s) 'example_branch_datetime_operator', 'example_branch_datetime_operator_3', 'example_branch_datetime_operator_2' retrieved from /home/airflow/.local/lib/python3.12/site-packages/airflow/example_dags/example_branch_datetime_operator.py
[2025-02-05T13:55:20.565+0000] {logging_mixin.py:190} INFO - [2025-02-05T13:55:20.565+0000] {override.py:1911} INFO - Created Permission View: can edit on DAG:example_branch_datetime_operator
[2025-02-05T13:55:20.643+0000] {logging_mixin.py:190} INFO - [2025-02-05T13:55:20.643+0000] {override.py:1911} INFO - Created Permission View: can read on DAG:example_branch_datetime_operator
[2025-02-05T13:55:20.715+0000] {logging_mixin.py:190} INFO - [2025-02-05T13:55:20.715+0000] {override.py:1911} INFO - Created Permission View: can delete on DAG:example_branch_datetime_operator
[2025-02-05T13:55:20.746+0000] {logging_mixin.py:190} INFO - [2025-02-05T13:55:20.746+0000] {override.py:1911} INFO - Created Permission View: menu access on DAG Run:example_branch_datetime_operator
[2025-02-05T13:55:20.775+0000] {logging_mixin.py:190} INFO - [2025-02-05T13:55:20.774+0000] {override.py:1911} INFO - Created Permission View: can read on DAG Run:example_branch_datetime_operator
[2025-02-05T13:55:20.786+0000] {logging_mixin.py:190} INFO - [2025-02-05T13:55:20.786+0000] {override.py:1911} INFO - Created Permission View: can delete on DAG Run:example_branch_datetime_operator
[2025-02-05T13:55:20.796+0000] {logging_mixin.py:190} INFO - [2025-02-05T13:55:20.796+0000] {override.py:1911} INFO - Created Permission View: can create on DAG Run:example_branch_datetime_operator
[2025-02-05T13:55:20.818+0000] {logging_mixin.py:190} INFO - [2025-02-05T13:55:20.817+0000] {override.py:1911} INFO - Created Permission View: can edit on DAG:example_branch_datetime_operator_3
[2025-02-05T13:55:20.828+0000] {logging_mixin.py:190} INFO - [2025-02-05T13:55:20.827+0000] {override.py:1911} INFO - Created Permission View: can read on DAG:example_branch_datetime_operator_3
[2025-02-05T13:55:20.837+0000] {logging_mixin.py:190} INFO - [2025-02-05T13:55:20.837+0000] {override.py:1911} INFO - Created Permission View: can delete on DAG:example_branch_datetime_operator_3
[2025-02-05T13:55:20.844+0000] {logging_mixin.py:190} INFO - [2025-02-05T13:55:20.844+0000] {override.py:1911} INFO - Created Permission View: menu access on DAG Run:example_branch_datetime_operator_3
[2025-02-05T13:55:20.849+0000] {logging_mixin.py:190} INFO - [2025-02-05T13:55:20.849+0000] {override.py:1911} INFO - Created Permission View: can read on DAG Run:example_branch_datetime_operator_3
[2025-02-05T13:55:20.855+0000] {logging_mixin.py:190} INFO - [2025-02-05T13:55:20.854+0000] {override.py:1911} INFO - Created Permission View: can delete on DAG Run:example_branch_datetime_operator_3
[2025-02-05T13:55:20.872+0000] {logging_mixin.py:190} INFO - [2025-02-05T13:55:20.871+0000] {override.py:1911} INFO - Created Permission View: can create on DAG Run:example_branch_datetime_operator_3
[2025-02-05T13:55:20.888+0000] {logging_mixin.py:190} INFO - [2025-02-05T13:55:20.888+0000] {override.py:1911} INFO - Created Permission View: can edit on DAG:example_branch_datetime_operator_2
[2025-02-05T13:55:20.898+0000] {logging_mixin.py:190} INFO - [2025-02-05T13:55:20.898+0000] {override.py:1911} INFO - Created Permission View: can read on DAG:example_branch_datetime_operator_2
[2025-02-05T13:55:20.904+0000] {logging_mixin.py:190} INFO - [2025-02-05T13:55:20.904+0000] {override.py:1911} INFO - Created Permission View: can delete on DAG:example_branch_datetime_operator_2
[2025-02-05T13:55:20.909+0000] {logging_mixin.py:190} INFO - [2025-02-05T13:55:20.909+0000] {override.py:1911} INFO - Created Permission View: menu access on DAG Run:example_branch_datetime_operator_2
[2025-02-05T13:55:20.915+0000] {logging_mixin.py:190} INFO - [2025-02-05T13:55:20.915+0000] {override.py:1911} INFO - Created Permission View: can read on DAG Run:example_branch_datetime_operator_2
[2025-02-05T13:55:20.920+0000] {logging_mixin.py:190} INFO - [2025-02-05T13:55:20.920+0000] {override.py:1911} INFO - Created Permission View: can delete on DAG Run:example_branch_datetime_operator_2
[2025-02-05T13:55:20.927+0000] {logging_mixin.py:190} INFO - [2025-02-05T13:55:20.927+0000] {override.py:1911} INFO - Created Permission View: can create on DAG Run:example_branch_datetime_operator_2
[2025-02-05T13:55:20.928+0000] {logging_mixin.py:190} INFO - [2025-02-05T13:55:20.927+0000] {dag.py:3239} INFO - Sync 3 DAGs
[2025-02-05T13:55:20.945+0000] {logging_mixin.py:190} INFO - [2025-02-05T13:55:20.945+0000] {dag.py:3262} INFO - Creating ORM DAG for example_branch_datetime_operator
[2025-02-05T13:55:20.946+0000] {logging_mixin.py:190} INFO - [2025-02-05T13:55:20.946+0000] {dag.py:3262} INFO - Creating ORM DAG for example_branch_datetime_operator_2
[2025-02-05T13:55:20.947+0000] {logging_mixin.py:190} INFO - [2025-02-05T13:55:20.947+0000] {dag.py:3262} INFO - Creating ORM DAG for example_branch_datetime_operator_3
[2025-02-05T13:55:20.958+0000] {logging_mixin.py:190} INFO - [2025-02-05T13:55:20.958+0000] {dag.py:4180} INFO - Setting next_dagrun for example_branch_datetime_operator to 2025-02-04 00:00:00+00:00, run_after=2025-02-05 00:00:00+00:00
[2025-02-05T13:55:20.961+0000] {logging_mixin.py:190} INFO - [2025-02-05T13:55:20.961+0000] {dag.py:4180} INFO - Setting next_dagrun for example_branch_datetime_operator_2 to 2025-02-04 00:00:00+00:00, run_after=2025-02-05 00:00:00+00:00
[2025-02-05T13:55:20.963+0000] {logging_mixin.py:190} INFO - [2025-02-05T13:55:20.963+0000] {dag.py:4180} INFO - Setting next_dagrun for example_branch_datetime_operator_3 to 2025-02-04 00:00:00+00:00, run_after=2025-02-05 00:00:00+00:00
[2025-02-05T13:55:20.979+0000] {processor.py:208} INFO - Processing /home/airflow/.local/lib/python3.12/site-packages/airflow/example_dags/example_branch_datetime_operator.py took 0.655 seconds
[2025-02-05T13:56:22.098+0000] {processor.py:186} INFO - Started process (PID=237) to work on /home/airflow/.local/lib/python3.12/site-packages/airflow/example_dags/example_branch_datetime_operator.py
[2025-02-05T13:56:22.099+0000] {processor.py:914} INFO - Processing file /home/airflow/.local/lib/python3.12/site-packages/airflow/example_dags/example_branch_datetime_operator.py for tasks to queue
[2025-02-05T13:56:22.102+0000] {logging_mixin.py:190} INFO - [2025-02-05T13:56:22.101+0000] {dagbag.py:588} INFO - Filling up the DagBag from /home/airflow/.local/lib/python3.12/site-packages/airflow/example_dags/example_branch_datetime_operator.py
[2025-02-05T13:56:22.126+0000] {processor.py:925} INFO - DAG(s) 'example_branch_datetime_operator', 'example_branch_datetime_operator_3', 'example_branch_datetime_operator_2' retrieved from /home/airflow/.local/lib/python3.12/site-packages/airflow/example_dags/example_branch_datetime_operator.py
[2025-02-05T13:56:22.208+0000] {logging_mixin.py:190} INFO - [2025-02-05T13:56:22.207+0000] {dag.py:3239} INFO - Sync 3 DAGs
[2025-02-05T13:56:22.277+0000] {logging_mixin.py:190} INFO - [2025-02-05T13:56:22.276+0000] {dag.py:4180} INFO - Setting next_dagrun for example_branch_datetime_operator to 2025-02-04 00:00:00+00:00, run_after=2025-02-05 00:00:00+00:00
[2025-02-05T13:56:22.315+0000] {logging_mixin.py:190} INFO - [2025-02-05T13:56:22.314+0000] {dag.py:4180} INFO - Setting next_dagrun for example_branch_datetime_operator_2 to 2025-02-04 00:00:00+00:00, run_after=2025-02-05 00:00:00+00:00
[2025-02-05T13:56:22.317+0000] {logging_mixin.py:190} INFO - [2025-02-05T13:56:22.317+0000] {dag.py:4180} INFO - Setting next_dagrun for example_branch_datetime_operator_3 to 2025-02-04 00:00:00+00:00, run_after=2025-02-05 00:00:00+00:00
[2025-02-05T13:56:22.347+0000] {processor.py:208} INFO - Processing /home/airflow/.local/lib/python3.12/site-packages/airflow/example_dags/example_branch_datetime_operator.py took 0.260 seconds
[2025-02-05T13:56:53.214+0000] {processor.py:186} INFO - Started process (PID=301) to work on /home/airflow/.local/lib/python3.12/site-packages/airflow/example_dags/example_branch_datetime_operator.py
[2025-02-05T13:56:53.215+0000] {processor.py:914} INFO - Processing file /home/airflow/.local/lib/python3.12/site-packages/airflow/example_dags/example_branch_datetime_operator.py for tasks to queue
[2025-02-05T13:56:53.218+0000] {logging_mixin.py:190} INFO - [2025-02-05T13:56:53.217+0000] {dagbag.py:588} INFO - Filling up the DagBag from /home/airflow/.local/lib/python3.12/site-packages/airflow/example_dags/example_branch_datetime_operator.py
[2025-02-05T13:56:53.231+0000] {processor.py:925} INFO - DAG(s) 'example_branch_datetime_operator', 'example_branch_datetime_operator_2', 'example_branch_datetime_operator_3' retrieved from /home/airflow/.local/lib/python3.12/site-packages/airflow/example_dags/example_branch_datetime_operator.py
[2025-02-05T13:56:53.265+0000] {logging_mixin.py:190} INFO - [2025-02-05T13:56:53.265+0000] {dag.py:3239} INFO - Sync 3 DAGs
[2025-02-05T13:56:53.294+0000] {logging_mixin.py:190} INFO - [2025-02-05T13:56:53.294+0000] {dag.py:4180} INFO - Setting next_dagrun for example_branch_datetime_operator to 2025-02-04 00:00:00+00:00, run_after=2025-02-05 00:00:00+00:00
[2025-02-05T13:56:53.299+0000] {logging_mixin.py:190} INFO - [2025-02-05T13:56:53.299+0000] {dag.py:4180} INFO - Setting next_dagrun for example_branch_datetime_operator_2 to 2025-02-04 00:00:00+00:00, run_after=2025-02-05 00:00:00+00:00
[2025-02-05T13:56:53.302+0000] {logging_mixin.py:190} INFO - [2025-02-05T13:56:53.302+0000] {dag.py:4180} INFO - Setting next_dagrun for example_branch_datetime_operator_3 to 2025-02-04 00:00:00+00:00, run_after=2025-02-05 00:00:00+00:00
[2025-02-05T13:56:53.317+0000] {processor.py:208} INFO - Processing /home/airflow/.local/lib/python3.12/site-packages/airflow/example_dags/example_branch_datetime_operator.py took 0.108 seconds
[2025-02-05T13:57:23.506+0000] {processor.py:186} INFO - Started process (PID=363) to work on /home/airflow/.local/lib/python3.12/site-packages/airflow/example_dags/example_branch_datetime_operator.py
[2025-02-05T13:57:23.507+0000] {processor.py:914} INFO - Processing file /home/airflow/.local/lib/python3.12/site-packages/airflow/example_dags/example_branch_datetime_operator.py for tasks to queue
[2025-02-05T13:57:23.508+0000] {logging_mixin.py:190} INFO - [2025-02-05T13:57:23.508+0000] {dagbag.py:588} INFO - Filling up the DagBag from /home/airflow/.local/lib/python3.12/site-packages/airflow/example_dags/example_branch_datetime_operator.py
[2025-02-05T13:57:23.518+0000] {processor.py:925} INFO - DAG(s) 'example_branch_datetime_operator_3', 'example_branch_datetime_operator_2', 'example_branch_datetime_operator' retrieved from /home/airflow/.local/lib/python3.12/site-packages/airflow/example_dags/example_branch_datetime_operator.py
[2025-02-05T13:57:23.538+0000] {logging_mixin.py:190} INFO - [2025-02-05T13:57:23.538+0000] {dag.py:3239} INFO - Sync 3 DAGs
[2025-02-05T13:57:23.557+0000] {logging_mixin.py:190} INFO - [2025-02-05T13:57:23.557+0000] {dag.py:4180} INFO - Setting next_dagrun for example_branch_datetime_operator to 2025-02-04 00:00:00+00:00, run_after=2025-02-05 00:00:00+00:00
[2025-02-05T13:57:23.561+0000] {logging_mixin.py:190} INFO - [2025-02-05T13:57:23.560+0000] {dag.py:4180} INFO - Setting next_dagrun for example_branch_datetime_operator_2 to 2025-02-04 00:00:00+00:00, run_after=2025-02-05 00:00:00+00:00
[2025-02-05T13:57:23.562+0000] {logging_mixin.py:190} INFO - [2025-02-05T13:57:23.562+0000] {dag.py:4180} INFO - Setting next_dagrun for example_branch_datetime_operator_3 to 2025-02-04 00:00:00+00:00, run_after=2025-02-05 00:00:00+00:00
[2025-02-05T13:57:23.573+0000] {processor.py:208} INFO - Processing /home/airflow/.local/lib/python3.12/site-packages/airflow/example_dags/example_branch_datetime_operator.py took 0.072 seconds
[2025-02-05T13:57:53.690+0000] {processor.py:186} INFO - Started process (PID=426) to work on /home/airflow/.local/lib/python3.12/site-packages/airflow/example_dags/example_branch_datetime_operator.py
[2025-02-05T13:57:53.713+0000] {processor.py:914} INFO - Processing file /home/airflow/.local/lib/python3.12/site-packages/airflow/example_dags/example_branch_datetime_operator.py for tasks to queue
[2025-02-05T13:57:53.715+0000] {logging_mixin.py:190} INFO - [2025-02-05T13:57:53.715+0000] {dagbag.py:588} INFO - Filling up the DagBag from /home/airflow/.local/lib/python3.12/site-packages/airflow/example_dags/example_branch_datetime_operator.py
[2025-02-05T13:57:53.753+0000] {processor.py:925} INFO - DAG(s) 'example_branch_datetime_operator_2', 'example_branch_datetime_operator_3', 'example_branch_datetime_operator' retrieved from /home/airflow/.local/lib/python3.12/site-packages/airflow/example_dags/example_branch_datetime_operator.py
[2025-02-05T13:57:53.841+0000] {logging_mixin.py:190} INFO - [2025-02-05T13:57:53.840+0000] {dag.py:3239} INFO - Sync 3 DAGs
[2025-02-05T13:57:53.922+0000] {logging_mixin.py:190} INFO - [2025-02-05T13:57:53.922+0000] {dag.py:4180} INFO - Setting next_dagrun for example_branch_datetime_operator to 2025-02-04 00:00:00+00:00, run_after=2025-02-05 00:00:00+00:00
[2025-02-05T13:57:53.946+0000] {logging_mixin.py:190} INFO - [2025-02-05T13:57:53.946+0000] {dag.py:4180} INFO - Setting next_dagrun for example_branch_datetime_operator_2 to 2025-02-04 00:00:00+00:00, run_after=2025-02-05 00:00:00+00:00
[2025-02-05T13:57:53.949+0000] {logging_mixin.py:190} INFO - [2025-02-05T13:57:53.949+0000] {dag.py:4180} INFO - Setting next_dagrun for example_branch_datetime_operator_3 to 2025-02-04 00:00:00+00:00, run_after=2025-02-05 00:00:00+00:00
[2025-02-05T13:57:54.000+0000] {processor.py:208} INFO - Processing /home/airflow/.local/lib/python3.12/site-packages/airflow/example_dags/example_branch_datetime_operator.py took 0.333 seconds
