[2025-02-05T13:55:00.616+0000] {processor.py:186} INFO - Started process (PID=80) to work on /home/airflow/.local/lib/python3.12/site-packages/airflow/example_dags/example_bash_decorator.py
[2025-02-05T13:55:00.621+0000] {processor.py:914} INFO - Processing file /home/airflow/.local/lib/python3.12/site-packages/airflow/example_dags/example_bash_decorator.py for tasks to queue
[2025-02-05T13:55:00.640+0000] {logging_mixin.py:190} INFO - [2025-02-05T13:55:00.639+0000] {dagbag.py:588} INFO - Filling up the DagBag from /home/airflow/.local/lib/python3.12/site-packages/airflow/example_dags/example_bash_decorator.py
[2025-02-05T13:55:00.718+0000] {processor.py:925} INFO - DAG(s) 'example_bash_decorator' retrieved from /home/airflow/.local/lib/python3.12/site-packages/airflow/example_dags/example_bash_decorator.py
[2025-02-05T13:55:01.068+0000] {logging_mixin.py:190} INFO - [2025-02-05T13:55:01.067+0000] {override.py:1911} INFO - Created Permission View: can edit on DAG:example_bash_decorator
[2025-02-05T13:55:01.081+0000] {logging_mixin.py:190} INFO - [2025-02-05T13:55:01.080+0000] {override.py:1911} INFO - Created Permission View: can read on DAG:example_bash_decorator
[2025-02-05T13:55:01.091+0000] {logging_mixin.py:190} INFO - [2025-02-05T13:55:01.091+0000] {override.py:1911} INFO - Created Permission View: can delete on DAG:example_bash_decorator
[2025-02-05T13:55:01.098+0000] {logging_mixin.py:190} INFO - [2025-02-05T13:55:01.098+0000] {override.py:1911} INFO - Created Permission View: menu access on DAG Run:example_bash_decorator
[2025-02-05T13:55:01.103+0000] {logging_mixin.py:190} INFO - [2025-02-05T13:55:01.103+0000] {override.py:1911} INFO - Created Permission View: can read on DAG Run:example_bash_decorator
[2025-02-05T13:55:01.111+0000] {logging_mixin.py:190} INFO - [2025-02-05T13:55:01.111+0000] {override.py:1911} INFO - Created Permission View: can delete on DAG Run:example_bash_decorator
[2025-02-05T13:55:01.122+0000] {logging_mixin.py:190} INFO - [2025-02-05T13:55:01.121+0000] {override.py:1911} INFO - Created Permission View: can create on DAG Run:example_bash_decorator
[2025-02-05T13:55:01.122+0000] {logging_mixin.py:190} INFO - [2025-02-05T13:55:01.122+0000] {dag.py:3239} INFO - Sync 1 DAGs
[2025-02-05T13:55:01.144+0000] {logging_mixin.py:190} INFO - [2025-02-05T13:55:01.144+0000] {dag.py:3262} INFO - Creating ORM DAG for example_bash_decorator
[2025-02-05T13:55:01.145+0000] {logging_mixin.py:190} INFO - [2025-02-05T13:55:01.145+0000] {dag.py:4180} INFO - Setting next_dagrun for example_bash_decorator to None, run_after=None
[2025-02-05T13:55:01.164+0000] {processor.py:208} INFO - Processing /home/airflow/.local/lib/python3.12/site-packages/airflow/example_dags/example_bash_decorator.py took 0.565 seconds
[2025-02-05T13:55:31.610+0000] {processor.py:186} INFO - Started process (PID=143) to work on /home/airflow/.local/lib/python3.12/site-packages/airflow/example_dags/example_bash_decorator.py
[2025-02-05T13:55:31.613+0000] {processor.py:914} INFO - Processing file /home/airflow/.local/lib/python3.12/site-packages/airflow/example_dags/example_bash_decorator.py for tasks to queue
[2025-02-05T13:55:31.619+0000] {logging_mixin.py:190} INFO - [2025-02-05T13:55:31.618+0000] {dagbag.py:588} INFO - Filling up the DagBag from /home/airflow/.local/lib/python3.12/site-packages/airflow/example_dags/example_bash_decorator.py
[2025-02-05T13:55:31.680+0000] {processor.py:925} INFO - DAG(s) 'example_bash_decorator' retrieved from /home/airflow/.local/lib/python3.12/site-packages/airflow/example_dags/example_bash_decorator.py
[2025-02-05T13:55:31.777+0000] {logging_mixin.py:190} INFO - [2025-02-05T13:55:31.776+0000] {dag.py:3239} INFO - Sync 1 DAGs
[2025-02-05T13:55:31.847+0000] {logging_mixin.py:190} INFO - [2025-02-05T13:55:31.846+0000] {dag.py:4180} INFO - Setting next_dagrun for example_bash_decorator to None, run_after=None
[2025-02-05T13:55:31.929+0000] {processor.py:208} INFO - Processing /home/airflow/.local/lib/python3.12/site-packages/airflow/example_dags/example_bash_decorator.py took 0.333 seconds
[2025-02-05T13:56:33.107+0000] {processor.py:186} INFO - Started process (PID=269) to work on /home/airflow/.local/lib/python3.12/site-packages/airflow/example_dags/example_bash_decorator.py
[2025-02-05T13:56:33.107+0000] {processor.py:914} INFO - Processing file /home/airflow/.local/lib/python3.12/site-packages/airflow/example_dags/example_bash_decorator.py for tasks to queue
[2025-02-05T13:56:33.109+0000] {logging_mixin.py:190} INFO - [2025-02-05T13:56:33.109+0000] {dagbag.py:588} INFO - Filling up the DagBag from /home/airflow/.local/lib/python3.12/site-packages/airflow/example_dags/example_bash_decorator.py
[2025-02-05T13:56:33.120+0000] {processor.py:925} INFO - DAG(s) 'example_bash_decorator' retrieved from /home/airflow/.local/lib/python3.12/site-packages/airflow/example_dags/example_bash_decorator.py
[2025-02-05T13:56:33.139+0000] {logging_mixin.py:190} INFO - [2025-02-05T13:56:33.138+0000] {dag.py:3239} INFO - Sync 1 DAGs
[2025-02-05T13:56:33.149+0000] {logging_mixin.py:190} INFO - [2025-02-05T13:56:33.149+0000] {dag.py:4180} INFO - Setting next_dagrun for example_bash_decorator to None, run_after=None
[2025-02-05T13:56:33.161+0000] {processor.py:208} INFO - Processing /home/airflow/.local/lib/python3.12/site-packages/airflow/example_dags/example_bash_decorator.py took 0.059 seconds
[2025-02-05T13:57:03.287+0000] {processor.py:186} INFO - Started process (PID=333) to work on /home/airflow/.local/lib/python3.12/site-packages/airflow/example_dags/example_bash_decorator.py
[2025-02-05T13:57:03.287+0000] {processor.py:914} INFO - Processing file /home/airflow/.local/lib/python3.12/site-packages/airflow/example_dags/example_bash_decorator.py for tasks to queue
[2025-02-05T13:57:03.289+0000] {logging_mixin.py:190} INFO - [2025-02-05T13:57:03.289+0000] {dagbag.py:588} INFO - Filling up the DagBag from /home/airflow/.local/lib/python3.12/site-packages/airflow/example_dags/example_bash_decorator.py
[2025-02-05T13:57:03.300+0000] {processor.py:925} INFO - DAG(s) 'example_bash_decorator' retrieved from /home/airflow/.local/lib/python3.12/site-packages/airflow/example_dags/example_bash_decorator.py
[2025-02-05T13:57:03.318+0000] {logging_mixin.py:190} INFO - [2025-02-05T13:57:03.318+0000] {dag.py:3239} INFO - Sync 1 DAGs
[2025-02-05T13:57:03.329+0000] {logging_mixin.py:190} INFO - [2025-02-05T13:57:03.329+0000] {dag.py:4180} INFO - Setting next_dagrun for example_bash_decorator to None, run_after=None
[2025-02-05T13:57:03.341+0000] {processor.py:208} INFO - Processing /home/airflow/.local/lib/python3.12/site-packages/airflow/example_dags/example_bash_decorator.py took 0.059 seconds
[2025-02-05T13:57:33.753+0000] {processor.py:186} INFO - Started process (PID=396) to work on /home/airflow/.local/lib/python3.12/site-packages/airflow/example_dags/example_bash_decorator.py
[2025-02-05T13:57:33.754+0000] {processor.py:914} INFO - Processing file /home/airflow/.local/lib/python3.12/site-packages/airflow/example_dags/example_bash_decorator.py for tasks to queue
[2025-02-05T13:57:33.756+0000] {logging_mixin.py:190} INFO - [2025-02-05T13:57:33.756+0000] {dagbag.py:588} INFO - Filling up the DagBag from /home/airflow/.local/lib/python3.12/site-packages/airflow/example_dags/example_bash_decorator.py
[2025-02-05T13:57:33.770+0000] {processor.py:925} INFO - DAG(s) 'example_bash_decorator' retrieved from /home/airflow/.local/lib/python3.12/site-packages/airflow/example_dags/example_bash_decorator.py
[2025-02-05T13:57:33.786+0000] {logging_mixin.py:190} INFO - [2025-02-05T13:57:33.786+0000] {dag.py:3239} INFO - Sync 1 DAGs
[2025-02-05T13:57:33.799+0000] {logging_mixin.py:190} INFO - [2025-02-05T13:57:33.799+0000] {dag.py:4180} INFO - Setting next_dagrun for example_bash_decorator to None, run_after=None
[2025-02-05T13:57:33.811+0000] {processor.py:208} INFO - Processing /home/airflow/.local/lib/python3.12/site-packages/airflow/example_dags/example_bash_decorator.py took 0.064 seconds
