[2025-02-05T13:55:22.815+0000] {processor.py:186} INFO - Started process (PID=117) to work on /home/airflow/.local/lib/python3.12/site-packages/airflow/example_dags/example_short_circuit_operator.py
[2025-02-05T13:55:22.845+0000] {processor.py:914} INFO - Processing file /home/airflow/.local/lib/python3.12/site-packages/airflow/example_dags/example_short_circuit_operator.py for tasks to queue
[2025-02-05T13:55:22.848+0000] {logging_mixin.py:190} INFO - [2025-02-05T13:55:22.847+0000] {dagbag.py:588} INFO - Filling up the DagBag from /home/airflow/.local/lib/python3.12/site-packages/airflow/example_dags/example_short_circuit_operator.py
[2025-02-05T13:55:22.898+0000] {processor.py:925} INFO - DAG(s) 'example_short_circuit_operator' retrieved from /home/airflow/.local/lib/python3.12/site-packages/airflow/example_dags/example_short_circuit_operator.py
[2025-02-05T13:55:23.199+0000] {logging_mixin.py:190} INFO - [2025-02-05T13:55:23.198+0000] {override.py:1911} INFO - Created Permission View: can edit on DAG:example_short_circuit_operator
[2025-02-05T13:55:23.216+0000] {logging_mixin.py:190} INFO - [2025-02-05T13:55:23.216+0000] {override.py:1911} INFO - Created Permission View: can read on DAG:example_short_circuit_operator
[2025-02-05T13:55:23.222+0000] {logging_mixin.py:190} INFO - [2025-02-05T13:55:23.222+0000] {override.py:1911} INFO - Created Permission View: can delete on DAG:example_short_circuit_operator
[2025-02-05T13:55:23.228+0000] {logging_mixin.py:190} INFO - [2025-02-05T13:55:23.227+0000] {override.py:1911} INFO - Created Permission View: menu access on DAG Run:example_short_circuit_operator
[2025-02-05T13:55:23.238+0000] {logging_mixin.py:190} INFO - [2025-02-05T13:55:23.238+0000] {override.py:1911} INFO - Created Permission View: can read on DAG Run:example_short_circuit_operator
[2025-02-05T13:55:23.244+0000] {logging_mixin.py:190} INFO - [2025-02-05T13:55:23.243+0000] {override.py:1911} INFO - Created Permission View: can delete on DAG Run:example_short_circuit_operator
[2025-02-05T13:55:23.249+0000] {logging_mixin.py:190} INFO - [2025-02-05T13:55:23.249+0000] {override.py:1911} INFO - Created Permission View: can create on DAG Run:example_short_circuit_operator
[2025-02-05T13:55:23.250+0000] {logging_mixin.py:190} INFO - [2025-02-05T13:55:23.249+0000] {dag.py:3239} INFO - Sync 1 DAGs
[2025-02-05T13:55:23.266+0000] {logging_mixin.py:190} INFO - [2025-02-05T13:55:23.265+0000] {dag.py:3262} INFO - Creating ORM DAG for example_short_circuit_operator
[2025-02-05T13:55:23.266+0000] {logging_mixin.py:190} INFO - [2025-02-05T13:55:23.266+0000] {dag.py:4180} INFO - Setting next_dagrun for example_short_circuit_operator to None, run_after=None
[2025-02-05T13:55:23.281+0000] {processor.py:208} INFO - Processing /home/airflow/.local/lib/python3.12/site-packages/airflow/example_dags/example_short_circuit_operator.py took 0.484 seconds
[2025-02-05T13:56:24.707+0000] {processor.py:186} INFO - Started process (PID=243) to work on /home/airflow/.local/lib/python3.12/site-packages/airflow/example_dags/example_short_circuit_operator.py
[2025-02-05T13:56:24.708+0000] {processor.py:914} INFO - Processing file /home/airflow/.local/lib/python3.12/site-packages/airflow/example_dags/example_short_circuit_operator.py for tasks to queue
[2025-02-05T13:56:24.713+0000] {logging_mixin.py:190} INFO - [2025-02-05T13:56:24.713+0000] {dagbag.py:588} INFO - Filling up the DagBag from /home/airflow/.local/lib/python3.12/site-packages/airflow/example_dags/example_short_circuit_operator.py
[2025-02-05T13:56:24.723+0000] {processor.py:925} INFO - DAG(s) 'example_short_circuit_operator' retrieved from /home/airflow/.local/lib/python3.12/site-packages/airflow/example_dags/example_short_circuit_operator.py
[2025-02-05T13:56:24.751+0000] {logging_mixin.py:190} INFO - [2025-02-05T13:56:24.750+0000] {dag.py:3239} INFO - Sync 1 DAGs
[2025-02-05T13:56:24.766+0000] {logging_mixin.py:190} INFO - [2025-02-05T13:56:24.766+0000] {dag.py:4180} INFO - Setting next_dagrun for example_short_circuit_operator to None, run_after=None
[2025-02-05T13:56:24.783+0000] {processor.py:208} INFO - Processing /home/airflow/.local/lib/python3.12/site-packages/airflow/example_dags/example_short_circuit_operator.py took 0.082 seconds
[2025-02-05T13:56:55.030+0000] {processor.py:186} INFO - Started process (PID=306) to work on /home/airflow/.local/lib/python3.12/site-packages/airflow/example_dags/example_short_circuit_operator.py
[2025-02-05T13:56:55.031+0000] {processor.py:914} INFO - Processing file /home/airflow/.local/lib/python3.12/site-packages/airflow/example_dags/example_short_circuit_operator.py for tasks to queue
[2025-02-05T13:56:55.036+0000] {logging_mixin.py:190} INFO - [2025-02-05T13:56:55.036+0000] {dagbag.py:588} INFO - Filling up the DagBag from /home/airflow/.local/lib/python3.12/site-packages/airflow/example_dags/example_short_circuit_operator.py
[2025-02-05T13:56:55.045+0000] {processor.py:925} INFO - DAG(s) 'example_short_circuit_operator' retrieved from /home/airflow/.local/lib/python3.12/site-packages/airflow/example_dags/example_short_circuit_operator.py
[2025-02-05T13:56:55.072+0000] {logging_mixin.py:190} INFO - [2025-02-05T13:56:55.071+0000] {dag.py:3239} INFO - Sync 1 DAGs
[2025-02-05T13:56:55.092+0000] {logging_mixin.py:190} INFO - [2025-02-05T13:56:55.092+0000] {dag.py:4180} INFO - Setting next_dagrun for example_short_circuit_operator to None, run_after=None
[2025-02-05T13:56:55.107+0000] {processor.py:208} INFO - Processing /home/airflow/.local/lib/python3.12/site-packages/airflow/example_dags/example_short_circuit_operator.py took 0.084 seconds
[2025-02-05T13:57:25.314+0000] {processor.py:186} INFO - Started process (PID=369) to work on /home/airflow/.local/lib/python3.12/site-packages/airflow/example_dags/example_short_circuit_operator.py
[2025-02-05T13:57:25.314+0000] {processor.py:914} INFO - Processing file /home/airflow/.local/lib/python3.12/site-packages/airflow/example_dags/example_short_circuit_operator.py for tasks to queue
[2025-02-05T13:57:25.317+0000] {logging_mixin.py:190} INFO - [2025-02-05T13:57:25.316+0000] {dagbag.py:588} INFO - Filling up the DagBag from /home/airflow/.local/lib/python3.12/site-packages/airflow/example_dags/example_short_circuit_operator.py
[2025-02-05T13:57:25.326+0000] {processor.py:925} INFO - DAG(s) 'example_short_circuit_operator' retrieved from /home/airflow/.local/lib/python3.12/site-packages/airflow/example_dags/example_short_circuit_operator.py
[2025-02-05T13:57:25.356+0000] {logging_mixin.py:190} INFO - [2025-02-05T13:57:25.355+0000] {dag.py:3239} INFO - Sync 1 DAGs
[2025-02-05T13:57:25.373+0000] {logging_mixin.py:190} INFO - [2025-02-05T13:57:25.373+0000] {dag.py:4180} INFO - Setting next_dagrun for example_short_circuit_operator to None, run_after=None
[2025-02-05T13:57:25.389+0000] {processor.py:208} INFO - Processing /home/airflow/.local/lib/python3.12/site-packages/airflow/example_dags/example_short_circuit_operator.py took 0.085 seconds
[2025-02-05T13:57:56.316+0000] {processor.py:186} INFO - Started process (PID=432) to work on /home/airflow/.local/lib/python3.12/site-packages/airflow/example_dags/example_short_circuit_operator.py
[2025-02-05T13:57:56.333+0000] {processor.py:914} INFO - Processing file /home/airflow/.local/lib/python3.12/site-packages/airflow/example_dags/example_short_circuit_operator.py for tasks to queue
[2025-02-05T13:57:56.335+0000] {logging_mixin.py:190} INFO - [2025-02-05T13:57:56.335+0000] {dagbag.py:588} INFO - Filling up the DagBag from /home/airflow/.local/lib/python3.12/site-packages/airflow/example_dags/example_short_circuit_operator.py
[2025-02-05T13:57:56.363+0000] {processor.py:925} INFO - DAG(s) 'example_short_circuit_operator' retrieved from /home/airflow/.local/lib/python3.12/site-packages/airflow/example_dags/example_short_circuit_operator.py
[2025-02-05T13:57:56.440+0000] {logging_mixin.py:190} INFO - [2025-02-05T13:57:56.440+0000] {dag.py:3239} INFO - Sync 1 DAGs
[2025-02-05T13:57:56.503+0000] {logging_mixin.py:190} INFO - [2025-02-05T13:57:56.503+0000] {dag.py:4180} INFO - Setting next_dagrun for example_short_circuit_operator to None, run_after=None
