[2025-02-05T13:55:21.999+0000] {processor.py:186} INFO - Started process (PID=114) to work on /home/airflow/.local/lib/python3.12/site-packages/airflow/example_dags/example_short_circuit_decorator.py
[2025-02-05T13:55:22.000+0000] {processor.py:914} INFO - Processing file /home/airflow/.local/lib/python3.12/site-packages/airflow/example_dags/example_short_circuit_decorator.py for tasks to queue
[2025-02-05T13:55:22.005+0000] {logging_mixin.py:190} INFO - [2025-02-05T13:55:22.005+0000] {dagbag.py:588} INFO - Filling up the DagBag from /home/airflow/.local/lib/python3.12/site-packages/airflow/example_dags/example_short_circuit_decorator.py
[2025-02-05T13:55:22.076+0000] {processor.py:925} INFO - DAG(s) 'example_short_circuit_decorator' retrieved from /home/airflow/.local/lib/python3.12/site-packages/airflow/example_dags/example_short_circuit_decorator.py
[2025-02-05T13:55:22.433+0000] {logging_mixin.py:190} INFO - [2025-02-05T13:55:22.432+0000] {override.py:1911} INFO - Created Permission View: can edit on DAG:example_short_circuit_decorator
[2025-02-05T13:55:22.455+0000] {logging_mixin.py:190} INFO - [2025-02-05T13:55:22.454+0000] {override.py:1911} INFO - Created Permission View: can read on DAG:example_short_circuit_decorator
[2025-02-05T13:55:22.473+0000] {logging_mixin.py:190} INFO - [2025-02-05T13:55:22.472+0000] {override.py:1911} INFO - Created Permission View: can delete on DAG:example_short_circuit_decorator
[2025-02-05T13:55:22.486+0000] {logging_mixin.py:190} INFO - [2025-02-05T13:55:22.485+0000] {override.py:1911} INFO - Created Permission View: menu access on DAG Run:example_short_circuit_decorator
[2025-02-05T13:55:22.509+0000] {logging_mixin.py:190} INFO - [2025-02-05T13:55:22.508+0000] {override.py:1911} INFO - Created Permission View: can read on DAG Run:example_short_circuit_decorator
[2025-02-05T13:55:22.517+0000] {logging_mixin.py:190} INFO - [2025-02-05T13:55:22.516+0000] {override.py:1911} INFO - Created Permission View: can delete on DAG Run:example_short_circuit_decorator
[2025-02-05T13:55:22.522+0000] {logging_mixin.py:190} INFO - [2025-02-05T13:55:22.521+0000] {override.py:1911} INFO - Created Permission View: can create on DAG Run:example_short_circuit_decorator
[2025-02-05T13:55:22.522+0000] {logging_mixin.py:190} INFO - [2025-02-05T13:55:22.522+0000] {dag.py:3239} INFO - Sync 1 DAGs
[2025-02-05T13:55:22.550+0000] {logging_mixin.py:190} INFO - [2025-02-05T13:55:22.550+0000] {dag.py:3262} INFO - Creating ORM DAG for example_short_circuit_decorator
[2025-02-05T13:55:22.550+0000] {logging_mixin.py:190} INFO - [2025-02-05T13:55:22.550+0000] {dag.py:4180} INFO - Setting next_dagrun for example_short_circuit_decorator to None, run_after=None
[2025-02-05T13:55:22.572+0000] {processor.py:208} INFO - Processing /home/airflow/.local/lib/python3.12/site-packages/airflow/example_dags/example_short_circuit_decorator.py took 0.590 seconds
[2025-02-05T13:56:23.400+0000] {processor.py:186} INFO - Started process (PID=239) to work on /home/airflow/.local/lib/python3.12/site-packages/airflow/example_dags/example_short_circuit_decorator.py
[2025-02-05T13:56:23.401+0000] {processor.py:914} INFO - Processing file /home/airflow/.local/lib/python3.12/site-packages/airflow/example_dags/example_short_circuit_decorator.py for tasks to queue
[2025-02-05T13:56:23.404+0000] {logging_mixin.py:190} INFO - [2025-02-05T13:56:23.404+0000] {dagbag.py:588} INFO - Filling up the DagBag from /home/airflow/.local/lib/python3.12/site-packages/airflow/example_dags/example_short_circuit_decorator.py
[2025-02-05T13:56:23.415+0000] {processor.py:925} INFO - DAG(s) 'example_short_circuit_decorator' retrieved from /home/airflow/.local/lib/python3.12/site-packages/airflow/example_dags/example_short_circuit_decorator.py
[2025-02-05T13:56:23.441+0000] {logging_mixin.py:190} INFO - [2025-02-05T13:56:23.441+0000] {dag.py:3239} INFO - Sync 1 DAGs
[2025-02-05T13:56:23.457+0000] {logging_mixin.py:190} INFO - [2025-02-05T13:56:23.457+0000] {dag.py:4180} INFO - Setting next_dagrun for example_short_circuit_decorator to None, run_after=None
[2025-02-05T13:56:23.473+0000] {processor.py:208} INFO - Processing /home/airflow/.local/lib/python3.12/site-packages/airflow/example_dags/example_short_circuit_decorator.py took 0.079 seconds
[2025-02-05T13:56:53.844+0000] {processor.py:186} INFO - Started process (PID=303) to work on /home/airflow/.local/lib/python3.12/site-packages/airflow/example_dags/example_short_circuit_decorator.py
[2025-02-05T13:56:53.845+0000] {processor.py:914} INFO - Processing file /home/airflow/.local/lib/python3.12/site-packages/airflow/example_dags/example_short_circuit_decorator.py for tasks to queue
[2025-02-05T13:56:53.848+0000] {logging_mixin.py:190} INFO - [2025-02-05T13:56:53.848+0000] {dagbag.py:588} INFO - Filling up the DagBag from /home/airflow/.local/lib/python3.12/site-packages/airflow/example_dags/example_short_circuit_decorator.py
[2025-02-05T13:56:53.859+0000] {processor.py:925} INFO - DAG(s) 'example_short_circuit_decorator' retrieved from /home/airflow/.local/lib/python3.12/site-packages/airflow/example_dags/example_short_circuit_decorator.py
[2025-02-05T13:56:53.908+0000] {logging_mixin.py:190} INFO - [2025-02-05T13:56:53.908+0000] {dag.py:3239} INFO - Sync 1 DAGs
[2025-02-05T13:56:53.936+0000] {logging_mixin.py:190} INFO - [2025-02-05T13:56:53.936+0000] {dag.py:4180} INFO - Setting next_dagrun for example_short_circuit_decorator to None, run_after=None
[2025-02-05T13:56:53.963+0000] {processor.py:208} INFO - Processing /home/airflow/.local/lib/python3.12/site-packages/airflow/example_dags/example_short_circuit_decorator.py took 0.124 seconds
[2025-02-05T13:57:24.644+0000] {processor.py:186} INFO - Started process (PID=366) to work on /home/airflow/.local/lib/python3.12/site-packages/airflow/example_dags/example_short_circuit_decorator.py
[2025-02-05T13:57:24.644+0000] {processor.py:914} INFO - Processing file /home/airflow/.local/lib/python3.12/site-packages/airflow/example_dags/example_short_circuit_decorator.py for tasks to queue
[2025-02-05T13:57:24.647+0000] {logging_mixin.py:190} INFO - [2025-02-05T13:57:24.646+0000] {dagbag.py:588} INFO - Filling up the DagBag from /home/airflow/.local/lib/python3.12/site-packages/airflow/example_dags/example_short_circuit_decorator.py
[2025-02-05T13:57:24.657+0000] {processor.py:925} INFO - DAG(s) 'example_short_circuit_decorator' retrieved from /home/airflow/.local/lib/python3.12/site-packages/airflow/example_dags/example_short_circuit_decorator.py
[2025-02-05T13:57:24.684+0000] {logging_mixin.py:190} INFO - [2025-02-05T13:57:24.684+0000] {dag.py:3239} INFO - Sync 1 DAGs
[2025-02-05T13:57:24.700+0000] {logging_mixin.py:190} INFO - [2025-02-05T13:57:24.700+0000] {dag.py:4180} INFO - Setting next_dagrun for example_short_circuit_decorator to None, run_after=None
[2025-02-05T13:57:24.716+0000] {processor.py:208} INFO - Processing /home/airflow/.local/lib/python3.12/site-packages/airflow/example_dags/example_short_circuit_decorator.py took 0.078 seconds
[2025-02-05T13:57:55.140+0000] {processor.py:186} INFO - Started process (PID=428) to work on /home/airflow/.local/lib/python3.12/site-packages/airflow/example_dags/example_short_circuit_decorator.py
[2025-02-05T13:57:55.141+0000] {processor.py:914} INFO - Processing file /home/airflow/.local/lib/python3.12/site-packages/airflow/example_dags/example_short_circuit_decorator.py for tasks to queue
[2025-02-05T13:57:55.147+0000] {logging_mixin.py:190} INFO - [2025-02-05T13:57:55.147+0000] {dagbag.py:588} INFO - Filling up the DagBag from /home/airflow/.local/lib/python3.12/site-packages/airflow/example_dags/example_short_circuit_decorator.py
[2025-02-05T13:57:55.177+0000] {processor.py:925} INFO - DAG(s) 'example_short_circuit_decorator' retrieved from /home/airflow/.local/lib/python3.12/site-packages/airflow/example_dags/example_short_circuit_decorator.py
[2025-02-05T13:57:55.277+0000] {logging_mixin.py:190} INFO - [2025-02-05T13:57:55.277+0000] {dag.py:3239} INFO - Sync 1 DAGs
[2025-02-05T13:57:55.319+0000] {logging_mixin.py:190} INFO - [2025-02-05T13:57:55.319+0000] {dag.py:4180} INFO - Setting next_dagrun for example_short_circuit_decorator to None, run_after=None
[2025-02-05T13:57:55.369+0000] {processor.py:208} INFO - Processing /home/airflow/.local/lib/python3.12/site-packages/airflow/example_dags/example_short_circuit_decorator.py took 0.252 seconds
