[2025-02-05T13:55:06.684+0000] {processor.py:186} INFO - Started process (PID=87) to work on /home/airflow/.local/lib/python3.12/site-packages/airflow/example_dags/example_branch_labels.py
[2025-02-05T13:55:06.685+0000] {processor.py:914} INFO - Processing file /home/airflow/.local/lib/python3.12/site-packages/airflow/example_dags/example_branch_labels.py for tasks to queue
[2025-02-05T13:55:06.687+0000] {logging_mixin.py:190} INFO - [2025-02-05T13:55:06.687+0000] {dagbag.py:588} INFO - Filling up the DagBag from /home/airflow/.local/lib/python3.12/site-packages/airflow/example_dags/example_branch_labels.py
[2025-02-05T13:55:06.709+0000] {processor.py:925} INFO - DAG(s) 'example_branch_labels' retrieved from /home/airflow/.local/lib/python3.12/site-packages/airflow/example_dags/example_branch_labels.py
[2025-02-05T13:55:07.036+0000] {logging_mixin.py:190} INFO - [2025-02-05T13:55:07.025+0000] {override.py:1911} INFO - Created Permission View: can edit on DAG:example_branch_labels
[2025-02-05T13:55:07.056+0000] {logging_mixin.py:190} INFO - [2025-02-05T13:55:07.055+0000] {override.py:1911} INFO - Created Permission View: can read on DAG:example_branch_labels
[2025-02-05T13:55:07.071+0000] {logging_mixin.py:190} INFO - [2025-02-05T13:55:07.071+0000] {override.py:1911} INFO - Created Permission View: can delete on DAG:example_branch_labels
[2025-02-05T13:55:07.091+0000] {logging_mixin.py:190} INFO - [2025-02-05T13:55:07.091+0000] {override.py:1911} INFO - Created Permission View: menu access on DAG Run:example_branch_labels
[2025-02-05T13:55:07.114+0000] {logging_mixin.py:190} INFO - [2025-02-05T13:55:07.114+0000] {override.py:1911} INFO - Created Permission View: can read on DAG Run:example_branch_labels
[2025-02-05T13:55:07.130+0000] {logging_mixin.py:190} INFO - [2025-02-05T13:55:07.130+0000] {override.py:1911} INFO - Created Permission View: can delete on DAG Run:example_branch_labels
[2025-02-05T13:55:07.145+0000] {logging_mixin.py:190} INFO - [2025-02-05T13:55:07.144+0000] {override.py:1911} INFO - Created Permission View: can create on DAG Run:example_branch_labels
[2025-02-05T13:55:07.149+0000] {logging_mixin.py:190} INFO - [2025-02-05T13:55:07.148+0000] {dag.py:3239} INFO - Sync 1 DAGs
[2025-02-05T13:55:07.182+0000] {logging_mixin.py:190} INFO - [2025-02-05T13:55:07.182+0000] {dag.py:3262} INFO - Creating ORM DAG for example_branch_labels
[2025-02-05T13:55:07.207+0000] {logging_mixin.py:190} INFO - [2025-02-05T13:55:07.207+0000] {dag.py:4180} INFO - Setting next_dagrun for example_branch_labels to 2025-02-04 00:00:00+00:00, run_after=2025-02-05 00:00:00+00:00
[2025-02-05T13:55:07.232+0000] {processor.py:208} INFO - Processing /home/airflow/.local/lib/python3.12/site-packages/airflow/example_dags/example_branch_labels.py took 0.568 seconds
[2025-02-05T13:55:37.420+0000] {processor.py:186} INFO - Started process (PID=149) to work on /home/airflow/.local/lib/python3.12/site-packages/airflow/example_dags/example_branch_labels.py
[2025-02-05T13:55:37.425+0000] {processor.py:914} INFO - Processing file /home/airflow/.local/lib/python3.12/site-packages/airflow/example_dags/example_branch_labels.py for tasks to queue
[2025-02-05T13:55:37.427+0000] {logging_mixin.py:190} INFO - [2025-02-05T13:55:37.427+0000] {dagbag.py:588} INFO - Filling up the DagBag from /home/airflow/.local/lib/python3.12/site-packages/airflow/example_dags/example_branch_labels.py
[2025-02-05T13:55:37.444+0000] {processor.py:925} INFO - DAG(s) 'example_branch_labels' retrieved from /home/airflow/.local/lib/python3.12/site-packages/airflow/example_dags/example_branch_labels.py
[2025-02-05T13:55:37.475+0000] {logging_mixin.py:190} INFO - [2025-02-05T13:55:37.475+0000] {dag.py:3239} INFO - Sync 1 DAGs
[2025-02-05T13:55:37.554+0000] {logging_mixin.py:190} INFO - [2025-02-05T13:55:37.553+0000] {dag.py:4180} INFO - Setting next_dagrun for example_branch_labels to 2025-02-04 00:00:00+00:00, run_after=2025-02-05 00:00:00+00:00
[2025-02-05T13:55:37.594+0000] {processor.py:208} INFO - Processing /home/airflow/.local/lib/python3.12/site-packages/airflow/example_dags/example_branch_labels.py took 0.187 seconds
[2025-02-05T13:56:38.469+0000] {processor.py:186} INFO - Started process (PID=275) to work on /home/airflow/.local/lib/python3.12/site-packages/airflow/example_dags/example_branch_labels.py
[2025-02-05T13:56:38.469+0000] {processor.py:914} INFO - Processing file /home/airflow/.local/lib/python3.12/site-packages/airflow/example_dags/example_branch_labels.py for tasks to queue
[2025-02-05T13:56:38.472+0000] {logging_mixin.py:190} INFO - [2025-02-05T13:56:38.471+0000] {dagbag.py:588} INFO - Filling up the DagBag from /home/airflow/.local/lib/python3.12/site-packages/airflow/example_dags/example_branch_labels.py
[2025-02-05T13:56:38.479+0000] {processor.py:925} INFO - DAG(s) 'example_branch_labels' retrieved from /home/airflow/.local/lib/python3.12/site-packages/airflow/example_dags/example_branch_labels.py
[2025-02-05T13:56:38.495+0000] {logging_mixin.py:190} INFO - [2025-02-05T13:56:38.495+0000] {dag.py:3239} INFO - Sync 1 DAGs
[2025-02-05T13:56:38.513+0000] {logging_mixin.py:190} INFO - [2025-02-05T13:56:38.513+0000] {dag.py:4180} INFO - Setting next_dagrun for example_branch_labels to 2025-02-04 00:00:00+00:00, run_after=2025-02-05 00:00:00+00:00
[2025-02-05T13:56:38.525+0000] {processor.py:208} INFO - Processing /home/airflow/.local/lib/python3.12/site-packages/airflow/example_dags/example_branch_labels.py took 0.061 seconds
[2025-02-05T13:57:08.594+0000] {processor.py:186} INFO - Started process (PID=339) to work on /home/airflow/.local/lib/python3.12/site-packages/airflow/example_dags/example_branch_labels.py
[2025-02-05T13:57:08.595+0000] {processor.py:914} INFO - Processing file /home/airflow/.local/lib/python3.12/site-packages/airflow/example_dags/example_branch_labels.py for tasks to queue
[2025-02-05T13:57:08.597+0000] {logging_mixin.py:190} INFO - [2025-02-05T13:57:08.597+0000] {dagbag.py:588} INFO - Filling up the DagBag from /home/airflow/.local/lib/python3.12/site-packages/airflow/example_dags/example_branch_labels.py
[2025-02-05T13:57:08.613+0000] {processor.py:925} INFO - DAG(s) 'example_branch_labels' retrieved from /home/airflow/.local/lib/python3.12/site-packages/airflow/example_dags/example_branch_labels.py
[2025-02-05T13:57:08.663+0000] {logging_mixin.py:190} INFO - [2025-02-05T13:57:08.663+0000] {dag.py:3239} INFO - Sync 1 DAGs
[2025-02-05T13:57:08.708+0000] {logging_mixin.py:190} INFO - [2025-02-05T13:57:08.707+0000] {dag.py:4180} INFO - Setting next_dagrun for example_branch_labels to 2025-02-04 00:00:00+00:00, run_after=2025-02-05 00:00:00+00:00
[2025-02-05T13:57:08.742+0000] {processor.py:208} INFO - Processing /home/airflow/.local/lib/python3.12/site-packages/airflow/example_dags/example_branch_labels.py took 0.155 seconds
[2025-02-05T13:57:39.007+0000] {processor.py:186} INFO - Started process (PID=402) to work on /home/airflow/.local/lib/python3.12/site-packages/airflow/example_dags/example_branch_labels.py
[2025-02-05T13:57:39.008+0000] {processor.py:914} INFO - Processing file /home/airflow/.local/lib/python3.12/site-packages/airflow/example_dags/example_branch_labels.py for tasks to queue
[2025-02-05T13:57:39.011+0000] {logging_mixin.py:190} INFO - [2025-02-05T13:57:39.011+0000] {dagbag.py:588} INFO - Filling up the DagBag from /home/airflow/.local/lib/python3.12/site-packages/airflow/example_dags/example_branch_labels.py
[2025-02-05T13:57:39.021+0000] {processor.py:925} INFO - DAG(s) 'example_branch_labels' retrieved from /home/airflow/.local/lib/python3.12/site-packages/airflow/example_dags/example_branch_labels.py
[2025-02-05T13:57:39.049+0000] {logging_mixin.py:190} INFO - [2025-02-05T13:57:39.048+0000] {dag.py:3239} INFO - Sync 1 DAGs
[2025-02-05T13:57:39.077+0000] {logging_mixin.py:190} INFO - [2025-02-05T13:57:39.077+0000] {dag.py:4180} INFO - Setting next_dagrun for example_branch_labels to 2025-02-04 00:00:00+00:00, run_after=2025-02-05 00:00:00+00:00
[2025-02-05T13:57:39.092+0000] {processor.py:208} INFO - Processing /home/airflow/.local/lib/python3.12/site-packages/airflow/example_dags/example_branch_labels.py took 0.092 seconds
