[2025-02-05T13:55:18.768+0000] {processor.py:186} INFO - Started process (PID=104) to work on /home/airflow/.local/lib/python3.12/site-packages/airflow/example_dags/example_inlet_event_extra.py
[2025-02-05T13:55:18.781+0000] {processor.py:914} INFO - Processing file /home/airflow/.local/lib/python3.12/site-packages/airflow/example_dags/example_inlet_event_extra.py for tasks to queue
[2025-02-05T13:55:18.788+0000] {logging_mixin.py:190} INFO - [2025-02-05T13:55:18.788+0000] {dagbag.py:588} INFO - Filling up the DagBag from /home/airflow/.local/lib/python3.12/site-packages/airflow/example_dags/example_inlet_event_extra.py
[2025-02-05T13:55:20.822+0000] {processor.py:925} INFO - DAG(s) 'read_dataset_event_from_classic', 'read_dataset_event' retrieved from /home/airflow/.local/lib/python3.12/site-packages/airflow/example_dags/example_inlet_event_extra.py
[2025-02-05T13:55:21.099+0000] {logging_mixin.py:190} INFO - [2025-02-05T13:55:21.095+0000] {override.py:1911} INFO - Created Permission View: can edit on DAG:read_dataset_event_from_classic
[2025-02-05T13:55:21.135+0000] {logging_mixin.py:190} INFO - [2025-02-05T13:55:21.135+0000] {override.py:1911} INFO - Created Permission View: can read on DAG:read_dataset_event_from_classic
[2025-02-05T13:55:21.152+0000] {logging_mixin.py:190} INFO - [2025-02-05T13:55:21.152+0000] {override.py:1911} INFO - Created Permission View: can delete on DAG:read_dataset_event_from_classic
[2025-02-05T13:55:21.168+0000] {logging_mixin.py:190} INFO - [2025-02-05T13:55:21.167+0000] {override.py:1911} INFO - Created Permission View: menu access on DAG Run:read_dataset_event_from_classic
[2025-02-05T13:55:21.186+0000] {logging_mixin.py:190} INFO - [2025-02-05T13:55:21.186+0000] {override.py:1911} INFO - Created Permission View: can read on DAG Run:read_dataset_event_from_classic
[2025-02-05T13:55:21.194+0000] {logging_mixin.py:190} INFO - [2025-02-05T13:55:21.194+0000] {override.py:1911} INFO - Created Permission View: can delete on DAG Run:read_dataset_event_from_classic
[2025-02-05T13:55:21.201+0000] {logging_mixin.py:190} INFO - [2025-02-05T13:55:21.201+0000] {override.py:1911} INFO - Created Permission View: can create on DAG Run:read_dataset_event_from_classic
[2025-02-05T13:55:21.217+0000] {logging_mixin.py:190} INFO - [2025-02-05T13:55:21.217+0000] {override.py:1911} INFO - Created Permission View: can edit on DAG:read_dataset_event
[2025-02-05T13:55:21.223+0000] {logging_mixin.py:190} INFO - [2025-02-05T13:55:21.223+0000] {override.py:1911} INFO - Created Permission View: can read on DAG:read_dataset_event
[2025-02-05T13:55:21.232+0000] {logging_mixin.py:190} INFO - [2025-02-05T13:55:21.231+0000] {override.py:1911} INFO - Created Permission View: can delete on DAG:read_dataset_event
[2025-02-05T13:55:21.245+0000] {logging_mixin.py:190} INFO - [2025-02-05T13:55:21.243+0000] {override.py:1911} INFO - Created Permission View: menu access on DAG Run:read_dataset_event
[2025-02-05T13:55:21.259+0000] {logging_mixin.py:190} INFO - [2025-02-05T13:55:21.259+0000] {override.py:1911} INFO - Created Permission View: can read on DAG Run:read_dataset_event
[2025-02-05T13:55:21.314+0000] {logging_mixin.py:190} INFO - [2025-02-05T13:55:21.313+0000] {override.py:1911} INFO - Created Permission View: can delete on DAG Run:read_dataset_event
[2025-02-05T13:55:21.372+0000] {logging_mixin.py:190} INFO - [2025-02-05T13:55:21.372+0000] {override.py:1911} INFO - Created Permission View: can create on DAG Run:read_dataset_event
[2025-02-05T13:55:21.373+0000] {logging_mixin.py:190} INFO - [2025-02-05T13:55:21.373+0000] {dag.py:3239} INFO - Sync 2 DAGs
[2025-02-05T13:55:21.451+0000] {logging_mixin.py:190} INFO - [2025-02-05T13:55:21.451+0000] {dag.py:3262} INFO - Creating ORM DAG for read_dataset_event
[2025-02-05T13:55:21.452+0000] {logging_mixin.py:190} INFO - [2025-02-05T13:55:21.452+0000] {dag.py:3262} INFO - Creating ORM DAG for read_dataset_event_from_classic
[2025-02-05T13:55:21.510+0000] {logging_mixin.py:190} INFO - [2025-02-05T13:55:21.510+0000] {dag.py:4180} INFO - Setting next_dagrun for read_dataset_event to 2025-02-04 00:00:00+00:00, run_after=2025-02-05 00:00:00+00:00
[2025-02-05T13:55:21.514+0000] {logging_mixin.py:190} INFO - [2025-02-05T13:55:21.514+0000] {dag.py:4180} INFO - Setting next_dagrun for read_dataset_event_from_classic to 2025-02-04 00:00:00+00:00, run_after=2025-02-05 00:00:00+00:00
[2025-02-05T13:55:21.726+0000] {processor.py:208} INFO - Processing /home/airflow/.local/lib/python3.12/site-packages/airflow/example_dags/example_inlet_event_extra.py took 3.027 seconds
[2025-02-05T13:56:24.520+0000] {processor.py:186} INFO - Started process (PID=241) to work on /home/airflow/.local/lib/python3.12/site-packages/airflow/example_dags/example_inlet_event_extra.py
[2025-02-05T13:56:24.521+0000] {processor.py:914} INFO - Processing file /home/airflow/.local/lib/python3.12/site-packages/airflow/example_dags/example_inlet_event_extra.py for tasks to queue
[2025-02-05T13:56:24.525+0000] {logging_mixin.py:190} INFO - [2025-02-05T13:56:24.524+0000] {dagbag.py:588} INFO - Filling up the DagBag from /home/airflow/.local/lib/python3.12/site-packages/airflow/example_dags/example_inlet_event_extra.py
[2025-02-05T13:56:25.370+0000] {processor.py:925} INFO - DAG(s) 'read_dataset_event', 'read_dataset_event_from_classic' retrieved from /home/airflow/.local/lib/python3.12/site-packages/airflow/example_dags/example_inlet_event_extra.py
[2025-02-05T13:56:25.392+0000] {logging_mixin.py:190} INFO - [2025-02-05T13:56:25.392+0000] {dag.py:3239} INFO - Sync 2 DAGs
[2025-02-05T13:56:25.422+0000] {logging_mixin.py:190} INFO - [2025-02-05T13:56:25.422+0000] {dag.py:4180} INFO - Setting next_dagrun for read_dataset_event to 2025-02-04 00:00:00+00:00, run_after=2025-02-05 00:00:00+00:00
[2025-02-05T13:56:25.429+0000] {logging_mixin.py:190} INFO - [2025-02-05T13:56:25.429+0000] {dag.py:4180} INFO - Setting next_dagrun for read_dataset_event_from_classic to 2025-02-04 00:00:00+00:00, run_after=2025-02-05 00:00:00+00:00
[2025-02-05T13:56:25.443+0000] {processor.py:208} INFO - Processing /home/airflow/.local/lib/python3.12/site-packages/airflow/example_dags/example_inlet_event_extra.py took 0.939 seconds
[2025-02-05T13:56:56.357+0000] {processor.py:186} INFO - Started process (PID=311) to work on /home/airflow/.local/lib/python3.12/site-packages/airflow/example_dags/example_inlet_event_extra.py
[2025-02-05T13:56:56.358+0000] {processor.py:914} INFO - Processing file /home/airflow/.local/lib/python3.12/site-packages/airflow/example_dags/example_inlet_event_extra.py for tasks to queue
[2025-02-05T13:56:56.360+0000] {logging_mixin.py:190} INFO - [2025-02-05T13:56:56.359+0000] {dagbag.py:588} INFO - Filling up the DagBag from /home/airflow/.local/lib/python3.12/site-packages/airflow/example_dags/example_inlet_event_extra.py
[2025-02-05T13:56:57.033+0000] {processor.py:925} INFO - DAG(s) 'read_dataset_event_from_classic', 'read_dataset_event' retrieved from /home/airflow/.local/lib/python3.12/site-packages/airflow/example_dags/example_inlet_event_extra.py
[2025-02-05T13:56:57.049+0000] {logging_mixin.py:190} INFO - [2025-02-05T13:56:57.048+0000] {dag.py:3239} INFO - Sync 2 DAGs
[2025-02-05T13:56:57.068+0000] {logging_mixin.py:190} INFO - [2025-02-05T13:56:57.068+0000] {dag.py:4180} INFO - Setting next_dagrun for read_dataset_event to 2025-02-04 00:00:00+00:00, run_after=2025-02-05 00:00:00+00:00
[2025-02-05T13:56:57.072+0000] {logging_mixin.py:190} INFO - [2025-02-05T13:56:57.072+0000] {dag.py:4180} INFO - Setting next_dagrun for read_dataset_event_from_classic to 2025-02-04 00:00:00+00:00, run_after=2025-02-05 00:00:00+00:00
[2025-02-05T13:56:57.085+0000] {processor.py:208} INFO - Processing /home/airflow/.local/lib/python3.12/site-packages/airflow/example_dags/example_inlet_event_extra.py took 0.734 seconds
[2025-02-05T13:57:27.934+0000] {processor.py:186} INFO - Started process (PID=378) to work on /home/airflow/.local/lib/python3.12/site-packages/airflow/example_dags/example_inlet_event_extra.py
[2025-02-05T13:57:27.935+0000] {processor.py:914} INFO - Processing file /home/airflow/.local/lib/python3.12/site-packages/airflow/example_dags/example_inlet_event_extra.py for tasks to queue
[2025-02-05T13:57:27.937+0000] {logging_mixin.py:190} INFO - [2025-02-05T13:57:27.936+0000] {dagbag.py:588} INFO - Filling up the DagBag from /home/airflow/.local/lib/python3.12/site-packages/airflow/example_dags/example_inlet_event_extra.py
[2025-02-05T13:57:28.604+0000] {processor.py:925} INFO - DAG(s) 'read_dataset_event_from_classic', 'read_dataset_event' retrieved from /home/airflow/.local/lib/python3.12/site-packages/airflow/example_dags/example_inlet_event_extra.py
[2025-02-05T13:57:28.621+0000] {logging_mixin.py:190} INFO - [2025-02-05T13:57:28.620+0000] {dag.py:3239} INFO - Sync 2 DAGs
[2025-02-05T13:57:28.640+0000] {logging_mixin.py:190} INFO - [2025-02-05T13:57:28.640+0000] {dag.py:4180} INFO - Setting next_dagrun for read_dataset_event to 2025-02-04 00:00:00+00:00, run_after=2025-02-05 00:00:00+00:00
[2025-02-05T13:57:28.644+0000] {logging_mixin.py:190} INFO - [2025-02-05T13:57:28.644+0000] {dag.py:4180} INFO - Setting next_dagrun for read_dataset_event_from_classic to 2025-02-04 00:00:00+00:00, run_after=2025-02-05 00:00:00+00:00
[2025-02-05T13:57:28.656+0000] {processor.py:208} INFO - Processing /home/airflow/.local/lib/python3.12/site-packages/airflow/example_dags/example_inlet_event_extra.py took 0.725 seconds
