[2025-02-05T13:55:06.140+0000] {processor.py:186} INFO - Started process (PID=86) to work on /home/airflow/.local/lib/python3.12/site-packages/airflow/example_dags/example_trigger_controller_dag.py
[2025-02-05T13:55:06.141+0000] {processor.py:914} INFO - Processing file /home/airflow/.local/lib/python3.12/site-packages/airflow/example_dags/example_trigger_controller_dag.py for tasks to queue
[2025-02-05T13:55:06.143+0000] {logging_mixin.py:190} INFO - [2025-02-05T13:55:06.143+0000] {dagbag.py:588} INFO - Filling up the DagBag from /home/airflow/.local/lib/python3.12/site-packages/airflow/example_dags/example_trigger_controller_dag.py
[2025-02-05T13:55:06.178+0000] {processor.py:925} INFO - DAG(s) 'example_trigger_controller_dag' retrieved from /home/airflow/.local/lib/python3.12/site-packages/airflow/example_dags/example_trigger_controller_dag.py
[2025-02-05T13:55:06.430+0000] {logging_mixin.py:190} INFO - [2025-02-05T13:55:06.429+0000] {override.py:1911} INFO - Created Permission View: can edit on DAG:example_trigger_controller_dag
[2025-02-05T13:55:06.447+0000] {logging_mixin.py:190} INFO - [2025-02-05T13:55:06.447+0000] {override.py:1911} INFO - Created Permission View: can read on DAG:example_trigger_controller_dag
[2025-02-05T13:55:06.459+0000] {logging_mixin.py:190} INFO - [2025-02-05T13:55:06.458+0000] {override.py:1911} INFO - Created Permission View: can delete on DAG:example_trigger_controller_dag
[2025-02-05T13:55:06.472+0000] {logging_mixin.py:190} INFO - [2025-02-05T13:55:06.472+0000] {override.py:1911} INFO - Created Permission View: menu access on DAG Run:example_trigger_controller_dag
[2025-02-05T13:55:06.477+0000] {logging_mixin.py:190} INFO - [2025-02-05T13:55:06.477+0000] {override.py:1911} INFO - Created Permission View: can read on DAG Run:example_trigger_controller_dag
[2025-02-05T13:55:06.501+0000] {logging_mixin.py:190} INFO - [2025-02-05T13:55:06.501+0000] {override.py:1911} INFO - Created Permission View: can delete on DAG Run:example_trigger_controller_dag
[2025-02-05T13:55:06.514+0000] {logging_mixin.py:190} INFO - [2025-02-05T13:55:06.513+0000] {override.py:1911} INFO - Created Permission View: can create on DAG Run:example_trigger_controller_dag
[2025-02-05T13:55:06.515+0000] {logging_mixin.py:190} INFO - [2025-02-05T13:55:06.514+0000] {dag.py:3239} INFO - Sync 1 DAGs
[2025-02-05T13:55:06.544+0000] {logging_mixin.py:190} INFO - [2025-02-05T13:55:06.543+0000] {dag.py:3262} INFO - Creating ORM DAG for example_trigger_controller_dag
[2025-02-05T13:55:06.565+0000] {logging_mixin.py:190} INFO - [2025-02-05T13:55:06.565+0000] {dag.py:4180} INFO - Setting next_dagrun for example_trigger_controller_dag to 2021-01-01 00:00:00+00:00, run_after=2021-01-01 00:00:00+00:00
[2025-02-05T13:55:06.592+0000] {processor.py:208} INFO - Processing /home/airflow/.local/lib/python3.12/site-packages/airflow/example_dags/example_trigger_controller_dag.py took 0.475 seconds
[2025-02-05T13:55:37.424+0000] {processor.py:186} INFO - Started process (PID=148) to work on /home/airflow/.local/lib/python3.12/site-packages/airflow/example_dags/example_trigger_controller_dag.py
[2025-02-05T13:55:37.432+0000] {processor.py:914} INFO - Processing file /home/airflow/.local/lib/python3.12/site-packages/airflow/example_dags/example_trigger_controller_dag.py for tasks to queue
[2025-02-05T13:55:37.441+0000] {logging_mixin.py:190} INFO - [2025-02-05T13:55:37.441+0000] {dagbag.py:588} INFO - Filling up the DagBag from /home/airflow/.local/lib/python3.12/site-packages/airflow/example_dags/example_trigger_controller_dag.py
[2025-02-05T13:55:37.449+0000] {processor.py:925} INFO - DAG(s) 'example_trigger_controller_dag' retrieved from /home/airflow/.local/lib/python3.12/site-packages/airflow/example_dags/example_trigger_controller_dag.py
[2025-02-05T13:55:37.491+0000] {logging_mixin.py:190} INFO - [2025-02-05T13:55:37.491+0000] {dag.py:3239} INFO - Sync 1 DAGs
[2025-02-05T13:55:37.522+0000] {logging_mixin.py:190} INFO - [2025-02-05T13:55:37.521+0000] {dag.py:4180} INFO - Setting next_dagrun for example_trigger_controller_dag to 2021-01-01 00:00:00+00:00, run_after=2021-01-01 00:00:00+00:00
[2025-02-05T13:55:37.557+0000] {processor.py:208} INFO - Processing /home/airflow/.local/lib/python3.12/site-packages/airflow/example_dags/example_trigger_controller_dag.py took 0.161 seconds
[2025-02-05T13:56:38.393+0000] {processor.py:186} INFO - Started process (PID=274) to work on /home/airflow/.local/lib/python3.12/site-packages/airflow/example_dags/example_trigger_controller_dag.py
[2025-02-05T13:56:38.393+0000] {processor.py:914} INFO - Processing file /home/airflow/.local/lib/python3.12/site-packages/airflow/example_dags/example_trigger_controller_dag.py for tasks to queue
[2025-02-05T13:56:38.395+0000] {logging_mixin.py:190} INFO - [2025-02-05T13:56:38.395+0000] {dagbag.py:588} INFO - Filling up the DagBag from /home/airflow/.local/lib/python3.12/site-packages/airflow/example_dags/example_trigger_controller_dag.py
[2025-02-05T13:56:38.401+0000] {processor.py:925} INFO - DAG(s) 'example_trigger_controller_dag' retrieved from /home/airflow/.local/lib/python3.12/site-packages/airflow/example_dags/example_trigger_controller_dag.py
[2025-02-05T13:56:38.415+0000] {logging_mixin.py:190} INFO - [2025-02-05T13:56:38.415+0000] {dag.py:3239} INFO - Sync 1 DAGs
[2025-02-05T13:56:38.432+0000] {logging_mixin.py:190} INFO - [2025-02-05T13:56:38.432+0000] {dag.py:4180} INFO - Setting next_dagrun for example_trigger_controller_dag to 2021-01-01 00:00:00+00:00, run_after=2021-01-01 00:00:00+00:00
[2025-02-05T13:56:38.445+0000] {processor.py:208} INFO - Processing /home/airflow/.local/lib/python3.12/site-packages/airflow/example_dags/example_trigger_controller_dag.py took 0.057 seconds
[2025-02-05T13:57:08.581+0000] {processor.py:186} INFO - Started process (PID=338) to work on /home/airflow/.local/lib/python3.12/site-packages/airflow/example_dags/example_trigger_controller_dag.py
[2025-02-05T13:57:08.582+0000] {processor.py:914} INFO - Processing file /home/airflow/.local/lib/python3.12/site-packages/airflow/example_dags/example_trigger_controller_dag.py for tasks to queue
[2025-02-05T13:57:08.584+0000] {logging_mixin.py:190} INFO - [2025-02-05T13:57:08.584+0000] {dagbag.py:588} INFO - Filling up the DagBag from /home/airflow/.local/lib/python3.12/site-packages/airflow/example_dags/example_trigger_controller_dag.py
[2025-02-05T13:57:08.599+0000] {processor.py:925} INFO - DAG(s) 'example_trigger_controller_dag' retrieved from /home/airflow/.local/lib/python3.12/site-packages/airflow/example_dags/example_trigger_controller_dag.py
[2025-02-05T13:57:08.638+0000] {logging_mixin.py:190} INFO - [2025-02-05T13:57:08.638+0000] {dag.py:3239} INFO - Sync 1 DAGs
[2025-02-05T13:57:08.698+0000] {logging_mixin.py:190} INFO - [2025-02-05T13:57:08.697+0000] {dag.py:4180} INFO - Setting next_dagrun for example_trigger_controller_dag to 2021-01-01 00:00:00+00:00, run_after=2021-01-01 00:00:00+00:00
[2025-02-05T13:57:08.726+0000] {processor.py:208} INFO - Processing /home/airflow/.local/lib/python3.12/site-packages/airflow/example_dags/example_trigger_controller_dag.py took 0.150 seconds
[2025-02-05T13:57:38.994+0000] {processor.py:186} INFO - Started process (PID=401) to work on /home/airflow/.local/lib/python3.12/site-packages/airflow/example_dags/example_trigger_controller_dag.py
[2025-02-05T13:57:38.995+0000] {processor.py:914} INFO - Processing file /home/airflow/.local/lib/python3.12/site-packages/airflow/example_dags/example_trigger_controller_dag.py for tasks to queue
[2025-02-05T13:57:38.997+0000] {logging_mixin.py:190} INFO - [2025-02-05T13:57:38.997+0000] {dagbag.py:588} INFO - Filling up the DagBag from /home/airflow/.local/lib/python3.12/site-packages/airflow/example_dags/example_trigger_controller_dag.py
[2025-02-05T13:57:39.004+0000] {processor.py:925} INFO - DAG(s) 'example_trigger_controller_dag' retrieved from /home/airflow/.local/lib/python3.12/site-packages/airflow/example_dags/example_trigger_controller_dag.py
[2025-02-05T13:57:39.023+0000] {logging_mixin.py:190} INFO - [2025-02-05T13:57:39.023+0000] {dag.py:3239} INFO - Sync 1 DAGs
[2025-02-05T13:57:39.049+0000] {logging_mixin.py:190} INFO - [2025-02-05T13:57:39.049+0000] {dag.py:4180} INFO - Setting next_dagrun for example_trigger_controller_dag to 2021-01-01 00:00:00+00:00, run_after=2021-01-01 00:00:00+00:00
[2025-02-05T13:57:39.067+0000] {processor.py:208} INFO - Processing /home/airflow/.local/lib/python3.12/site-packages/airflow/example_dags/example_trigger_controller_dag.py took 0.078 seconds
