[2025-02-05T13:55:09.150+0000] {processor.py:186} INFO - Started process (PID=90) to work on /home/airflow/.local/lib/python3.12/site-packages/airflow/example_dags/example_xcomargs.py
[2025-02-05T13:55:09.150+0000] {processor.py:914} INFO - Processing file /home/airflow/.local/lib/python3.12/site-packages/airflow/example_dags/example_xcomargs.py for tasks to queue
[2025-02-05T13:55:09.167+0000] {logging_mixin.py:190} INFO - [2025-02-05T13:55:09.152+0000] {dagbag.py:588} INFO - Filling up the DagBag from /home/airflow/.local/lib/python3.12/site-packages/airflow/example_dags/example_xcomargs.py
[2025-02-05T13:55:09.183+0000] {processor.py:925} INFO - DAG(s) 'example_xcom_args_with_operators', 'example_xcom_args' retrieved from /home/airflow/.local/lib/python3.12/site-packages/airflow/example_dags/example_xcomargs.py
[2025-02-05T13:55:09.643+0000] {logging_mixin.py:190} INFO - [2025-02-05T13:55:09.643+0000] {override.py:1911} INFO - Created Permission View: can edit on DAG:example_xcom_args_with_operators
[2025-02-05T13:55:09.690+0000] {logging_mixin.py:190} INFO - [2025-02-05T13:55:09.690+0000] {override.py:1911} INFO - Created Permission View: can read on DAG:example_xcom_args_with_operators
[2025-02-05T13:55:09.706+0000] {logging_mixin.py:190} INFO - [2025-02-05T13:55:09.705+0000] {override.py:1911} INFO - Created Permission View: can delete on DAG:example_xcom_args_with_operators
[2025-02-05T13:55:09.714+0000] {logging_mixin.py:190} INFO - [2025-02-05T13:55:09.714+0000] {override.py:1911} INFO - Created Permission View: menu access on DAG Run:example_xcom_args_with_operators
[2025-02-05T13:55:09.735+0000] {logging_mixin.py:190} INFO - [2025-02-05T13:55:09.735+0000] {override.py:1911} INFO - Created Permission View: can read on DAG Run:example_xcom_args_with_operators
[2025-02-05T13:55:09.750+0000] {logging_mixin.py:190} INFO - [2025-02-05T13:55:09.749+0000] {override.py:1911} INFO - Created Permission View: can delete on DAG Run:example_xcom_args_with_operators
[2025-02-05T13:55:09.768+0000] {logging_mixin.py:190} INFO - [2025-02-05T13:55:09.768+0000] {override.py:1911} INFO - Created Permission View: can create on DAG Run:example_xcom_args_with_operators
[2025-02-05T13:55:09.821+0000] {logging_mixin.py:190} INFO - [2025-02-05T13:55:09.820+0000] {override.py:1911} INFO - Created Permission View: can edit on DAG:example_xcom_args
[2025-02-05T13:55:09.837+0000] {logging_mixin.py:190} INFO - [2025-02-05T13:55:09.837+0000] {override.py:1911} INFO - Created Permission View: can read on DAG:example_xcom_args
[2025-02-05T13:55:09.852+0000] {logging_mixin.py:190} INFO - [2025-02-05T13:55:09.852+0000] {override.py:1911} INFO - Created Permission View: can delete on DAG:example_xcom_args
[2025-02-05T13:55:09.866+0000] {logging_mixin.py:190} INFO - [2025-02-05T13:55:09.865+0000] {override.py:1911} INFO - Created Permission View: menu access on DAG Run:example_xcom_args
[2025-02-05T13:55:09.889+0000] {logging_mixin.py:190} INFO - [2025-02-05T13:55:09.889+0000] {override.py:1911} INFO - Created Permission View: can read on DAG Run:example_xcom_args
[2025-02-05T13:55:09.922+0000] {logging_mixin.py:190} INFO - [2025-02-05T13:55:09.922+0000] {override.py:1911} INFO - Created Permission View: can delete on DAG Run:example_xcom_args
[2025-02-05T13:55:09.958+0000] {logging_mixin.py:190} INFO - [2025-02-05T13:55:09.958+0000] {override.py:1911} INFO - Created Permission View: can create on DAG Run:example_xcom_args
[2025-02-05T13:55:09.959+0000] {logging_mixin.py:190} INFO - [2025-02-05T13:55:09.959+0000] {dag.py:3239} INFO - Sync 2 DAGs
[2025-02-05T13:55:09.989+0000] {logging_mixin.py:190} INFO - [2025-02-05T13:55:09.989+0000] {dag.py:3262} INFO - Creating ORM DAG for example_xcom_args
[2025-02-05T13:55:09.990+0000] {logging_mixin.py:190} INFO - [2025-02-05T13:55:09.989+0000] {dag.py:3262} INFO - Creating ORM DAG for example_xcom_args_with_operators
[2025-02-05T13:55:09.990+0000] {logging_mixin.py:190} INFO - [2025-02-05T13:55:09.990+0000] {dag.py:4180} INFO - Setting next_dagrun for example_xcom_args to None, run_after=None
[2025-02-05T13:55:09.991+0000] {logging_mixin.py:190} INFO - [2025-02-05T13:55:09.991+0000] {dag.py:4180} INFO - Setting next_dagrun for example_xcom_args_with_operators to None, run_after=None
[2025-02-05T13:55:10.150+0000] {processor.py:208} INFO - Processing /home/airflow/.local/lib/python3.12/site-packages/airflow/example_dags/example_xcomargs.py took 1.037 seconds
[2025-02-05T13:55:40.851+0000] {processor.py:186} INFO - Started process (PID=153) to work on /home/airflow/.local/lib/python3.12/site-packages/airflow/example_dags/example_xcomargs.py
[2025-02-05T13:55:40.852+0000] {processor.py:914} INFO - Processing file /home/airflow/.local/lib/python3.12/site-packages/airflow/example_dags/example_xcomargs.py for tasks to queue
[2025-02-05T13:55:40.855+0000] {logging_mixin.py:190} INFO - [2025-02-05T13:55:40.854+0000] {dagbag.py:588} INFO - Filling up the DagBag from /home/airflow/.local/lib/python3.12/site-packages/airflow/example_dags/example_xcomargs.py
[2025-02-05T13:55:40.866+0000] {processor.py:925} INFO - DAG(s) 'example_xcom_args', 'example_xcom_args_with_operators' retrieved from /home/airflow/.local/lib/python3.12/site-packages/airflow/example_dags/example_xcomargs.py
[2025-02-05T13:55:40.904+0000] {logging_mixin.py:190} INFO - [2025-02-05T13:55:40.903+0000] {dag.py:3239} INFO - Sync 2 DAGs
[2025-02-05T13:55:40.925+0000] {logging_mixin.py:190} INFO - [2025-02-05T13:55:40.924+0000] {dag.py:4180} INFO - Setting next_dagrun for example_xcom_args to None, run_after=None
[2025-02-05T13:55:40.930+0000] {logging_mixin.py:190} INFO - [2025-02-05T13:55:40.930+0000] {dag.py:4180} INFO - Setting next_dagrun for example_xcom_args_with_operators to None, run_after=None
[2025-02-05T13:55:41.449+0000] {processor.py:208} INFO - Processing /home/airflow/.local/lib/python3.12/site-packages/airflow/example_dags/example_xcomargs.py took 0.606 seconds
[2025-02-05T13:56:41.729+0000] {processor.py:186} INFO - Started process (PID=278) to work on /home/airflow/.local/lib/python3.12/site-packages/airflow/example_dags/example_xcomargs.py
[2025-02-05T13:56:41.730+0000] {processor.py:914} INFO - Processing file /home/airflow/.local/lib/python3.12/site-packages/airflow/example_dags/example_xcomargs.py for tasks to queue
[2025-02-05T13:56:41.741+0000] {logging_mixin.py:190} INFO - [2025-02-05T13:56:41.741+0000] {dagbag.py:588} INFO - Filling up the DagBag from /home/airflow/.local/lib/python3.12/site-packages/airflow/example_dags/example_xcomargs.py
[2025-02-05T13:56:41.760+0000] {processor.py:925} INFO - DAG(s) 'example_xcom_args', 'example_xcom_args_with_operators' retrieved from /home/airflow/.local/lib/python3.12/site-packages/airflow/example_dags/example_xcomargs.py
[2025-02-05T13:56:41.801+0000] {logging_mixin.py:190} INFO - [2025-02-05T13:56:41.801+0000] {dag.py:3239} INFO - Sync 2 DAGs
[2025-02-05T13:56:41.833+0000] {logging_mixin.py:190} INFO - [2025-02-05T13:56:41.833+0000] {dag.py:4180} INFO - Setting next_dagrun for example_xcom_args to None, run_after=None
[2025-02-05T13:56:41.841+0000] {logging_mixin.py:190} INFO - [2025-02-05T13:56:41.841+0000] {dag.py:4180} INFO - Setting next_dagrun for example_xcom_args_with_operators to None, run_after=None
[2025-02-05T13:56:41.865+0000] {processor.py:208} INFO - Processing /home/airflow/.local/lib/python3.12/site-packages/airflow/example_dags/example_xcomargs.py took 0.154 seconds
[2025-02-05T13:57:12.807+0000] {processor.py:186} INFO - Started process (PID=342) to work on /home/airflow/.local/lib/python3.12/site-packages/airflow/example_dags/example_xcomargs.py
[2025-02-05T13:57:12.807+0000] {processor.py:914} INFO - Processing file /home/airflow/.local/lib/python3.12/site-packages/airflow/example_dags/example_xcomargs.py for tasks to queue
[2025-02-05T13:57:12.809+0000] {logging_mixin.py:190} INFO - [2025-02-05T13:57:12.809+0000] {dagbag.py:588} INFO - Filling up the DagBag from /home/airflow/.local/lib/python3.12/site-packages/airflow/example_dags/example_xcomargs.py
[2025-02-05T13:57:12.817+0000] {processor.py:925} INFO - DAG(s) 'example_xcom_args', 'example_xcom_args_with_operators' retrieved from /home/airflow/.local/lib/python3.12/site-packages/airflow/example_dags/example_xcomargs.py
[2025-02-05T13:57:12.846+0000] {logging_mixin.py:190} INFO - [2025-02-05T13:57:12.846+0000] {dag.py:3239} INFO - Sync 2 DAGs
[2025-02-05T13:57:12.860+0000] {logging_mixin.py:190} INFO - [2025-02-05T13:57:12.860+0000] {dag.py:4180} INFO - Setting next_dagrun for example_xcom_args to None, run_after=None
[2025-02-05T13:57:12.864+0000] {logging_mixin.py:190} INFO - [2025-02-05T13:57:12.864+0000] {dag.py:4180} INFO - Setting next_dagrun for example_xcom_args_with_operators to None, run_after=None
[2025-02-05T13:57:12.880+0000] {processor.py:208} INFO - Processing /home/airflow/.local/lib/python3.12/site-packages/airflow/example_dags/example_xcomargs.py took 0.078 seconds
[2025-02-05T13:57:43.203+0000] {processor.py:186} INFO - Started process (PID=405) to work on /home/airflow/.local/lib/python3.12/site-packages/airflow/example_dags/example_xcomargs.py
[2025-02-05T13:57:43.205+0000] {processor.py:914} INFO - Processing file /home/airflow/.local/lib/python3.12/site-packages/airflow/example_dags/example_xcomargs.py for tasks to queue
[2025-02-05T13:57:43.207+0000] {logging_mixin.py:190} INFO - [2025-02-05T13:57:43.207+0000] {dagbag.py:588} INFO - Filling up the DagBag from /home/airflow/.local/lib/python3.12/site-packages/airflow/example_dags/example_xcomargs.py
[2025-02-05T13:57:43.220+0000] {processor.py:925} INFO - DAG(s) 'example_xcom_args', 'example_xcom_args_with_operators' retrieved from /home/airflow/.local/lib/python3.12/site-packages/airflow/example_dags/example_xcomargs.py
[2025-02-05T13:57:43.248+0000] {logging_mixin.py:190} INFO - [2025-02-05T13:57:43.248+0000] {dag.py:3239} INFO - Sync 2 DAGs
[2025-02-05T13:57:43.268+0000] {logging_mixin.py:190} INFO - [2025-02-05T13:57:43.268+0000] {dag.py:4180} INFO - Setting next_dagrun for example_xcom_args to None, run_after=None
[2025-02-05T13:57:43.271+0000] {logging_mixin.py:190} INFO - [2025-02-05T13:57:43.271+0000] {dag.py:4180} INFO - Setting next_dagrun for example_xcom_args_with_operators to None, run_after=None
[2025-02-05T13:57:43.282+0000] {processor.py:208} INFO - Processing /home/airflow/.local/lib/python3.12/site-packages/airflow/example_dags/example_xcomargs.py took 0.086 seconds
