[2025-02-05T13:55:11.255+0000] {processor.py:186} INFO - Started process (PID=94) to work on /home/airflow/.local/lib/python3.12/site-packages/airflow/example_dags/example_sensor_decorator.py
[2025-02-05T13:55:11.261+0000] {processor.py:914} INFO - Processing file /home/airflow/.local/lib/python3.12/site-packages/airflow/example_dags/example_sensor_decorator.py for tasks to queue
[2025-02-05T13:55:11.265+0000] {logging_mixin.py:190} INFO - [2025-02-05T13:55:11.265+0000] {dagbag.py:588} INFO - Filling up the DagBag from /home/airflow/.local/lib/python3.12/site-packages/airflow/example_dags/example_sensor_decorator.py
[2025-02-05T13:55:11.274+0000] {processor.py:925} INFO - DAG(s) 'example_sensor_decorator' retrieved from /home/airflow/.local/lib/python3.12/site-packages/airflow/example_dags/example_sensor_decorator.py
[2025-02-05T13:55:11.986+0000] {logging_mixin.py:190} INFO - [2025-02-05T13:55:11.985+0000] {override.py:1911} INFO - Created Permission View: can edit on DAG:example_sensor_decorator
[2025-02-05T13:55:12.170+0000] {logging_mixin.py:190} INFO - [2025-02-05T13:55:12.170+0000] {override.py:1911} INFO - Created Permission View: can read on DAG:example_sensor_decorator
[2025-02-05T13:55:12.185+0000] {logging_mixin.py:190} INFO - [2025-02-05T13:55:12.185+0000] {override.py:1911} INFO - Created Permission View: can delete on DAG:example_sensor_decorator
[2025-02-05T13:55:12.217+0000] {logging_mixin.py:190} INFO - [2025-02-05T13:55:12.217+0000] {override.py:1911} INFO - Created Permission View: menu access on DAG Run:example_sensor_decorator
[2025-02-05T13:55:12.234+0000] {logging_mixin.py:190} INFO - [2025-02-05T13:55:12.233+0000] {override.py:1911} INFO - Created Permission View: can read on DAG Run:example_sensor_decorator
[2025-02-05T13:55:12.274+0000] {logging_mixin.py:190} INFO - [2025-02-05T13:55:12.274+0000] {override.py:1911} INFO - Created Permission View: can delete on DAG Run:example_sensor_decorator
[2025-02-05T13:55:12.287+0000] {logging_mixin.py:190} INFO - [2025-02-05T13:55:12.286+0000] {override.py:1911} INFO - Created Permission View: can create on DAG Run:example_sensor_decorator
[2025-02-05T13:55:12.287+0000] {logging_mixin.py:190} INFO - [2025-02-05T13:55:12.287+0000] {dag.py:3239} INFO - Sync 1 DAGs
[2025-02-05T13:55:12.312+0000] {logging_mixin.py:190} INFO - [2025-02-05T13:55:12.312+0000] {dag.py:3262} INFO - Creating ORM DAG for example_sensor_decorator
[2025-02-05T13:55:12.313+0000] {logging_mixin.py:190} INFO - [2025-02-05T13:55:12.313+0000] {dag.py:4180} INFO - Setting next_dagrun for example_sensor_decorator to None, run_after=None
[2025-02-05T13:55:12.334+0000] {processor.py:208} INFO - Processing /home/airflow/.local/lib/python3.12/site-packages/airflow/example_dags/example_sensor_decorator.py took 1.102 seconds
[2025-02-05T13:55:42.880+0000] {processor.py:186} INFO - Started process (PID=157) to work on /home/airflow/.local/lib/python3.12/site-packages/airflow/example_dags/example_sensor_decorator.py
[2025-02-05T13:55:42.885+0000] {processor.py:914} INFO - Processing file /home/airflow/.local/lib/python3.12/site-packages/airflow/example_dags/example_sensor_decorator.py for tasks to queue
[2025-02-05T13:55:42.890+0000] {logging_mixin.py:190} INFO - [2025-02-05T13:55:42.889+0000] {dagbag.py:588} INFO - Filling up the DagBag from /home/airflow/.local/lib/python3.12/site-packages/airflow/example_dags/example_sensor_decorator.py
[2025-02-05T13:55:42.905+0000] {processor.py:925} INFO - DAG(s) 'example_sensor_decorator' retrieved from /home/airflow/.local/lib/python3.12/site-packages/airflow/example_dags/example_sensor_decorator.py
[2025-02-05T13:55:42.931+0000] {logging_mixin.py:190} INFO - [2025-02-05T13:55:42.930+0000] {dag.py:3239} INFO - Sync 1 DAGs
[2025-02-05T13:55:42.947+0000] {logging_mixin.py:190} INFO - [2025-02-05T13:55:42.946+0000] {dag.py:4180} INFO - Setting next_dagrun for example_sensor_decorator to None, run_after=None
[2025-02-05T13:55:42.979+0000] {processor.py:208} INFO - Processing /home/airflow/.local/lib/python3.12/site-packages/airflow/example_dags/example_sensor_decorator.py took 0.104 seconds
[2025-02-05T13:56:13.077+0000] {processor.py:186} INFO - Started process (PID=220) to work on /home/airflow/.local/lib/python3.12/site-packages/airflow/example_dags/example_sensor_decorator.py
[2025-02-05T13:56:13.084+0000] {processor.py:914} INFO - Processing file /home/airflow/.local/lib/python3.12/site-packages/airflow/example_dags/example_sensor_decorator.py for tasks to queue
[2025-02-05T13:56:13.087+0000] {logging_mixin.py:190} INFO - [2025-02-05T13:56:13.087+0000] {dagbag.py:588} INFO - Filling up the DagBag from /home/airflow/.local/lib/python3.12/site-packages/airflow/example_dags/example_sensor_decorator.py
[2025-02-05T13:56:13.104+0000] {processor.py:925} INFO - DAG(s) 'example_sensor_decorator' retrieved from /home/airflow/.local/lib/python3.12/site-packages/airflow/example_dags/example_sensor_decorator.py
[2025-02-05T13:56:13.145+0000] {logging_mixin.py:190} INFO - [2025-02-05T13:56:13.145+0000] {dag.py:3239} INFO - Sync 1 DAGs
[2025-02-05T13:56:13.169+0000] {logging_mixin.py:190} INFO - [2025-02-05T13:56:13.169+0000] {dag.py:4180} INFO - Setting next_dagrun for example_sensor_decorator to None, run_after=None
[2025-02-05T13:56:13.203+0000] {processor.py:208} INFO - Processing /home/airflow/.local/lib/python3.12/site-packages/airflow/example_dags/example_sensor_decorator.py took 0.139 seconds
[2025-02-05T13:56:43.596+0000] {processor.py:186} INFO - Started process (PID=282) to work on /home/airflow/.local/lib/python3.12/site-packages/airflow/example_dags/example_sensor_decorator.py
[2025-02-05T13:56:43.597+0000] {processor.py:914} INFO - Processing file /home/airflow/.local/lib/python3.12/site-packages/airflow/example_dags/example_sensor_decorator.py for tasks to queue
[2025-02-05T13:56:43.599+0000] {logging_mixin.py:190} INFO - [2025-02-05T13:56:43.598+0000] {dagbag.py:588} INFO - Filling up the DagBag from /home/airflow/.local/lib/python3.12/site-packages/airflow/example_dags/example_sensor_decorator.py
[2025-02-05T13:56:43.624+0000] {processor.py:925} INFO - DAG(s) 'example_sensor_decorator' retrieved from /home/airflow/.local/lib/python3.12/site-packages/airflow/example_dags/example_sensor_decorator.py
[2025-02-05T13:56:43.668+0000] {logging_mixin.py:190} INFO - [2025-02-05T13:56:43.668+0000] {dag.py:3239} INFO - Sync 1 DAGs
[2025-02-05T13:56:43.696+0000] {logging_mixin.py:190} INFO - [2025-02-05T13:56:43.696+0000] {dag.py:4180} INFO - Setting next_dagrun for example_sensor_decorator to None, run_after=None
[2025-02-05T13:56:43.733+0000] {processor.py:208} INFO - Processing /home/airflow/.local/lib/python3.12/site-packages/airflow/example_dags/example_sensor_decorator.py took 0.151 seconds
[2025-02-05T13:57:14.042+0000] {processor.py:186} INFO - Started process (PID=346) to work on /home/airflow/.local/lib/python3.12/site-packages/airflow/example_dags/example_sensor_decorator.py
[2025-02-05T13:57:14.042+0000] {processor.py:914} INFO - Processing file /home/airflow/.local/lib/python3.12/site-packages/airflow/example_dags/example_sensor_decorator.py for tasks to queue
[2025-02-05T13:57:14.044+0000] {logging_mixin.py:190} INFO - [2025-02-05T13:57:14.044+0000] {dagbag.py:588} INFO - Filling up the DagBag from /home/airflow/.local/lib/python3.12/site-packages/airflow/example_dags/example_sensor_decorator.py
[2025-02-05T13:57:14.053+0000] {processor.py:925} INFO - DAG(s) 'example_sensor_decorator' retrieved from /home/airflow/.local/lib/python3.12/site-packages/airflow/example_dags/example_sensor_decorator.py
[2025-02-05T13:57:14.072+0000] {logging_mixin.py:190} INFO - [2025-02-05T13:57:14.072+0000] {dag.py:3239} INFO - Sync 1 DAGs
[2025-02-05T13:57:14.088+0000] {logging_mixin.py:190} INFO - [2025-02-05T13:57:14.088+0000] {dag.py:4180} INFO - Setting next_dagrun for example_sensor_decorator to None, run_after=None
[2025-02-05T13:57:14.104+0000] {processor.py:208} INFO - Processing /home/airflow/.local/lib/python3.12/site-packages/airflow/example_dags/example_sensor_decorator.py took 0.069 seconds
[2025-02-05T13:57:44.381+0000] {processor.py:186} INFO - Started process (PID=409) to work on /home/airflow/.local/lib/python3.12/site-packages/airflow/example_dags/example_sensor_decorator.py
[2025-02-05T13:57:44.382+0000] {processor.py:914} INFO - Processing file /home/airflow/.local/lib/python3.12/site-packages/airflow/example_dags/example_sensor_decorator.py for tasks to queue
[2025-02-05T13:57:44.385+0000] {logging_mixin.py:190} INFO - [2025-02-05T13:57:44.384+0000] {dagbag.py:588} INFO - Filling up the DagBag from /home/airflow/.local/lib/python3.12/site-packages/airflow/example_dags/example_sensor_decorator.py
[2025-02-05T13:57:44.393+0000] {processor.py:925} INFO - DAG(s) 'example_sensor_decorator' retrieved from /home/airflow/.local/lib/python3.12/site-packages/airflow/example_dags/example_sensor_decorator.py
[2025-02-05T13:57:44.414+0000] {logging_mixin.py:190} INFO - [2025-02-05T13:57:44.414+0000] {dag.py:3239} INFO - Sync 1 DAGs
[2025-02-05T13:57:44.431+0000] {logging_mixin.py:190} INFO - [2025-02-05T13:57:44.431+0000] {dag.py:4180} INFO - Setting next_dagrun for example_sensor_decorator to None, run_after=None
[2025-02-05T13:57:44.446+0000] {processor.py:208} INFO - Processing /home/airflow/.local/lib/python3.12/site-packages/airflow/example_dags/example_sensor_decorator.py took 0.071 seconds
