[2025-02-05T13:54:52.988+0000] {processor.py:186} INFO - Started process (PID=69) to work on /home/airflow/.local/lib/python3.12/site-packages/airflow/example_dags/example_branch_operator.py
[2025-02-05T13:54:53.009+0000] {processor.py:914} INFO - Processing file /home/airflow/.local/lib/python3.12/site-packages/airflow/example_dags/example_branch_operator.py for tasks to queue
[2025-02-05T13:54:53.011+0000] {logging_mixin.py:190} INFO - [2025-02-05T13:54:53.011+0000] {dagbag.py:588} INFO - Filling up the DagBag from /home/airflow/.local/lib/python3.12/site-packages/airflow/example_dags/example_branch_operator.py
[2025-02-05T13:54:53.147+0000] {processor.py:925} INFO - DAG(s) 'example_branch_operator' retrieved from /home/airflow/.local/lib/python3.12/site-packages/airflow/example_dags/example_branch_operator.py
[2025-02-05T13:54:54.458+0000] {logging_mixin.py:190} INFO - [2025-02-05T13:54:54.457+0000] {override.py:1911} INFO - Created Permission View: can edit on DAG:example_branch_operator
[2025-02-05T13:54:54.491+0000] {logging_mixin.py:190} INFO - [2025-02-05T13:54:54.491+0000] {override.py:1911} INFO - Created Permission View: can read on DAG:example_branch_operator
[2025-02-05T13:54:54.510+0000] {logging_mixin.py:190} INFO - [2025-02-05T13:54:54.510+0000] {override.py:1911} INFO - Created Permission View: can delete on DAG:example_branch_operator
[2025-02-05T13:54:54.534+0000] {logging_mixin.py:190} INFO - [2025-02-05T13:54:54.533+0000] {override.py:1911} INFO - Created Permission View: menu access on DAG Run:example_branch_operator
[2025-02-05T13:54:54.551+0000] {logging_mixin.py:190} INFO - [2025-02-05T13:54:54.551+0000] {override.py:1911} INFO - Created Permission View: can read on DAG Run:example_branch_operator
[2025-02-05T13:54:54.577+0000] {logging_mixin.py:190} INFO - [2025-02-05T13:54:54.576+0000] {override.py:1911} INFO - Created Permission View: can delete on DAG Run:example_branch_operator
[2025-02-05T13:54:54.585+0000] {logging_mixin.py:190} INFO - [2025-02-05T13:54:54.585+0000] {override.py:1911} INFO - Created Permission View: can create on DAG Run:example_branch_operator
[2025-02-05T13:54:54.590+0000] {logging_mixin.py:190} INFO - [2025-02-05T13:54:54.590+0000] {dag.py:3239} INFO - Sync 1 DAGs
[2025-02-05T13:54:54.652+0000] {logging_mixin.py:190} INFO - [2025-02-05T13:54:54.652+0000] {dag.py:3262} INFO - Creating ORM DAG for example_branch_operator
[2025-02-05T13:54:54.727+0000] {logging_mixin.py:190} INFO - [2025-02-05T13:54:54.727+0000] {dag.py:4180} INFO - Setting next_dagrun for example_branch_operator to 2025-02-04 00:00:00+00:00, run_after=2025-02-05 00:00:00+00:00
[2025-02-05T13:54:54.865+0000] {processor.py:208} INFO - Processing /home/airflow/.local/lib/python3.12/site-packages/airflow/example_dags/example_branch_operator.py took 1.906 seconds
[2025-02-05T13:55:26.763+0000] {processor.py:186} INFO - Started process (PID=132) to work on /home/airflow/.local/lib/python3.12/site-packages/airflow/example_dags/example_branch_operator.py
[2025-02-05T13:55:26.766+0000] {processor.py:914} INFO - Processing file /home/airflow/.local/lib/python3.12/site-packages/airflow/example_dags/example_branch_operator.py for tasks to queue
[2025-02-05T13:55:26.770+0000] {logging_mixin.py:190} INFO - [2025-02-05T13:55:26.770+0000] {dagbag.py:588} INFO - Filling up the DagBag from /home/airflow/.local/lib/python3.12/site-packages/airflow/example_dags/example_branch_operator.py
[2025-02-05T13:55:26.829+0000] {processor.py:925} INFO - DAG(s) 'example_branch_operator' retrieved from /home/airflow/.local/lib/python3.12/site-packages/airflow/example_dags/example_branch_operator.py
[2025-02-05T13:55:26.895+0000] {logging_mixin.py:190} INFO - [2025-02-05T13:55:26.895+0000] {dag.py:3239} INFO - Sync 1 DAGs
[2025-02-05T13:55:26.970+0000] {logging_mixin.py:190} INFO - [2025-02-05T13:55:26.970+0000] {dag.py:4180} INFO - Setting next_dagrun for example_branch_operator to 2025-02-04 00:00:00+00:00, run_after=2025-02-05 00:00:00+00:00
[2025-02-05T13:55:27.003+0000] {processor.py:208} INFO - Processing /home/airflow/.local/lib/python3.12/site-packages/airflow/example_dags/example_branch_operator.py took 0.258 seconds
[2025-02-05T13:56:28.084+0000] {processor.py:186} INFO - Started process (PID=258) to work on /home/airflow/.local/lib/python3.12/site-packages/airflow/example_dags/example_branch_operator.py
[2025-02-05T13:56:28.087+0000] {processor.py:914} INFO - Processing file /home/airflow/.local/lib/python3.12/site-packages/airflow/example_dags/example_branch_operator.py for tasks to queue
[2025-02-05T13:56:28.092+0000] {logging_mixin.py:190} INFO - [2025-02-05T13:56:28.092+0000] {dagbag.py:588} INFO - Filling up the DagBag from /home/airflow/.local/lib/python3.12/site-packages/airflow/example_dags/example_branch_operator.py
[2025-02-05T13:56:28.146+0000] {processor.py:925} INFO - DAG(s) 'example_branch_operator' retrieved from /home/airflow/.local/lib/python3.12/site-packages/airflow/example_dags/example_branch_operator.py
[2025-02-05T13:56:28.192+0000] {logging_mixin.py:190} INFO - [2025-02-05T13:56:28.191+0000] {dag.py:3239} INFO - Sync 1 DAGs
[2025-02-05T13:56:28.219+0000] {logging_mixin.py:190} INFO - [2025-02-05T13:56:28.219+0000] {dag.py:4180} INFO - Setting next_dagrun for example_branch_operator to 2025-02-04 00:00:00+00:00, run_after=2025-02-05 00:00:00+00:00
[2025-02-05T13:56:28.235+0000] {processor.py:208} INFO - Processing /home/airflow/.local/lib/python3.12/site-packages/airflow/example_dags/example_branch_operator.py took 0.158 seconds
[2025-02-05T13:56:59.021+0000] {processor.py:186} INFO - Started process (PID=320) to work on /home/airflow/.local/lib/python3.12/site-packages/airflow/example_dags/example_branch_operator.py
[2025-02-05T13:56:59.023+0000] {processor.py:914} INFO - Processing file /home/airflow/.local/lib/python3.12/site-packages/airflow/example_dags/example_branch_operator.py for tasks to queue
[2025-02-05T13:56:59.026+0000] {logging_mixin.py:190} INFO - [2025-02-05T13:56:59.025+0000] {dagbag.py:588} INFO - Filling up the DagBag from /home/airflow/.local/lib/python3.12/site-packages/airflow/example_dags/example_branch_operator.py
[2025-02-05T13:56:59.051+0000] {processor.py:925} INFO - DAG(s) 'example_branch_operator' retrieved from /home/airflow/.local/lib/python3.12/site-packages/airflow/example_dags/example_branch_operator.py
[2025-02-05T13:56:59.083+0000] {logging_mixin.py:190} INFO - [2025-02-05T13:56:59.083+0000] {dag.py:3239} INFO - Sync 1 DAGs
[2025-02-05T13:56:59.118+0000] {logging_mixin.py:190} INFO - [2025-02-05T13:56:59.118+0000] {dag.py:4180} INFO - Setting next_dagrun for example_branch_operator to 2025-02-04 00:00:00+00:00, run_after=2025-02-05 00:00:00+00:00
[2025-02-05T13:56:59.134+0000] {processor.py:208} INFO - Processing /home/airflow/.local/lib/python3.12/site-packages/airflow/example_dags/example_branch_operator.py took 0.119 seconds
[2025-02-05T13:57:29.353+0000] {processor.py:186} INFO - Started process (PID=383) to work on /home/airflow/.local/lib/python3.12/site-packages/airflow/example_dags/example_branch_operator.py
[2025-02-05T13:57:29.365+0000] {processor.py:914} INFO - Processing file /home/airflow/.local/lib/python3.12/site-packages/airflow/example_dags/example_branch_operator.py for tasks to queue
[2025-02-05T13:57:29.369+0000] {logging_mixin.py:190} INFO - [2025-02-05T13:57:29.369+0000] {dagbag.py:588} INFO - Filling up the DagBag from /home/airflow/.local/lib/python3.12/site-packages/airflow/example_dags/example_branch_operator.py
[2025-02-05T13:57:29.411+0000] {processor.py:925} INFO - DAG(s) 'example_branch_operator' retrieved from /home/airflow/.local/lib/python3.12/site-packages/airflow/example_dags/example_branch_operator.py
[2025-02-05T13:57:29.450+0000] {logging_mixin.py:190} INFO - [2025-02-05T13:57:29.449+0000] {dag.py:3239} INFO - Sync 1 DAGs
[2025-02-05T13:57:29.475+0000] {logging_mixin.py:190} INFO - [2025-02-05T13:57:29.475+0000] {dag.py:4180} INFO - Setting next_dagrun for example_branch_operator to 2025-02-04 00:00:00+00:00, run_after=2025-02-05 00:00:00+00:00
[2025-02-05T13:57:29.491+0000] {processor.py:208} INFO - Processing /home/airflow/.local/lib/python3.12/site-packages/airflow/example_dags/example_branch_operator.py took 0.143 seconds
