[2025-02-05T13:55:08.353+0000] {processor.py:186} INFO - Started process (PID=89) to work on /home/airflow/.local/lib/python3.12/site-packages/airflow/example_dags/example_params_ui_tutorial.py
[2025-02-05T13:55:08.355+0000] {processor.py:914} INFO - Processing file /home/airflow/.local/lib/python3.12/site-packages/airflow/example_dags/example_params_ui_tutorial.py for tasks to queue
[2025-02-05T13:55:08.363+0000] {logging_mixin.py:190} INFO - [2025-02-05T13:55:08.361+0000] {dagbag.py:588} INFO - Filling up the DagBag from /home/airflow/.local/lib/python3.12/site-packages/airflow/example_dags/example_params_ui_tutorial.py
[2025-02-05T13:55:08.388+0000] {processor.py:925} INFO - DAG(s) 'example_params_ui_tutorial' retrieved from /home/airflow/.local/lib/python3.12/site-packages/airflow/example_dags/example_params_ui_tutorial.py
[2025-02-05T13:55:08.928+0000] {logging_mixin.py:190} INFO - [2025-02-05T13:55:08.927+0000] {override.py:1911} INFO - Created Permission View: can edit on DAG:example_params_ui_tutorial
[2025-02-05T13:55:08.955+0000] {logging_mixin.py:190} INFO - [2025-02-05T13:55:08.954+0000] {override.py:1911} INFO - Created Permission View: can read on DAG:example_params_ui_tutorial
[2025-02-05T13:55:08.969+0000] {logging_mixin.py:190} INFO - [2025-02-05T13:55:08.969+0000] {override.py:1911} INFO - Created Permission View: can delete on DAG:example_params_ui_tutorial
[2025-02-05T13:55:08.977+0000] {logging_mixin.py:190} INFO - [2025-02-05T13:55:08.976+0000] {override.py:1911} INFO - Created Permission View: menu access on DAG Run:example_params_ui_tutorial
[2025-02-05T13:55:08.993+0000] {logging_mixin.py:190} INFO - [2025-02-05T13:55:08.993+0000] {override.py:1911} INFO - Created Permission View: can read on DAG Run:example_params_ui_tutorial
[2025-02-05T13:55:09.003+0000] {logging_mixin.py:190} INFO - [2025-02-05T13:55:09.003+0000] {override.py:1911} INFO - Created Permission View: can delete on DAG Run:example_params_ui_tutorial
[2025-02-05T13:55:09.014+0000] {logging_mixin.py:190} INFO - [2025-02-05T13:55:09.013+0000] {override.py:1911} INFO - Created Permission View: can create on DAG Run:example_params_ui_tutorial
[2025-02-05T13:55:09.014+0000] {logging_mixin.py:190} INFO - [2025-02-05T13:55:09.014+0000] {dag.py:3239} INFO - Sync 1 DAGs
[2025-02-05T13:55:09.101+0000] {logging_mixin.py:190} INFO - [2025-02-05T13:55:09.101+0000] {dag.py:3262} INFO - Creating ORM DAG for example_params_ui_tutorial
[2025-02-05T13:55:09.102+0000] {logging_mixin.py:190} INFO - [2025-02-05T13:55:09.102+0000] {dag.py:4180} INFO - Setting next_dagrun for example_params_ui_tutorial to None, run_after=None
[2025-02-05T13:55:09.141+0000] {processor.py:208} INFO - Processing /home/airflow/.local/lib/python3.12/site-packages/airflow/example_dags/example_params_ui_tutorial.py took 0.807 seconds
[2025-02-05T13:55:39.734+0000] {processor.py:186} INFO - Started process (PID=152) to work on /home/airflow/.local/lib/python3.12/site-packages/airflow/example_dags/example_params_ui_tutorial.py
[2025-02-05T13:55:39.736+0000] {processor.py:914} INFO - Processing file /home/airflow/.local/lib/python3.12/site-packages/airflow/example_dags/example_params_ui_tutorial.py for tasks to queue
[2025-02-05T13:55:39.740+0000] {logging_mixin.py:190} INFO - [2025-02-05T13:55:39.739+0000] {dagbag.py:588} INFO - Filling up the DagBag from /home/airflow/.local/lib/python3.12/site-packages/airflow/example_dags/example_params_ui_tutorial.py
[2025-02-05T13:55:39.768+0000] {processor.py:925} INFO - DAG(s) 'example_params_ui_tutorial' retrieved from /home/airflow/.local/lib/python3.12/site-packages/airflow/example_dags/example_params_ui_tutorial.py
[2025-02-05T13:55:39.868+0000] {logging_mixin.py:190} INFO - [2025-02-05T13:55:39.867+0000] {dag.py:3239} INFO - Sync 1 DAGs
[2025-02-05T13:55:39.906+0000] {logging_mixin.py:190} INFO - [2025-02-05T13:55:39.906+0000] {dag.py:4180} INFO - Setting next_dagrun for example_params_ui_tutorial to None, run_after=None
[2025-02-05T13:55:39.932+0000] {processor.py:208} INFO - Processing /home/airflow/.local/lib/python3.12/site-packages/airflow/example_dags/example_params_ui_tutorial.py took 0.217 seconds
[2025-02-05T13:56:40.712+0000] {processor.py:186} INFO - Started process (PID=277) to work on /home/airflow/.local/lib/python3.12/site-packages/airflow/example_dags/example_params_ui_tutorial.py
[2025-02-05T13:56:40.728+0000] {processor.py:914} INFO - Processing file /home/airflow/.local/lib/python3.12/site-packages/airflow/example_dags/example_params_ui_tutorial.py for tasks to queue
[2025-02-05T13:56:40.730+0000] {logging_mixin.py:190} INFO - [2025-02-05T13:56:40.730+0000] {dagbag.py:588} INFO - Filling up the DagBag from /home/airflow/.local/lib/python3.12/site-packages/airflow/example_dags/example_params_ui_tutorial.py
[2025-02-05T13:56:40.778+0000] {processor.py:925} INFO - DAG(s) 'example_params_ui_tutorial' retrieved from /home/airflow/.local/lib/python3.12/site-packages/airflow/example_dags/example_params_ui_tutorial.py
[2025-02-05T13:56:40.979+0000] {logging_mixin.py:190} INFO - [2025-02-05T13:56:40.979+0000] {dag.py:3239} INFO - Sync 1 DAGs
[2025-02-05T13:56:41.003+0000] {logging_mixin.py:190} INFO - [2025-02-05T13:56:41.002+0000] {dag.py:4180} INFO - Setting next_dagrun for example_params_ui_tutorial to None, run_after=None
[2025-02-05T13:56:41.049+0000] {processor.py:208} INFO - Processing /home/airflow/.local/lib/python3.12/site-packages/airflow/example_dags/example_params_ui_tutorial.py took 0.355 seconds
[2025-02-05T13:57:11.795+0000] {processor.py:186} INFO - Started process (PID=341) to work on /home/airflow/.local/lib/python3.12/site-packages/airflow/example_dags/example_params_ui_tutorial.py
[2025-02-05T13:57:11.796+0000] {processor.py:914} INFO - Processing file /home/airflow/.local/lib/python3.12/site-packages/airflow/example_dags/example_params_ui_tutorial.py for tasks to queue
[2025-02-05T13:57:11.798+0000] {logging_mixin.py:190} INFO - [2025-02-05T13:57:11.797+0000] {dagbag.py:588} INFO - Filling up the DagBag from /home/airflow/.local/lib/python3.12/site-packages/airflow/example_dags/example_params_ui_tutorial.py
[2025-02-05T13:57:11.804+0000] {processor.py:925} INFO - DAG(s) 'example_params_ui_tutorial' retrieved from /home/airflow/.local/lib/python3.12/site-packages/airflow/example_dags/example_params_ui_tutorial.py
[2025-02-05T13:57:11.838+0000] {logging_mixin.py:190} INFO - [2025-02-05T13:57:11.838+0000] {dag.py:3239} INFO - Sync 1 DAGs
[2025-02-05T13:57:11.849+0000] {logging_mixin.py:190} INFO - [2025-02-05T13:57:11.849+0000] {dag.py:4180} INFO - Setting next_dagrun for example_params_ui_tutorial to None, run_after=None
[2025-02-05T13:57:11.862+0000] {processor.py:208} INFO - Processing /home/airflow/.local/lib/python3.12/site-packages/airflow/example_dags/example_params_ui_tutorial.py took 0.071 seconds
[2025-02-05T13:57:42.134+0000] {processor.py:186} INFO - Started process (PID=404) to work on /home/airflow/.local/lib/python3.12/site-packages/airflow/example_dags/example_params_ui_tutorial.py
[2025-02-05T13:57:42.134+0000] {processor.py:914} INFO - Processing file /home/airflow/.local/lib/python3.12/site-packages/airflow/example_dags/example_params_ui_tutorial.py for tasks to queue
[2025-02-05T13:57:42.136+0000] {logging_mixin.py:190} INFO - [2025-02-05T13:57:42.136+0000] {dagbag.py:588} INFO - Filling up the DagBag from /home/airflow/.local/lib/python3.12/site-packages/airflow/example_dags/example_params_ui_tutorial.py
[2025-02-05T13:57:42.143+0000] {processor.py:925} INFO - DAG(s) 'example_params_ui_tutorial' retrieved from /home/airflow/.local/lib/python3.12/site-packages/airflow/example_dags/example_params_ui_tutorial.py
[2025-02-05T13:57:42.177+0000] {logging_mixin.py:190} INFO - [2025-02-05T13:57:42.177+0000] {dag.py:3239} INFO - Sync 1 DAGs
[2025-02-05T13:57:42.188+0000] {logging_mixin.py:190} INFO - [2025-02-05T13:57:42.188+0000] {dag.py:4180} INFO - Setting next_dagrun for example_params_ui_tutorial to None, run_after=None
[2025-02-05T13:57:42.200+0000] {processor.py:208} INFO - Processing /home/airflow/.local/lib/python3.12/site-packages/airflow/example_dags/example_params_ui_tutorial.py took 0.071 seconds
