[2025-02-05T13:54:56.020+0000] {processor.py:186} INFO - Started process (PID=73) to work on /home/airflow/.local/lib/python3.12/site-packages/airflow/example_dags/example_bash_operator.py
[2025-02-05T13:54:56.026+0000] {processor.py:914} INFO - Processing file /home/airflow/.local/lib/python3.12/site-packages/airflow/example_dags/example_bash_operator.py for tasks to queue
[2025-02-05T13:54:56.055+0000] {logging_mixin.py:190} INFO - [2025-02-05T13:54:56.044+0000] {dagbag.py:588} INFO - Filling up the DagBag from /home/airflow/.local/lib/python3.12/site-packages/airflow/example_dags/example_bash_operator.py
[2025-02-05T13:54:56.135+0000] {processor.py:925} INFO - DAG(s) 'example_bash_operator' retrieved from /home/airflow/.local/lib/python3.12/site-packages/airflow/example_dags/example_bash_operator.py
[2025-02-05T13:54:56.898+0000] {logging_mixin.py:190} INFO - [2025-02-05T13:54:56.897+0000] {override.py:1911} INFO - Created Permission View: can edit on DAG:example_bash_operator
[2025-02-05T13:54:56.923+0000] {logging_mixin.py:190} INFO - [2025-02-05T13:54:56.923+0000] {override.py:1911} INFO - Created Permission View: can read on DAG:example_bash_operator
[2025-02-05T13:54:56.938+0000] {logging_mixin.py:190} INFO - [2025-02-05T13:54:56.938+0000] {override.py:1911} INFO - Created Permission View: can delete on DAG:example_bash_operator
[2025-02-05T13:54:56.952+0000] {logging_mixin.py:190} INFO - [2025-02-05T13:54:56.951+0000] {override.py:1911} INFO - Created Permission View: menu access on DAG Run:example_bash_operator
[2025-02-05T13:54:56.969+0000] {logging_mixin.py:190} INFO - [2025-02-05T13:54:56.969+0000] {override.py:1911} INFO - Created Permission View: can read on DAG Run:example_bash_operator
[2025-02-05T13:54:56.996+0000] {logging_mixin.py:190} INFO - [2025-02-05T13:54:56.996+0000] {override.py:1911} INFO - Created Permission View: can delete on DAG Run:example_bash_operator
[2025-02-05T13:54:57.018+0000] {logging_mixin.py:190} INFO - [2025-02-05T13:54:57.018+0000] {override.py:1911} INFO - Created Permission View: can create on DAG Run:example_bash_operator
[2025-02-05T13:54:57.019+0000] {logging_mixin.py:190} INFO - [2025-02-05T13:54:57.018+0000] {dag.py:3239} INFO - Sync 1 DAGs
[2025-02-05T13:54:57.084+0000] {logging_mixin.py:190} INFO - [2025-02-05T13:54:57.083+0000] {dag.py:3262} INFO - Creating ORM DAG for example_bash_operator
[2025-02-05T13:54:57.187+0000] {logging_mixin.py:190} INFO - [2025-02-05T13:54:57.187+0000] {dag.py:4180} INFO - Setting next_dagrun for example_bash_operator to 2025-02-04 00:00:00+00:00, run_after=2025-02-05 00:00:00+00:00
[2025-02-05T13:54:57.329+0000] {processor.py:208} INFO - Processing /home/airflow/.local/lib/python3.12/site-packages/airflow/example_dags/example_bash_operator.py took 1.339 seconds
[2025-02-05T13:55:27.797+0000] {processor.py:186} INFO - Started process (PID=136) to work on /home/airflow/.local/lib/python3.12/site-packages/airflow/example_dags/example_bash_operator.py
[2025-02-05T13:55:27.799+0000] {processor.py:914} INFO - Processing file /home/airflow/.local/lib/python3.12/site-packages/airflow/example_dags/example_bash_operator.py for tasks to queue
[2025-02-05T13:55:27.801+0000] {logging_mixin.py:190} INFO - [2025-02-05T13:55:27.801+0000] {dagbag.py:588} INFO - Filling up the DagBag from /home/airflow/.local/lib/python3.12/site-packages/airflow/example_dags/example_bash_operator.py
[2025-02-05T13:55:27.859+0000] {processor.py:925} INFO - DAG(s) 'example_bash_operator' retrieved from /home/airflow/.local/lib/python3.12/site-packages/airflow/example_dags/example_bash_operator.py
[2025-02-05T13:55:27.973+0000] {logging_mixin.py:190} INFO - [2025-02-05T13:55:27.973+0000] {dag.py:3239} INFO - Sync 1 DAGs
[2025-02-05T13:55:28.055+0000] {logging_mixin.py:190} INFO - [2025-02-05T13:55:28.055+0000] {dag.py:4180} INFO - Setting next_dagrun for example_bash_operator to 2025-02-04 00:00:00+00:00, run_after=2025-02-05 00:00:00+00:00
[2025-02-05T13:55:28.117+0000] {processor.py:208} INFO - Processing /home/airflow/.local/lib/python3.12/site-packages/airflow/example_dags/example_bash_operator.py took 0.347 seconds
[2025-02-05T13:56:29.695+0000] {processor.py:186} INFO - Started process (PID=262) to work on /home/airflow/.local/lib/python3.12/site-packages/airflow/example_dags/example_bash_operator.py
[2025-02-05T13:56:29.701+0000] {processor.py:914} INFO - Processing file /home/airflow/.local/lib/python3.12/site-packages/airflow/example_dags/example_bash_operator.py for tasks to queue
[2025-02-05T13:56:29.703+0000] {logging_mixin.py:190} INFO - [2025-02-05T13:56:29.702+0000] {dagbag.py:588} INFO - Filling up the DagBag from /home/airflow/.local/lib/python3.12/site-packages/airflow/example_dags/example_bash_operator.py
[2025-02-05T13:56:29.732+0000] {processor.py:925} INFO - DAG(s) 'example_bash_operator' retrieved from /home/airflow/.local/lib/python3.12/site-packages/airflow/example_dags/example_bash_operator.py
[2025-02-05T13:56:29.775+0000] {logging_mixin.py:190} INFO - [2025-02-05T13:56:29.775+0000] {dag.py:3239} INFO - Sync 1 DAGs
[2025-02-05T13:56:29.815+0000] {logging_mixin.py:190} INFO - [2025-02-05T13:56:29.815+0000] {dag.py:4180} INFO - Setting next_dagrun for example_bash_operator to 2025-02-04 00:00:00+00:00, run_after=2025-02-05 00:00:00+00:00
[2025-02-05T13:56:29.835+0000] {processor.py:208} INFO - Processing /home/airflow/.local/lib/python3.12/site-packages/airflow/example_dags/example_bash_operator.py took 0.146 seconds
[2025-02-05T13:56:59.873+0000] {processor.py:186} INFO - Started process (PID=326) to work on /home/airflow/.local/lib/python3.12/site-packages/airflow/example_dags/example_bash_operator.py
[2025-02-05T13:56:59.874+0000] {processor.py:914} INFO - Processing file /home/airflow/.local/lib/python3.12/site-packages/airflow/example_dags/example_bash_operator.py for tasks to queue
[2025-02-05T13:56:59.876+0000] {logging_mixin.py:190} INFO - [2025-02-05T13:56:59.876+0000] {dagbag.py:588} INFO - Filling up the DagBag from /home/airflow/.local/lib/python3.12/site-packages/airflow/example_dags/example_bash_operator.py
[2025-02-05T13:56:59.891+0000] {processor.py:925} INFO - DAG(s) 'example_bash_operator' retrieved from /home/airflow/.local/lib/python3.12/site-packages/airflow/example_dags/example_bash_operator.py
[2025-02-05T13:56:59.922+0000] {logging_mixin.py:190} INFO - [2025-02-05T13:56:59.922+0000] {dag.py:3239} INFO - Sync 1 DAGs
[2025-02-05T13:56:59.949+0000] {logging_mixin.py:190} INFO - [2025-02-05T13:56:59.949+0000] {dag.py:4180} INFO - Setting next_dagrun for example_bash_operator to 2025-02-04 00:00:00+00:00, run_after=2025-02-05 00:00:00+00:00
[2025-02-05T13:56:59.964+0000] {processor.py:208} INFO - Processing /home/airflow/.local/lib/python3.12/site-packages/airflow/example_dags/example_bash_operator.py took 0.097 seconds
[2025-02-05T13:57:30.708+0000] {processor.py:186} INFO - Started process (PID=388) to work on /home/airflow/.local/lib/python3.12/site-packages/airflow/example_dags/example_bash_operator.py
[2025-02-05T13:57:30.709+0000] {processor.py:914} INFO - Processing file /home/airflow/.local/lib/python3.12/site-packages/airflow/example_dags/example_bash_operator.py for tasks to queue
[2025-02-05T13:57:30.711+0000] {logging_mixin.py:190} INFO - [2025-02-05T13:57:30.711+0000] {dagbag.py:588} INFO - Filling up the DagBag from /home/airflow/.local/lib/python3.12/site-packages/airflow/example_dags/example_bash_operator.py
[2025-02-05T13:57:30.726+0000] {processor.py:925} INFO - DAG(s) 'example_bash_operator' retrieved from /home/airflow/.local/lib/python3.12/site-packages/airflow/example_dags/example_bash_operator.py
[2025-02-05T13:57:30.759+0000] {logging_mixin.py:190} INFO - [2025-02-05T13:57:30.758+0000] {dag.py:3239} INFO - Sync 1 DAGs
[2025-02-05T13:57:30.798+0000] {logging_mixin.py:190} INFO - [2025-02-05T13:57:30.797+0000] {dag.py:4180} INFO - Setting next_dagrun for example_bash_operator to 2025-02-04 00:00:00+00:00, run_after=2025-02-05 00:00:00+00:00
[2025-02-05T13:57:30.812+0000] {processor.py:208} INFO - Processing /home/airflow/.local/lib/python3.12/site-packages/airflow/example_dags/example_bash_operator.py took 0.110 seconds
