[2025-02-05T13:55:19.900+0000] {processor.py:186} INFO - Started process (PID=111) to work on /home/airflow/.local/lib/python3.12/site-packages/airflow/example_dags/example_trigger_target_dag.py
[2025-02-05T13:55:19.902+0000] {processor.py:914} INFO - Processing file /home/airflow/.local/lib/python3.12/site-packages/airflow/example_dags/example_trigger_target_dag.py for tasks to queue
[2025-02-05T13:55:19.906+0000] {logging_mixin.py:190} INFO - [2025-02-05T13:55:19.904+0000] {dagbag.py:588} INFO - Filling up the DagBag from /home/airflow/.local/lib/python3.12/site-packages/airflow/example_dags/example_trigger_target_dag.py
[2025-02-05T13:55:19.915+0000] {processor.py:925} INFO - DAG(s) 'example_trigger_target_dag' retrieved from /home/airflow/.local/lib/python3.12/site-packages/airflow/example_dags/example_trigger_target_dag.py
[2025-02-05T13:55:20.078+0000] {logging_mixin.py:190} INFO - [2025-02-05T13:55:20.077+0000] {override.py:1911} INFO - Created Permission View: can edit on DAG:example_trigger_target_dag
[2025-02-05T13:55:20.098+0000] {logging_mixin.py:190} INFO - [2025-02-05T13:55:20.098+0000] {override.py:1911} INFO - Created Permission View: can read on DAG:example_trigger_target_dag
[2025-02-05T13:55:20.114+0000] {logging_mixin.py:190} INFO - [2025-02-05T13:55:20.114+0000] {override.py:1911} INFO - Created Permission View: can delete on DAG:example_trigger_target_dag
[2025-02-05T13:55:20.125+0000] {logging_mixin.py:190} INFO - [2025-02-05T13:55:20.125+0000] {override.py:1911} INFO - Created Permission View: menu access on DAG Run:example_trigger_target_dag
[2025-02-05T13:55:20.140+0000] {logging_mixin.py:190} INFO - [2025-02-05T13:55:20.139+0000] {override.py:1911} INFO - Created Permission View: can read on DAG Run:example_trigger_target_dag
[2025-02-05T13:55:20.155+0000] {logging_mixin.py:190} INFO - [2025-02-05T13:55:20.155+0000] {override.py:1911} INFO - Created Permission View: can delete on DAG Run:example_trigger_target_dag
[2025-02-05T13:55:20.161+0000] {logging_mixin.py:190} INFO - [2025-02-05T13:55:20.161+0000] {override.py:1911} INFO - Created Permission View: can create on DAG Run:example_trigger_target_dag
[2025-02-05T13:55:20.162+0000] {logging_mixin.py:190} INFO - [2025-02-05T13:55:20.161+0000] {dag.py:3239} INFO - Sync 1 DAGs
[2025-02-05T13:55:20.180+0000] {logging_mixin.py:190} INFO - [2025-02-05T13:55:20.179+0000] {dag.py:3262} INFO - Creating ORM DAG for example_trigger_target_dag
[2025-02-05T13:55:20.186+0000] {logging_mixin.py:190} INFO - [2025-02-05T13:55:20.186+0000] {dag.py:4180} INFO - Setting next_dagrun for example_trigger_target_dag to None, run_after=None
[2025-02-05T13:55:20.227+0000] {processor.py:208} INFO - Processing /home/airflow/.local/lib/python3.12/site-packages/airflow/example_dags/example_trigger_target_dag.py took 0.334 seconds
[2025-02-05T13:56:20.971+0000] {processor.py:186} INFO - Started process (PID=229) to work on /home/airflow/.local/lib/python3.12/site-packages/airflow/example_dags/example_trigger_target_dag.py
[2025-02-05T13:56:20.972+0000] {processor.py:914} INFO - Processing file /home/airflow/.local/lib/python3.12/site-packages/airflow/example_dags/example_trigger_target_dag.py for tasks to queue
[2025-02-05T13:56:20.974+0000] {logging_mixin.py:190} INFO - [2025-02-05T13:56:20.974+0000] {dagbag.py:588} INFO - Filling up the DagBag from /home/airflow/.local/lib/python3.12/site-packages/airflow/example_dags/example_trigger_target_dag.py
[2025-02-05T13:56:20.980+0000] {processor.py:925} INFO - DAG(s) 'example_trigger_target_dag' retrieved from /home/airflow/.local/lib/python3.12/site-packages/airflow/example_dags/example_trigger_target_dag.py
[2025-02-05T13:56:20.995+0000] {logging_mixin.py:190} INFO - [2025-02-05T13:56:20.995+0000] {dag.py:3239} INFO - Sync 1 DAGs
[2025-02-05T13:56:21.007+0000] {logging_mixin.py:190} INFO - [2025-02-05T13:56:21.006+0000] {dag.py:4180} INFO - Setting next_dagrun for example_trigger_target_dag to None, run_after=None
[2025-02-05T13:56:21.022+0000] {processor.py:208} INFO - Processing /home/airflow/.local/lib/python3.12/site-packages/airflow/example_dags/example_trigger_target_dag.py took 0.057 seconds
[2025-02-05T13:56:51.187+0000] {processor.py:186} INFO - Started process (PID=292) to work on /home/airflow/.local/lib/python3.12/site-packages/airflow/example_dags/example_trigger_target_dag.py
[2025-02-05T13:56:51.187+0000] {processor.py:914} INFO - Processing file /home/airflow/.local/lib/python3.12/site-packages/airflow/example_dags/example_trigger_target_dag.py for tasks to queue
[2025-02-05T13:56:51.189+0000] {logging_mixin.py:190} INFO - [2025-02-05T13:56:51.189+0000] {dagbag.py:588} INFO - Filling up the DagBag from /home/airflow/.local/lib/python3.12/site-packages/airflow/example_dags/example_trigger_target_dag.py
[2025-02-05T13:56:51.195+0000] {processor.py:925} INFO - DAG(s) 'example_trigger_target_dag' retrieved from /home/airflow/.local/lib/python3.12/site-packages/airflow/example_dags/example_trigger_target_dag.py
[2025-02-05T13:56:51.210+0000] {logging_mixin.py:190} INFO - [2025-02-05T13:56:51.210+0000] {dag.py:3239} INFO - Sync 1 DAGs
[2025-02-05T13:56:51.221+0000] {logging_mixin.py:190} INFO - [2025-02-05T13:56:51.221+0000] {dag.py:4180} INFO - Setting next_dagrun for example_trigger_target_dag to None, run_after=None
[2025-02-05T13:56:51.234+0000] {processor.py:208} INFO - Processing /home/airflow/.local/lib/python3.12/site-packages/airflow/example_dags/example_trigger_target_dag.py took 0.051 seconds
[2025-02-05T13:57:21.717+0000] {processor.py:186} INFO - Started process (PID=356) to work on /home/airflow/.local/lib/python3.12/site-packages/airflow/example_dags/example_trigger_target_dag.py
[2025-02-05T13:57:21.718+0000] {processor.py:914} INFO - Processing file /home/airflow/.local/lib/python3.12/site-packages/airflow/example_dags/example_trigger_target_dag.py for tasks to queue
[2025-02-05T13:57:21.720+0000] {logging_mixin.py:190} INFO - [2025-02-05T13:57:21.719+0000] {dagbag.py:588} INFO - Filling up the DagBag from /home/airflow/.local/lib/python3.12/site-packages/airflow/example_dags/example_trigger_target_dag.py
[2025-02-05T13:57:21.727+0000] {processor.py:925} INFO - DAG(s) 'example_trigger_target_dag' retrieved from /home/airflow/.local/lib/python3.12/site-packages/airflow/example_dags/example_trigger_target_dag.py
[2025-02-05T13:57:21.753+0000] {logging_mixin.py:190} INFO - [2025-02-05T13:57:21.753+0000] {dag.py:3239} INFO - Sync 1 DAGs
[2025-02-05T13:57:21.769+0000] {logging_mixin.py:190} INFO - [2025-02-05T13:57:21.769+0000] {dag.py:4180} INFO - Setting next_dagrun for example_trigger_target_dag to None, run_after=None
[2025-02-05T13:57:21.786+0000] {processor.py:208} INFO - Processing /home/airflow/.local/lib/python3.12/site-packages/airflow/example_dags/example_trigger_target_dag.py took 0.079 seconds
[2025-02-05T13:57:52.497+0000] {processor.py:186} INFO - Started process (PID=424) to work on /home/airflow/.local/lib/python3.12/site-packages/airflow/example_dags/example_trigger_target_dag.py
[2025-02-05T13:57:52.509+0000] {processor.py:914} INFO - Processing file /home/airflow/.local/lib/python3.12/site-packages/airflow/example_dags/example_trigger_target_dag.py for tasks to queue
[2025-02-05T13:57:52.511+0000] {logging_mixin.py:190} INFO - [2025-02-05T13:57:52.511+0000] {dagbag.py:588} INFO - Filling up the DagBag from /home/airflow/.local/lib/python3.12/site-packages/airflow/example_dags/example_trigger_target_dag.py
[2025-02-05T13:57:52.520+0000] {processor.py:925} INFO - DAG(s) 'example_trigger_target_dag' retrieved from /home/airflow/.local/lib/python3.12/site-packages/airflow/example_dags/example_trigger_target_dag.py
[2025-02-05T13:57:52.550+0000] {logging_mixin.py:190} INFO - [2025-02-05T13:57:52.549+0000] {dag.py:3239} INFO - Sync 1 DAGs
[2025-02-05T13:57:52.566+0000] {logging_mixin.py:190} INFO - [2025-02-05T13:57:52.565+0000] {dag.py:4180} INFO - Setting next_dagrun for example_trigger_target_dag to None, run_after=None
[2025-02-05T13:57:52.592+0000] {processor.py:208} INFO - Processing /home/airflow/.local/lib/python3.12/site-packages/airflow/example_dags/example_trigger_target_dag.py took 0.109 seconds
