[2025-02-05T13:55:23.312+0000] {processor.py:186} INFO - Started process (PID=118) to work on /home/airflow/.local/lib/python3.12/site-packages/airflow/example_dags/example_workday_timetable.py
[2025-02-05T13:55:23.313+0000] {processor.py:914} INFO - Processing file /home/airflow/.local/lib/python3.12/site-packages/airflow/example_dags/example_workday_timetable.py for tasks to queue
[2025-02-05T13:55:23.315+0000] {logging_mixin.py:190} INFO - [2025-02-05T13:55:23.315+0000] {dagbag.py:588} INFO - Filling up the DagBag from /home/airflow/.local/lib/python3.12/site-packages/airflow/example_dags/example_workday_timetable.py
[2025-02-05T13:55:23.322+0000] {processor.py:925} INFO - DAG(s) 'example_workday_timetable' retrieved from /home/airflow/.local/lib/python3.12/site-packages/airflow/example_dags/example_workday_timetable.py
[2025-02-05T13:55:23.452+0000] {logging_mixin.py:190} INFO - [2025-02-05T13:55:23.451+0000] {override.py:1911} INFO - Created Permission View: can edit on DAG:example_workday_timetable
[2025-02-05T13:55:23.461+0000] {logging_mixin.py:190} INFO - [2025-02-05T13:55:23.461+0000] {override.py:1911} INFO - Created Permission View: can read on DAG:example_workday_timetable
[2025-02-05T13:55:23.466+0000] {logging_mixin.py:190} INFO - [2025-02-05T13:55:23.466+0000] {override.py:1911} INFO - Created Permission View: can delete on DAG:example_workday_timetable
[2025-02-05T13:55:23.472+0000] {logging_mixin.py:190} INFO - [2025-02-05T13:55:23.472+0000] {override.py:1911} INFO - Created Permission View: menu access on DAG Run:example_workday_timetable
[2025-02-05T13:55:23.478+0000] {logging_mixin.py:190} INFO - [2025-02-05T13:55:23.477+0000] {override.py:1911} INFO - Created Permission View: can read on DAG Run:example_workday_timetable
[2025-02-05T13:55:23.483+0000] {logging_mixin.py:190} INFO - [2025-02-05T13:55:23.483+0000] {override.py:1911} INFO - Created Permission View: can delete on DAG Run:example_workday_timetable
[2025-02-05T13:55:23.489+0000] {logging_mixin.py:190} INFO - [2025-02-05T13:55:23.489+0000] {override.py:1911} INFO - Created Permission View: can create on DAG Run:example_workday_timetable
[2025-02-05T13:55:23.489+0000] {logging_mixin.py:190} INFO - [2025-02-05T13:55:23.489+0000] {dag.py:3239} INFO - Sync 1 DAGs
[2025-02-05T13:55:23.506+0000] {logging_mixin.py:190} INFO - [2025-02-05T13:55:23.506+0000] {dag.py:3262} INFO - Creating ORM DAG for example_workday_timetable
[2025-02-05T13:55:23.617+0000] {logging_mixin.py:190} INFO - [2025-02-05T13:55:23.617+0000] {dag.py:4180} INFO - Setting next_dagrun for example_workday_timetable to 2021-01-04 00:00:00+00:00, run_after=2021-01-05 00:00:00+00:00
[2025-02-05T13:55:23.636+0000] {processor.py:208} INFO - Processing /home/airflow/.local/lib/python3.12/site-packages/airflow/example_dags/example_workday_timetable.py took 0.331 seconds
[2025-02-05T13:56:24.831+0000] {processor.py:186} INFO - Started process (PID=244) to work on /home/airflow/.local/lib/python3.12/site-packages/airflow/example_dags/example_workday_timetable.py
[2025-02-05T13:56:24.832+0000] {processor.py:914} INFO - Processing file /home/airflow/.local/lib/python3.12/site-packages/airflow/example_dags/example_workday_timetable.py for tasks to queue
[2025-02-05T13:56:24.836+0000] {logging_mixin.py:190} INFO - [2025-02-05T13:56:24.835+0000] {dagbag.py:588} INFO - Filling up the DagBag from /home/airflow/.local/lib/python3.12/site-packages/airflow/example_dags/example_workday_timetable.py
[2025-02-05T13:56:24.846+0000] {processor.py:925} INFO - DAG(s) 'example_workday_timetable' retrieved from /home/airflow/.local/lib/python3.12/site-packages/airflow/example_dags/example_workday_timetable.py
[2025-02-05T13:56:24.866+0000] {logging_mixin.py:190} INFO - [2025-02-05T13:56:24.866+0000] {dag.py:3239} INFO - Sync 1 DAGs
[2025-02-05T13:56:24.944+0000] {logging_mixin.py:190} INFO - [2025-02-05T13:56:24.944+0000] {dag.py:4180} INFO - Setting next_dagrun for example_workday_timetable to 2021-01-04 00:00:00+00:00, run_after=2021-01-05 00:00:00+00:00
[2025-02-05T13:56:24.962+0000] {processor.py:208} INFO - Processing /home/airflow/.local/lib/python3.12/site-packages/airflow/example_dags/example_workday_timetable.py took 0.143 seconds
[2025-02-05T13:56:55.128+0000] {processor.py:186} INFO - Started process (PID=307) to work on /home/airflow/.local/lib/python3.12/site-packages/airflow/example_dags/example_workday_timetable.py
[2025-02-05T13:56:55.128+0000] {processor.py:914} INFO - Processing file /home/airflow/.local/lib/python3.12/site-packages/airflow/example_dags/example_workday_timetable.py for tasks to queue
[2025-02-05T13:56:55.131+0000] {logging_mixin.py:190} INFO - [2025-02-05T13:56:55.130+0000] {dagbag.py:588} INFO - Filling up the DagBag from /home/airflow/.local/lib/python3.12/site-packages/airflow/example_dags/example_workday_timetable.py
[2025-02-05T13:56:55.136+0000] {processor.py:925} INFO - DAG(s) 'example_workday_timetable' retrieved from /home/airflow/.local/lib/python3.12/site-packages/airflow/example_dags/example_workday_timetable.py
[2025-02-05T13:56:55.171+0000] {logging_mixin.py:190} INFO - [2025-02-05T13:56:55.171+0000] {dag.py:3239} INFO - Sync 1 DAGs
[2025-02-05T13:56:55.245+0000] {logging_mixin.py:190} INFO - [2025-02-05T13:56:55.245+0000] {dag.py:4180} INFO - Setting next_dagrun for example_workday_timetable to 2021-01-04 00:00:00+00:00, run_after=2021-01-05 00:00:00+00:00
[2025-02-05T13:56:55.263+0000] {processor.py:208} INFO - Processing /home/airflow/.local/lib/python3.12/site-packages/airflow/example_dags/example_workday_timetable.py took 0.141 seconds
[2025-02-05T13:57:25.426+0000] {processor.py:186} INFO - Started process (PID=371) to work on /home/airflow/.local/lib/python3.12/site-packages/airflow/example_dags/example_workday_timetable.py
[2025-02-05T13:57:25.427+0000] {processor.py:914} INFO - Processing file /home/airflow/.local/lib/python3.12/site-packages/airflow/example_dags/example_workday_timetable.py for tasks to queue
[2025-02-05T13:57:25.430+0000] {logging_mixin.py:190} INFO - [2025-02-05T13:57:25.430+0000] {dagbag.py:588} INFO - Filling up the DagBag from /home/airflow/.local/lib/python3.12/site-packages/airflow/example_dags/example_workday_timetable.py
[2025-02-05T13:57:25.436+0000] {processor.py:925} INFO - DAG(s) 'example_workday_timetable' retrieved from /home/airflow/.local/lib/python3.12/site-packages/airflow/example_dags/example_workday_timetable.py
[2025-02-05T13:57:25.455+0000] {logging_mixin.py:190} INFO - [2025-02-05T13:57:25.455+0000] {dag.py:3239} INFO - Sync 1 DAGs
[2025-02-05T13:57:25.543+0000] {logging_mixin.py:190} INFO - [2025-02-05T13:57:25.543+0000] {dag.py:4180} INFO - Setting next_dagrun for example_workday_timetable to 2021-01-04 00:00:00+00:00, run_after=2021-01-05 00:00:00+00:00
[2025-02-05T13:57:25.561+0000] {processor.py:208} INFO - Processing /home/airflow/.local/lib/python3.12/site-packages/airflow/example_dags/example_workday_timetable.py took 0.141 seconds
