[2025-02-05T13:55:12.433+0000] {processor.py:186} INFO - Started process (PID=96) to work on /home/airflow/.local/lib/python3.12/site-packages/airflow/example_dags/example_datasets.py
[2025-02-05T13:55:12.434+0000] {processor.py:914} INFO - Processing file /home/airflow/.local/lib/python3.12/site-packages/airflow/example_dags/example_datasets.py for tasks to queue
[2025-02-05T13:55:12.436+0000] {logging_mixin.py:190} INFO - [2025-02-05T13:55:12.436+0000] {dagbag.py:588} INFO - Filling up the DagBag from /home/airflow/.local/lib/python3.12/site-packages/airflow/example_dags/example_datasets.py
[2025-02-05T13:55:14.530+0000] {processor.py:925} INFO - DAG(s) 'dataset_consumes_1', 'consume_1_and_2_with_dataset_expressions', 'consume_1_or_2_with_dataset_expressions', 'conditional_dataset_and_time_based_timetable', 'dataset_consumes_1_and_2', 'consume_1_or_both_2_and_3_with_dataset_expressions', 'dataset_produces_1', 'dataset_produces_2', 'dataset_consumes_1_never_scheduled', 'dataset_consumes_unknown_never_scheduled' retrieved from /home/airflow/.local/lib/python3.12/site-packages/airflow/example_dags/example_datasets.py
[2025-02-05T13:55:14.761+0000] {logging_mixin.py:190} INFO - [2025-02-05T13:55:14.759+0000] {override.py:1911} INFO - Created Permission View: can edit on DAG:dataset_consumes_1
[2025-02-05T13:55:14.800+0000] {logging_mixin.py:190} INFO - [2025-02-05T13:55:14.800+0000] {override.py:1911} INFO - Created Permission View: can read on DAG:dataset_consumes_1
[2025-02-05T13:55:14.806+0000] {logging_mixin.py:190} INFO - [2025-02-05T13:55:14.806+0000] {override.py:1911} INFO - Created Permission View: can delete on DAG:dataset_consumes_1
[2025-02-05T13:55:14.814+0000] {logging_mixin.py:190} INFO - [2025-02-05T13:55:14.813+0000] {override.py:1911} INFO - Created Permission View: menu access on DAG Run:dataset_consumes_1
[2025-02-05T13:55:14.823+0000] {logging_mixin.py:190} INFO - [2025-02-05T13:55:14.822+0000] {override.py:1911} INFO - Created Permission View: can read on DAG Run:dataset_consumes_1
[2025-02-05T13:55:14.847+0000] {logging_mixin.py:190} INFO - [2025-02-05T13:55:14.846+0000] {override.py:1911} INFO - Created Permission View: can delete on DAG Run:dataset_consumes_1
[2025-02-05T13:55:14.863+0000] {logging_mixin.py:190} INFO - [2025-02-05T13:55:14.862+0000] {override.py:1911} INFO - Created Permission View: can create on DAG Run:dataset_consumes_1
[2025-02-05T13:55:14.904+0000] {logging_mixin.py:190} INFO - [2025-02-05T13:55:14.903+0000] {override.py:1911} INFO - Created Permission View: can edit on DAG:consume_1_and_2_with_dataset_expressions
[2025-02-05T13:55:14.927+0000] {logging_mixin.py:190} INFO - [2025-02-05T13:55:14.927+0000] {override.py:1911} INFO - Created Permission View: can read on DAG:consume_1_and_2_with_dataset_expressions
[2025-02-05T13:55:14.941+0000] {logging_mixin.py:190} INFO - [2025-02-05T13:55:14.940+0000] {override.py:1911} INFO - Created Permission View: can delete on DAG:consume_1_and_2_with_dataset_expressions
[2025-02-05T13:55:14.955+0000] {logging_mixin.py:190} INFO - [2025-02-05T13:55:14.954+0000] {override.py:1911} INFO - Created Permission View: menu access on DAG Run:consume_1_and_2_with_dataset_expressions
[2025-02-05T13:55:14.994+0000] {logging_mixin.py:190} INFO - [2025-02-05T13:55:14.994+0000] {override.py:1911} INFO - Created Permission View: can read on DAG Run:consume_1_and_2_with_dataset_expressions
[2025-02-05T13:55:15.007+0000] {logging_mixin.py:190} INFO - [2025-02-05T13:55:15.007+0000] {override.py:1911} INFO - Created Permission View: can delete on DAG Run:consume_1_and_2_with_dataset_expressions
[2025-02-05T13:55:15.026+0000] {logging_mixin.py:190} INFO - [2025-02-05T13:55:15.026+0000] {override.py:1911} INFO - Created Permission View: can create on DAG Run:consume_1_and_2_with_dataset_expressions
[2025-02-05T13:55:15.057+0000] {logging_mixin.py:190} INFO - [2025-02-05T13:55:15.056+0000] {override.py:1911} INFO - Created Permission View: can edit on DAG:consume_1_or_2_with_dataset_expressions
[2025-02-05T13:55:15.075+0000] {logging_mixin.py:190} INFO - [2025-02-05T13:55:15.075+0000] {override.py:1911} INFO - Created Permission View: can read on DAG:consume_1_or_2_with_dataset_expressions
[2025-02-05T13:55:15.089+0000] {logging_mixin.py:190} INFO - [2025-02-05T13:55:15.088+0000] {override.py:1911} INFO - Created Permission View: can delete on DAG:consume_1_or_2_with_dataset_expressions
[2025-02-05T13:55:15.103+0000] {logging_mixin.py:190} INFO - [2025-02-05T13:55:15.102+0000] {override.py:1911} INFO - Created Permission View: menu access on DAG Run:consume_1_or_2_with_dataset_expressions
[2025-02-05T13:55:15.117+0000] {logging_mixin.py:190} INFO - [2025-02-05T13:55:15.117+0000] {override.py:1911} INFO - Created Permission View: can read on DAG Run:consume_1_or_2_with_dataset_expressions
[2025-02-05T13:55:15.129+0000] {logging_mixin.py:190} INFO - [2025-02-05T13:55:15.128+0000] {override.py:1911} INFO - Created Permission View: can delete on DAG Run:consume_1_or_2_with_dataset_expressions
[2025-02-05T13:55:15.161+0000] {logging_mixin.py:190} INFO - [2025-02-05T13:55:15.160+0000] {override.py:1911} INFO - Created Permission View: can create on DAG Run:consume_1_or_2_with_dataset_expressions
[2025-02-05T13:55:15.186+0000] {logging_mixin.py:190} INFO - [2025-02-05T13:55:15.186+0000] {override.py:1911} INFO - Created Permission View: can edit on DAG:conditional_dataset_and_time_based_timetable
[2025-02-05T13:55:15.207+0000] {logging_mixin.py:190} INFO - [2025-02-05T13:55:15.207+0000] {override.py:1911} INFO - Created Permission View: can read on DAG:conditional_dataset_and_time_based_timetable
[2025-02-05T13:55:15.224+0000] {logging_mixin.py:190} INFO - [2025-02-05T13:55:15.223+0000] {override.py:1911} INFO - Created Permission View: can delete on DAG:conditional_dataset_and_time_based_timetable
[2025-02-05T13:55:15.245+0000] {logging_mixin.py:190} INFO - [2025-02-05T13:55:15.244+0000] {override.py:1911} INFO - Created Permission View: menu access on DAG Run:conditional_dataset_and_time_based_timetable
[2025-02-05T13:55:15.250+0000] {logging_mixin.py:190} INFO - [2025-02-05T13:55:15.250+0000] {override.py:1911} INFO - Created Permission View: can read on DAG Run:conditional_dataset_and_time_based_timetable
[2025-02-05T13:55:15.304+0000] {logging_mixin.py:190} INFO - [2025-02-05T13:55:15.304+0000] {override.py:1911} INFO - Created Permission View: can delete on DAG Run:conditional_dataset_and_time_based_timetable
[2025-02-05T13:55:15.320+0000] {logging_mixin.py:190} INFO - [2025-02-05T13:55:15.319+0000] {override.py:1911} INFO - Created Permission View: can create on DAG Run:conditional_dataset_and_time_based_timetable
[2025-02-05T13:55:15.772+0000] {logging_mixin.py:190} INFO - [2025-02-05T13:55:15.771+0000] {override.py:1911} INFO - Created Permission View: can edit on DAG:dataset_consumes_1_and_2
[2025-02-05T13:55:15.787+0000] {logging_mixin.py:190} INFO - [2025-02-05T13:55:15.787+0000] {override.py:1911} INFO - Created Permission View: can read on DAG:dataset_consumes_1_and_2
[2025-02-05T13:55:15.805+0000] {logging_mixin.py:190} INFO - [2025-02-05T13:55:15.803+0000] {override.py:1911} INFO - Created Permission View: can delete on DAG:dataset_consumes_1_and_2
[2025-02-05T13:55:15.827+0000] {logging_mixin.py:190} INFO - [2025-02-05T13:55:15.824+0000] {override.py:1911} INFO - Created Permission View: menu access on DAG Run:dataset_consumes_1_and_2
[2025-02-05T13:55:15.844+0000] {logging_mixin.py:190} INFO - [2025-02-05T13:55:15.843+0000] {override.py:1911} INFO - Created Permission View: can read on DAG Run:dataset_consumes_1_and_2
[2025-02-05T13:55:15.859+0000] {logging_mixin.py:190} INFO - [2025-02-05T13:55:15.858+0000] {override.py:1911} INFO - Created Permission View: can delete on DAG Run:dataset_consumes_1_and_2
[2025-02-05T13:55:15.894+0000] {logging_mixin.py:190} INFO - [2025-02-05T13:55:15.893+0000] {override.py:1911} INFO - Created Permission View: can create on DAG Run:dataset_consumes_1_and_2
[2025-02-05T13:55:15.963+0000] {logging_mixin.py:190} INFO - [2025-02-05T13:55:15.962+0000] {override.py:1911} INFO - Created Permission View: can edit on DAG:consume_1_or_both_2_and_3_with_dataset_expressions
[2025-02-05T13:55:15.984+0000] {logging_mixin.py:190} INFO - [2025-02-05T13:55:15.983+0000] {override.py:1911} INFO - Created Permission View: can read on DAG:consume_1_or_both_2_and_3_with_dataset_expressions
[2025-02-05T13:55:16.000+0000] {logging_mixin.py:190} INFO - [2025-02-05T13:55:16.000+0000] {override.py:1911} INFO - Created Permission View: can delete on DAG:consume_1_or_both_2_and_3_with_dataset_expressions
[2025-02-05T13:55:16.044+0000] {logging_mixin.py:190} INFO - [2025-02-05T13:55:16.044+0000] {override.py:1911} INFO - Created Permission View: menu access on DAG Run:consume_1_or_both_2_and_3_with_dataset_expressions
[2025-02-05T13:55:16.053+0000] {logging_mixin.py:190} INFO - [2025-02-05T13:55:16.053+0000] {override.py:1911} INFO - Created Permission View: can read on DAG Run:consume_1_or_both_2_and_3_with_dataset_expressions
[2025-02-05T13:55:16.065+0000] {logging_mixin.py:190} INFO - [2025-02-05T13:55:16.065+0000] {override.py:1911} INFO - Created Permission View: can delete on DAG Run:consume_1_or_both_2_and_3_with_dataset_expressions
[2025-02-05T13:55:16.090+0000] {logging_mixin.py:190} INFO - [2025-02-05T13:55:16.090+0000] {override.py:1911} INFO - Created Permission View: can create on DAG Run:consume_1_or_both_2_and_3_with_dataset_expressions
[2025-02-05T13:55:16.152+0000] {logging_mixin.py:190} INFO - [2025-02-05T13:55:16.151+0000] {override.py:1911} INFO - Created Permission View: can edit on DAG:dataset_produces_1
[2025-02-05T13:55:16.179+0000] {logging_mixin.py:190} INFO - [2025-02-05T13:55:16.178+0000] {override.py:1911} INFO - Created Permission View: can read on DAG:dataset_produces_1
[2025-02-05T13:55:16.203+0000] {logging_mixin.py:190} INFO - [2025-02-05T13:55:16.203+0000] {override.py:1911} INFO - Created Permission View: can delete on DAG:dataset_produces_1
[2025-02-05T13:55:16.233+0000] {logging_mixin.py:190} INFO - [2025-02-05T13:55:16.233+0000] {override.py:1911} INFO - Created Permission View: menu access on DAG Run:dataset_produces_1
[2025-02-05T13:55:16.310+0000] {logging_mixin.py:190} INFO - [2025-02-05T13:55:16.309+0000] {override.py:1911} INFO - Created Permission View: can read on DAG Run:dataset_produces_1
[2025-02-05T13:55:16.339+0000] {logging_mixin.py:190} INFO - [2025-02-05T13:55:16.339+0000] {override.py:1911} INFO - Created Permission View: can delete on DAG Run:dataset_produces_1
[2025-02-05T13:55:16.352+0000] {logging_mixin.py:190} INFO - [2025-02-05T13:55:16.352+0000] {override.py:1911} INFO - Created Permission View: can create on DAG Run:dataset_produces_1
[2025-02-05T13:55:16.382+0000] {logging_mixin.py:190} INFO - [2025-02-05T13:55:16.382+0000] {override.py:1911} INFO - Created Permission View: can edit on DAG:dataset_produces_2
[2025-02-05T13:55:16.418+0000] {logging_mixin.py:190} INFO - [2025-02-05T13:55:16.417+0000] {override.py:1911} INFO - Created Permission View: can read on DAG:dataset_produces_2
[2025-02-05T13:55:16.435+0000] {logging_mixin.py:190} INFO - [2025-02-05T13:55:16.435+0000] {override.py:1911} INFO - Created Permission View: can delete on DAG:dataset_produces_2
[2025-02-05T13:55:16.455+0000] {logging_mixin.py:190} INFO - [2025-02-05T13:55:16.454+0000] {override.py:1911} INFO - Created Permission View: menu access on DAG Run:dataset_produces_2
[2025-02-05T13:55:16.510+0000] {logging_mixin.py:190} INFO - [2025-02-05T13:55:16.510+0000] {override.py:1911} INFO - Created Permission View: can read on DAG Run:dataset_produces_2
[2025-02-05T13:55:16.541+0000] {logging_mixin.py:190} INFO - [2025-02-05T13:55:16.540+0000] {override.py:1911} INFO - Created Permission View: can delete on DAG Run:dataset_produces_2
[2025-02-05T13:55:16.563+0000] {logging_mixin.py:190} INFO - [2025-02-05T13:55:16.563+0000] {override.py:1911} INFO - Created Permission View: can create on DAG Run:dataset_produces_2
[2025-02-05T13:55:16.600+0000] {logging_mixin.py:190} INFO - [2025-02-05T13:55:16.600+0000] {override.py:1911} INFO - Created Permission View: can edit on DAG:dataset_consumes_1_never_scheduled
[2025-02-05T13:55:16.620+0000] {logging_mixin.py:190} INFO - [2025-02-05T13:55:16.619+0000] {override.py:1911} INFO - Created Permission View: can read on DAG:dataset_consumes_1_never_scheduled
[2025-02-05T13:55:16.637+0000] {logging_mixin.py:190} INFO - [2025-02-05T13:55:16.637+0000] {override.py:1911} INFO - Created Permission View: can delete on DAG:dataset_consumes_1_never_scheduled
[2025-02-05T13:55:16.662+0000] {logging_mixin.py:190} INFO - [2025-02-05T13:55:16.661+0000] {override.py:1911} INFO - Created Permission View: menu access on DAG Run:dataset_consumes_1_never_scheduled
[2025-02-05T13:55:16.667+0000] {logging_mixin.py:190} INFO - [2025-02-05T13:55:16.667+0000] {override.py:1911} INFO - Created Permission View: can read on DAG Run:dataset_consumes_1_never_scheduled
[2025-02-05T13:55:16.677+0000] {logging_mixin.py:190} INFO - [2025-02-05T13:55:16.677+0000] {override.py:1911} INFO - Created Permission View: can delete on DAG Run:dataset_consumes_1_never_scheduled
[2025-02-05T13:55:16.690+0000] {logging_mixin.py:190} INFO - [2025-02-05T13:55:16.690+0000] {override.py:1911} INFO - Created Permission View: can create on DAG Run:dataset_consumes_1_never_scheduled
[2025-02-05T13:55:16.708+0000] {logging_mixin.py:190} INFO - [2025-02-05T13:55:16.708+0000] {override.py:1911} INFO - Created Permission View: can edit on DAG:dataset_consumes_unknown_never_scheduled
[2025-02-05T13:55:16.716+0000] {logging_mixin.py:190} INFO - [2025-02-05T13:55:16.716+0000] {override.py:1911} INFO - Created Permission View: can read on DAG:dataset_consumes_unknown_never_scheduled
[2025-02-05T13:55:16.725+0000] {logging_mixin.py:190} INFO - [2025-02-05T13:55:16.725+0000] {override.py:1911} INFO - Created Permission View: can delete on DAG:dataset_consumes_unknown_never_scheduled
[2025-02-05T13:55:16.735+0000] {logging_mixin.py:190} INFO - [2025-02-05T13:55:16.734+0000] {override.py:1911} INFO - Created Permission View: menu access on DAG Run:dataset_consumes_unknown_never_scheduled
[2025-02-05T13:55:16.748+0000] {logging_mixin.py:190} INFO - [2025-02-05T13:55:16.748+0000] {override.py:1911} INFO - Created Permission View: can read on DAG Run:dataset_consumes_unknown_never_scheduled
[2025-02-05T13:55:16.759+0000] {logging_mixin.py:190} INFO - [2025-02-05T13:55:16.758+0000] {override.py:1911} INFO - Created Permission View: can delete on DAG Run:dataset_consumes_unknown_never_scheduled
[2025-02-05T13:55:16.768+0000] {logging_mixin.py:190} INFO - [2025-02-05T13:55:16.767+0000] {override.py:1911} INFO - Created Permission View: can create on DAG Run:dataset_consumes_unknown_never_scheduled
[2025-02-05T13:55:16.768+0000] {logging_mixin.py:190} INFO - [2025-02-05T13:55:16.768+0000] {dag.py:3239} INFO - Sync 10 DAGs
[2025-02-05T13:55:16.799+0000] {logging_mixin.py:190} INFO - [2025-02-05T13:55:16.798+0000] {dag.py:3262} INFO - Creating ORM DAG for conditional_dataset_and_time_based_timetable
[2025-02-05T13:55:16.801+0000] {logging_mixin.py:190} INFO - [2025-02-05T13:55:16.801+0000] {dag.py:3262} INFO - Creating ORM DAG for dataset_consumes_1_never_scheduled
[2025-02-05T13:55:16.805+0000] {logging_mixin.py:190} INFO - [2025-02-05T13:55:16.805+0000] {dag.py:3262} INFO - Creating ORM DAG for dataset_produces_2
[2025-02-05T13:55:16.806+0000] {logging_mixin.py:190} INFO - [2025-02-05T13:55:16.805+0000] {dag.py:3262} INFO - Creating ORM DAG for dataset_produces_1
[2025-02-05T13:55:16.806+0000] {logging_mixin.py:190} INFO - [2025-02-05T13:55:16.806+0000] {dag.py:3262} INFO - Creating ORM DAG for consume_1_or_both_2_and_3_with_dataset_expressions
[2025-02-05T13:55:16.807+0000] {logging_mixin.py:190} INFO - [2025-02-05T13:55:16.807+0000] {dag.py:3262} INFO - Creating ORM DAG for dataset_consumes_1
[2025-02-05T13:55:16.808+0000] {logging_mixin.py:190} INFO - [2025-02-05T13:55:16.808+0000] {dag.py:3262} INFO - Creating ORM DAG for consume_1_or_2_with_dataset_expressions
[2025-02-05T13:55:16.809+0000] {logging_mixin.py:190} INFO - [2025-02-05T13:55:16.809+0000] {dag.py:3262} INFO - Creating ORM DAG for dataset_consumes_1_and_2
[2025-02-05T13:55:16.811+0000] {logging_mixin.py:190} INFO - [2025-02-05T13:55:16.810+0000] {dag.py:3262} INFO - Creating ORM DAG for consume_1_and_2_with_dataset_expressions
[2025-02-05T13:55:16.816+0000] {logging_mixin.py:190} INFO - [2025-02-05T13:55:16.812+0000] {dag.py:3262} INFO - Creating ORM DAG for dataset_consumes_unknown_never_scheduled
[2025-02-05T13:55:16.858+0000] {logging_mixin.py:190} INFO - [2025-02-05T13:55:16.858+0000] {dag.py:4180} INFO - Setting next_dagrun for conditional_dataset_and_time_based_timetable to 2025-02-05 01:00:00+00:00, run_after=2025-02-05 01:00:00+00:00
[2025-02-05T13:55:16.861+0000] {logging_mixin.py:190} INFO - [2025-02-05T13:55:16.861+0000] {dag.py:4180} INFO - Setting next_dagrun for consume_1_and_2_with_dataset_expressions to None, run_after=None
[2025-02-05T13:55:16.862+0000] {logging_mixin.py:190} INFO - [2025-02-05T13:55:16.861+0000] {dag.py:4180} INFO - Setting next_dagrun for consume_1_or_2_with_dataset_expressions to None, run_after=None
[2025-02-05T13:55:16.869+0000] {logging_mixin.py:190} INFO - [2025-02-05T13:55:16.868+0000] {dag.py:4180} INFO - Setting next_dagrun for consume_1_or_both_2_and_3_with_dataset_expressions to None, run_after=None
[2025-02-05T13:55:16.869+0000] {logging_mixin.py:190} INFO - [2025-02-05T13:55:16.869+0000] {dag.py:4180} INFO - Setting next_dagrun for dataset_consumes_1 to None, run_after=None
[2025-02-05T13:55:16.872+0000] {logging_mixin.py:190} INFO - [2025-02-05T13:55:16.872+0000] {dag.py:4180} INFO - Setting next_dagrun for dataset_consumes_1_and_2 to None, run_after=None
[2025-02-05T13:55:16.874+0000] {logging_mixin.py:190} INFO - [2025-02-05T13:55:16.874+0000] {dag.py:4180} INFO - Setting next_dagrun for dataset_consumes_1_never_scheduled to None, run_after=None
[2025-02-05T13:55:16.877+0000] {logging_mixin.py:190} INFO - [2025-02-05T13:55:16.877+0000] {dag.py:4180} INFO - Setting next_dagrun for dataset_consumes_unknown_never_scheduled to None, run_after=None
[2025-02-05T13:55:16.879+0000] {logging_mixin.py:190} INFO - [2025-02-05T13:55:16.879+0000] {dag.py:4180} INFO - Setting next_dagrun for dataset_produces_1 to 2025-02-04 00:00:00+00:00, run_after=2025-02-05 00:00:00+00:00
[2025-02-05T13:55:16.889+0000] {logging_mixin.py:190} INFO - [2025-02-05T13:55:16.889+0000] {dag.py:4180} INFO - Setting next_dagrun for dataset_produces_2 to None, run_after=None
[2025-02-05T13:55:17.041+0000] {processor.py:208} INFO - Processing /home/airflow/.local/lib/python3.12/site-packages/airflow/example_dags/example_datasets.py took 4.628 seconds
[2025-02-05T13:56:19.078+0000] {processor.py:186} INFO - Started process (PID=227) to work on /home/airflow/.local/lib/python3.12/site-packages/airflow/example_dags/example_datasets.py
[2025-02-05T13:56:19.079+0000] {processor.py:914} INFO - Processing file /home/airflow/.local/lib/python3.12/site-packages/airflow/example_dags/example_datasets.py for tasks to queue
[2025-02-05T13:56:19.080+0000] {logging_mixin.py:190} INFO - [2025-02-05T13:56:19.080+0000] {dagbag.py:588} INFO - Filling up the DagBag from /home/airflow/.local/lib/python3.12/site-packages/airflow/example_dags/example_datasets.py
[2025-02-05T13:56:19.810+0000] {processor.py:925} INFO - DAG(s) 'consume_1_or_both_2_and_3_with_dataset_expressions', 'dataset_produces_1', 'dataset_consumes_1_never_scheduled', 'consume_1_or_2_with_dataset_expressions', 'dataset_consumes_unknown_never_scheduled', 'dataset_produces_2', 'consume_1_and_2_with_dataset_expressions', 'conditional_dataset_and_time_based_timetable', 'dataset_consumes_1_and_2', 'dataset_consumes_1' retrieved from /home/airflow/.local/lib/python3.12/site-packages/airflow/example_dags/example_datasets.py
[2025-02-05T13:56:19.848+0000] {logging_mixin.py:190} INFO - [2025-02-05T13:56:19.848+0000] {dag.py:3239} INFO - Sync 10 DAGs
[2025-02-05T13:56:19.874+0000] {logging_mixin.py:190} INFO - [2025-02-05T13:56:19.873+0000] {dag.py:4180} INFO - Setting next_dagrun for conditional_dataset_and_time_based_timetable to 2025-02-05 01:00:00+00:00, run_after=2025-02-05 01:00:00+00:00
[2025-02-05T13:56:19.876+0000] {logging_mixin.py:190} INFO - [2025-02-05T13:56:19.876+0000] {dag.py:4180} INFO - Setting next_dagrun for consume_1_and_2_with_dataset_expressions to None, run_after=None
[2025-02-05T13:56:19.878+0000] {logging_mixin.py:190} INFO - [2025-02-05T13:56:19.877+0000] {dag.py:4180} INFO - Setting next_dagrun for consume_1_or_2_with_dataset_expressions to None, run_after=None
[2025-02-05T13:56:19.878+0000] {logging_mixin.py:190} INFO - [2025-02-05T13:56:19.878+0000] {dag.py:4180} INFO - Setting next_dagrun for consume_1_or_both_2_and_3_with_dataset_expressions to None, run_after=None
[2025-02-05T13:56:19.879+0000] {logging_mixin.py:190} INFO - [2025-02-05T13:56:19.879+0000] {dag.py:4180} INFO - Setting next_dagrun for dataset_consumes_1 to None, run_after=None
[2025-02-05T13:56:19.880+0000] {logging_mixin.py:190} INFO - [2025-02-05T13:56:19.880+0000] {dag.py:4180} INFO - Setting next_dagrun for dataset_consumes_1_and_2 to None, run_after=None
[2025-02-05T13:56:19.881+0000] {logging_mixin.py:190} INFO - [2025-02-05T13:56:19.881+0000] {dag.py:4180} INFO - Setting next_dagrun for dataset_consumes_1_never_scheduled to None, run_after=None
[2025-02-05T13:56:19.882+0000] {logging_mixin.py:190} INFO - [2025-02-05T13:56:19.882+0000] {dag.py:4180} INFO - Setting next_dagrun for dataset_consumes_unknown_never_scheduled to None, run_after=None
[2025-02-05T13:56:19.884+0000] {logging_mixin.py:190} INFO - [2025-02-05T13:56:19.884+0000] {dag.py:4180} INFO - Setting next_dagrun for dataset_produces_1 to 2025-02-04 00:00:00+00:00, run_after=2025-02-05 00:00:00+00:00
[2025-02-05T13:56:19.885+0000] {logging_mixin.py:190} INFO - [2025-02-05T13:56:19.885+0000] {dag.py:4180} INFO - Setting next_dagrun for dataset_produces_2 to None, run_after=None
[2025-02-05T13:56:19.909+0000] {processor.py:208} INFO - Processing /home/airflow/.local/lib/python3.12/site-packages/airflow/example_dags/example_datasets.py took 0.836 seconds
[2025-02-05T13:56:50.394+0000] {processor.py:186} INFO - Started process (PID=290) to work on /home/airflow/.local/lib/python3.12/site-packages/airflow/example_dags/example_datasets.py
[2025-02-05T13:56:50.395+0000] {processor.py:914} INFO - Processing file /home/airflow/.local/lib/python3.12/site-packages/airflow/example_dags/example_datasets.py for tasks to queue
[2025-02-05T13:56:50.398+0000] {logging_mixin.py:190} INFO - [2025-02-05T13:56:50.397+0000] {dagbag.py:588} INFO - Filling up the DagBag from /home/airflow/.local/lib/python3.12/site-packages/airflow/example_dags/example_datasets.py
[2025-02-05T13:56:51.020+0000] {processor.py:925} INFO - DAG(s) 'dataset_consumes_1_never_scheduled', 'dataset_consumes_unknown_never_scheduled', 'dataset_produces_1', 'dataset_produces_2', 'dataset_consumes_1_and_2', 'consume_1_or_both_2_and_3_with_dataset_expressions', 'conditional_dataset_and_time_based_timetable', 'dataset_consumes_1', 'consume_1_or_2_with_dataset_expressions', 'consume_1_and_2_with_dataset_expressions' retrieved from /home/airflow/.local/lib/python3.12/site-packages/airflow/example_dags/example_datasets.py
[2025-02-05T13:56:51.067+0000] {logging_mixin.py:190} INFO - [2025-02-05T13:56:51.066+0000] {dag.py:3239} INFO - Sync 10 DAGs
[2025-02-05T13:56:51.088+0000] {logging_mixin.py:190} INFO - [2025-02-05T13:56:51.087+0000] {dag.py:4180} INFO - Setting next_dagrun for conditional_dataset_and_time_based_timetable to 2025-02-05 01:00:00+00:00, run_after=2025-02-05 01:00:00+00:00
[2025-02-05T13:56:51.090+0000] {logging_mixin.py:190} INFO - [2025-02-05T13:56:51.090+0000] {dag.py:4180} INFO - Setting next_dagrun for consume_1_and_2_with_dataset_expressions to None, run_after=None
[2025-02-05T13:56:51.091+0000] {logging_mixin.py:190} INFO - [2025-02-05T13:56:51.091+0000] {dag.py:4180} INFO - Setting next_dagrun for consume_1_or_2_with_dataset_expressions to None, run_after=None
[2025-02-05T13:56:51.092+0000] {logging_mixin.py:190} INFO - [2025-02-05T13:56:51.092+0000] {dag.py:4180} INFO - Setting next_dagrun for consume_1_or_both_2_and_3_with_dataset_expressions to None, run_after=None
[2025-02-05T13:56:51.093+0000] {logging_mixin.py:190} INFO - [2025-02-05T13:56:51.093+0000] {dag.py:4180} INFO - Setting next_dagrun for dataset_consumes_1 to None, run_after=None
[2025-02-05T13:56:51.094+0000] {logging_mixin.py:190} INFO - [2025-02-05T13:56:51.094+0000] {dag.py:4180} INFO - Setting next_dagrun for dataset_consumes_1_and_2 to None, run_after=None
[2025-02-05T13:56:51.096+0000] {logging_mixin.py:190} INFO - [2025-02-05T13:56:51.096+0000] {dag.py:4180} INFO - Setting next_dagrun for dataset_consumes_1_never_scheduled to None, run_after=None
[2025-02-05T13:56:51.097+0000] {logging_mixin.py:190} INFO - [2025-02-05T13:56:51.097+0000] {dag.py:4180} INFO - Setting next_dagrun for dataset_consumes_unknown_never_scheduled to None, run_after=None
[2025-02-05T13:56:51.101+0000] {logging_mixin.py:190} INFO - [2025-02-05T13:56:51.100+0000] {dag.py:4180} INFO - Setting next_dagrun for dataset_produces_1 to 2025-02-04 00:00:00+00:00, run_after=2025-02-05 00:00:00+00:00
[2025-02-05T13:56:51.102+0000] {logging_mixin.py:190} INFO - [2025-02-05T13:56:51.102+0000] {dag.py:4180} INFO - Setting next_dagrun for dataset_produces_2 to None, run_after=None
[2025-02-05T13:56:51.138+0000] {processor.py:208} INFO - Processing /home/airflow/.local/lib/python3.12/site-packages/airflow/example_dags/example_datasets.py took 0.749 seconds
[2025-02-05T13:57:21.708+0000] {processor.py:186} INFO - Started process (PID=355) to work on /home/airflow/.local/lib/python3.12/site-packages/airflow/example_dags/example_datasets.py
[2025-02-05T13:57:21.709+0000] {processor.py:914} INFO - Processing file /home/airflow/.local/lib/python3.12/site-packages/airflow/example_dags/example_datasets.py for tasks to queue
[2025-02-05T13:57:21.712+0000] {logging_mixin.py:190} INFO - [2025-02-05T13:57:21.711+0000] {dagbag.py:588} INFO - Filling up the DagBag from /home/airflow/.local/lib/python3.12/site-packages/airflow/example_dags/example_datasets.py
[2025-02-05T13:57:22.346+0000] {processor.py:925} INFO - DAG(s) 'dataset_consumes_1_and_2', 'conditional_dataset_and_time_based_timetable', 'dataset_consumes_unknown_never_scheduled', 'consume_1_and_2_with_dataset_expressions', 'dataset_consumes_1_never_scheduled', 'dataset_produces_1', 'dataset_produces_2', 'consume_1_or_both_2_and_3_with_dataset_expressions', 'consume_1_or_2_with_dataset_expressions', 'dataset_consumes_1' retrieved from /home/airflow/.local/lib/python3.12/site-packages/airflow/example_dags/example_datasets.py
[2025-02-05T13:57:22.406+0000] {logging_mixin.py:190} INFO - [2025-02-05T13:57:22.406+0000] {dag.py:3239} INFO - Sync 10 DAGs
[2025-02-05T13:57:22.427+0000] {logging_mixin.py:190} INFO - [2025-02-05T13:57:22.427+0000] {dag.py:4180} INFO - Setting next_dagrun for conditional_dataset_and_time_based_timetable to 2025-02-05 01:00:00+00:00, run_after=2025-02-05 01:00:00+00:00
[2025-02-05T13:57:22.430+0000] {logging_mixin.py:190} INFO - [2025-02-05T13:57:22.430+0000] {dag.py:4180} INFO - Setting next_dagrun for consume_1_and_2_with_dataset_expressions to None, run_after=None
[2025-02-05T13:57:22.431+0000] {logging_mixin.py:190} INFO - [2025-02-05T13:57:22.431+0000] {dag.py:4180} INFO - Setting next_dagrun for consume_1_or_2_with_dataset_expressions to None, run_after=None
[2025-02-05T13:57:22.432+0000] {logging_mixin.py:190} INFO - [2025-02-05T13:57:22.432+0000] {dag.py:4180} INFO - Setting next_dagrun for consume_1_or_both_2_and_3_with_dataset_expressions to None, run_after=None
[2025-02-05T13:57:22.433+0000] {logging_mixin.py:190} INFO - [2025-02-05T13:57:22.433+0000] {dag.py:4180} INFO - Setting next_dagrun for dataset_consumes_1 to None, run_after=None
[2025-02-05T13:57:22.434+0000] {logging_mixin.py:190} INFO - [2025-02-05T13:57:22.434+0000] {dag.py:4180} INFO - Setting next_dagrun for dataset_consumes_1_and_2 to None, run_after=None
[2025-02-05T13:57:22.435+0000] {logging_mixin.py:190} INFO - [2025-02-05T13:57:22.435+0000] {dag.py:4180} INFO - Setting next_dagrun for dataset_consumes_1_never_scheduled to None, run_after=None
[2025-02-05T13:57:22.436+0000] {logging_mixin.py:190} INFO - [2025-02-05T13:57:22.435+0000] {dag.py:4180} INFO - Setting next_dagrun for dataset_consumes_unknown_never_scheduled to None, run_after=None
[2025-02-05T13:57:22.438+0000] {logging_mixin.py:190} INFO - [2025-02-05T13:57:22.437+0000] {dag.py:4180} INFO - Setting next_dagrun for dataset_produces_1 to 2025-02-04 00:00:00+00:00, run_after=2025-02-05 00:00:00+00:00
[2025-02-05T13:57:22.439+0000] {logging_mixin.py:190} INFO - [2025-02-05T13:57:22.438+0000] {dag.py:4180} INFO - Setting next_dagrun for dataset_produces_2 to None, run_after=None
[2025-02-05T13:57:22.463+0000] {processor.py:208} INFO - Processing /home/airflow/.local/lib/python3.12/site-packages/airflow/example_dags/example_datasets.py took 0.764 seconds
[2025-02-05T13:57:52.644+0000] {processor.py:186} INFO - Started process (PID=425) to work on /home/airflow/.local/lib/python3.12/site-packages/airflow/example_dags/example_datasets.py
[2025-02-05T13:57:52.644+0000] {processor.py:914} INFO - Processing file /home/airflow/.local/lib/python3.12/site-packages/airflow/example_dags/example_datasets.py for tasks to queue
[2025-02-05T13:57:52.655+0000] {logging_mixin.py:190} INFO - [2025-02-05T13:57:52.655+0000] {dagbag.py:588} INFO - Filling up the DagBag from /home/airflow/.local/lib/python3.12/site-packages/airflow/example_dags/example_datasets.py
[2025-02-05T13:57:54.163+0000] {processor.py:925} INFO - DAG(s) 'dataset_consumes_1_and_2', 'dataset_produces_1', 'conditional_dataset_and_time_based_timetable', 'dataset_consumes_1', 'dataset_consumes_unknown_never_scheduled', 'consume_1_or_both_2_and_3_with_dataset_expressions', 'dataset_produces_2', 'consume_1_and_2_with_dataset_expressions', 'dataset_consumes_1_never_scheduled', 'consume_1_or_2_with_dataset_expressions' retrieved from /home/airflow/.local/lib/python3.12/site-packages/airflow/example_dags/example_datasets.py
[2025-02-05T13:57:54.263+0000] {logging_mixin.py:190} INFO - [2025-02-05T13:57:54.263+0000] {dag.py:3239} INFO - Sync 10 DAGs
[2025-02-05T13:57:54.323+0000] {logging_mixin.py:190} INFO - [2025-02-05T13:57:54.322+0000] {dag.py:4180} INFO - Setting next_dagrun for conditional_dataset_and_time_based_timetable to 2025-02-05 01:00:00+00:00, run_after=2025-02-05 01:00:00+00:00
[2025-02-05T13:57:54.327+0000] {logging_mixin.py:190} INFO - [2025-02-05T13:57:54.327+0000] {dag.py:4180} INFO - Setting next_dagrun for consume_1_and_2_with_dataset_expressions to None, run_after=None
[2025-02-05T13:57:54.337+0000] {logging_mixin.py:190} INFO - [2025-02-05T13:57:54.337+0000] {dag.py:4180} INFO - Setting next_dagrun for consume_1_or_2_with_dataset_expressions to None, run_after=None
[2025-02-05T13:57:54.338+0000] {logging_mixin.py:190} INFO - [2025-02-05T13:57:54.338+0000] {dag.py:4180} INFO - Setting next_dagrun for consume_1_or_both_2_and_3_with_dataset_expressions to None, run_after=None
[2025-02-05T13:57:54.339+0000] {logging_mixin.py:190} INFO - [2025-02-05T13:57:54.339+0000] {dag.py:4180} INFO - Setting next_dagrun for dataset_consumes_1 to None, run_after=None
[2025-02-05T13:57:54.341+0000] {logging_mixin.py:190} INFO - [2025-02-05T13:57:54.341+0000] {dag.py:4180} INFO - Setting next_dagrun for dataset_consumes_1_and_2 to None, run_after=None
[2025-02-05T13:57:54.342+0000] {logging_mixin.py:190} INFO - [2025-02-05T13:57:54.342+0000] {dag.py:4180} INFO - Setting next_dagrun for dataset_consumes_1_never_scheduled to None, run_after=None
[2025-02-05T13:57:54.349+0000] {logging_mixin.py:190} INFO - [2025-02-05T13:57:54.349+0000] {dag.py:4180} INFO - Setting next_dagrun for dataset_consumes_unknown_never_scheduled to None, run_after=None
[2025-02-05T13:57:54.352+0000] {logging_mixin.py:190} INFO - [2025-02-05T13:57:54.352+0000] {dag.py:4180} INFO - Setting next_dagrun for dataset_produces_1 to 2025-02-04 00:00:00+00:00, run_after=2025-02-05 00:00:00+00:00
[2025-02-05T13:57:54.353+0000] {logging_mixin.py:190} INFO - [2025-02-05T13:57:54.353+0000] {dag.py:4180} INFO - Setting next_dagrun for dataset_produces_2 to None, run_after=None
[2025-02-05T13:57:54.421+0000] {processor.py:208} INFO - Processing /home/airflow/.local/lib/python3.12/site-packages/airflow/example_dags/example_datasets.py took 1.792 seconds
