[2025-02-05T13:55:24.576+0000] {processor.py:186} INFO - Started process (PID=123) to work on /home/airflow/.local/lib/python3.12/site-packages/airflow/example_dags/example_branch_operator_decorator.py
[2025-02-05T13:55:24.578+0000] {processor.py:914} INFO - Processing file /home/airflow/.local/lib/python3.12/site-packages/airflow/example_dags/example_branch_operator_decorator.py for tasks to queue
[2025-02-05T13:55:24.590+0000] {logging_mixin.py:190} INFO - [2025-02-05T13:55:24.590+0000] {dagbag.py:588} INFO - Filling up the DagBag from /home/airflow/.local/lib/python3.12/site-packages/airflow/example_dags/example_branch_operator_decorator.py
[2025-02-05T13:55:24.651+0000] {processor.py:925} INFO - DAG(s) 'example_branch_python_operator_decorator' retrieved from /home/airflow/.local/lib/python3.12/site-packages/airflow/example_dags/example_branch_operator_decorator.py
[2025-02-05T13:55:24.863+0000] {logging_mixin.py:190} INFO - [2025-02-05T13:55:24.862+0000] {override.py:1911} INFO - Created Permission View: can edit on DAG:example_branch_python_operator_decorator
[2025-02-05T13:55:24.891+0000] {logging_mixin.py:190} INFO - [2025-02-05T13:55:24.890+0000] {override.py:1911} INFO - Created Permission View: can read on DAG:example_branch_python_operator_decorator
[2025-02-05T13:55:24.901+0000] {logging_mixin.py:190} INFO - [2025-02-05T13:55:24.901+0000] {override.py:1911} INFO - Created Permission View: can delete on DAG:example_branch_python_operator_decorator
[2025-02-05T13:55:24.914+0000] {logging_mixin.py:190} INFO - [2025-02-05T13:55:24.914+0000] {override.py:1911} INFO - Created Permission View: menu access on DAG Run:example_branch_python_operator_decorator
[2025-02-05T13:55:24.920+0000] {logging_mixin.py:190} INFO - [2025-02-05T13:55:24.920+0000] {override.py:1911} INFO - Created Permission View: can read on DAG Run:example_branch_python_operator_decorator
[2025-02-05T13:55:24.929+0000] {logging_mixin.py:190} INFO - [2025-02-05T13:55:24.928+0000] {override.py:1911} INFO - Created Permission View: can delete on DAG Run:example_branch_python_operator_decorator
[2025-02-05T13:55:24.940+0000] {logging_mixin.py:190} INFO - [2025-02-05T13:55:24.939+0000] {override.py:1911} INFO - Created Permission View: can create on DAG Run:example_branch_python_operator_decorator
[2025-02-05T13:55:24.941+0000] {logging_mixin.py:190} INFO - [2025-02-05T13:55:24.941+0000] {dag.py:3239} INFO - Sync 1 DAGs
[2025-02-05T13:55:24.978+0000] {logging_mixin.py:190} INFO - [2025-02-05T13:55:24.977+0000] {dag.py:3262} INFO - Creating ORM DAG for example_branch_python_operator_decorator
[2025-02-05T13:55:24.995+0000] {logging_mixin.py:190} INFO - [2025-02-05T13:55:24.995+0000] {dag.py:4180} INFO - Setting next_dagrun for example_branch_python_operator_decorator to 2025-02-04 00:00:00+00:00, run_after=2025-02-05 00:00:00+00:00
[2025-02-05T13:55:25.017+0000] {processor.py:208} INFO - Processing /home/airflow/.local/lib/python3.12/site-packages/airflow/example_dags/example_branch_operator_decorator.py took 0.456 seconds
[2025-02-05T13:56:25.473+0000] {processor.py:186} INFO - Started process (PID=249) to work on /home/airflow/.local/lib/python3.12/site-packages/airflow/example_dags/example_branch_operator_decorator.py
[2025-02-05T13:56:25.474+0000] {processor.py:914} INFO - Processing file /home/airflow/.local/lib/python3.12/site-packages/airflow/example_dags/example_branch_operator_decorator.py for tasks to queue
[2025-02-05T13:56:25.477+0000] {logging_mixin.py:190} INFO - [2025-02-05T13:56:25.476+0000] {dagbag.py:588} INFO - Filling up the DagBag from /home/airflow/.local/lib/python3.12/site-packages/airflow/example_dags/example_branch_operator_decorator.py
[2025-02-05T13:56:25.504+0000] {processor.py:925} INFO - DAG(s) 'example_branch_python_operator_decorator' retrieved from /home/airflow/.local/lib/python3.12/site-packages/airflow/example_dags/example_branch_operator_decorator.py
[2025-02-05T13:56:25.539+0000] {logging_mixin.py:190} INFO - [2025-02-05T13:56:25.539+0000] {dag.py:3239} INFO - Sync 1 DAGs
[2025-02-05T13:56:25.576+0000] {logging_mixin.py:190} INFO - [2025-02-05T13:56:25.576+0000] {dag.py:4180} INFO - Setting next_dagrun for example_branch_python_operator_decorator to 2025-02-04 00:00:00+00:00, run_after=2025-02-05 00:00:00+00:00
[2025-02-05T13:56:25.596+0000] {processor.py:208} INFO - Processing /home/airflow/.local/lib/python3.12/site-packages/airflow/example_dags/example_branch_operator_decorator.py took 0.129 seconds
[2025-02-05T13:56:56.550+0000] {processor.py:186} INFO - Started process (PID=313) to work on /home/airflow/.local/lib/python3.12/site-packages/airflow/example_dags/example_branch_operator_decorator.py
[2025-02-05T13:56:56.561+0000] {processor.py:914} INFO - Processing file /home/airflow/.local/lib/python3.12/site-packages/airflow/example_dags/example_branch_operator_decorator.py for tasks to queue
[2025-02-05T13:56:56.563+0000] {logging_mixin.py:190} INFO - [2025-02-05T13:56:56.563+0000] {dagbag.py:588} INFO - Filling up the DagBag from /home/airflow/.local/lib/python3.12/site-packages/airflow/example_dags/example_branch_operator_decorator.py
[2025-02-05T13:56:56.592+0000] {processor.py:925} INFO - DAG(s) 'example_branch_python_operator_decorator' retrieved from /home/airflow/.local/lib/python3.12/site-packages/airflow/example_dags/example_branch_operator_decorator.py
[2025-02-05T13:56:56.628+0000] {logging_mixin.py:190} INFO - [2025-02-05T13:56:56.627+0000] {dag.py:3239} INFO - Sync 1 DAGs
[2025-02-05T13:56:56.654+0000] {logging_mixin.py:190} INFO - [2025-02-05T13:56:56.654+0000] {dag.py:4180} INFO - Setting next_dagrun for example_branch_python_operator_decorator to 2025-02-04 00:00:00+00:00, run_after=2025-02-05 00:00:00+00:00
[2025-02-05T13:56:56.671+0000] {processor.py:208} INFO - Processing /home/airflow/.local/lib/python3.12/site-packages/airflow/example_dags/example_branch_operator_decorator.py took 0.148 seconds
[2025-02-05T13:57:26.736+0000] {processor.py:186} INFO - Started process (PID=375) to work on /home/airflow/.local/lib/python3.12/site-packages/airflow/example_dags/example_branch_operator_decorator.py
[2025-02-05T13:57:26.737+0000] {processor.py:914} INFO - Processing file /home/airflow/.local/lib/python3.12/site-packages/airflow/example_dags/example_branch_operator_decorator.py for tasks to queue
[2025-02-05T13:57:26.739+0000] {logging_mixin.py:190} INFO - [2025-02-05T13:57:26.739+0000] {dagbag.py:588} INFO - Filling up the DagBag from /home/airflow/.local/lib/python3.12/site-packages/airflow/example_dags/example_branch_operator_decorator.py
[2025-02-05T13:57:26.764+0000] {processor.py:925} INFO - DAG(s) 'example_branch_python_operator_decorator' retrieved from /home/airflow/.local/lib/python3.12/site-packages/airflow/example_dags/example_branch_operator_decorator.py
[2025-02-05T13:57:26.786+0000] {logging_mixin.py:190} INFO - [2025-02-05T13:57:26.786+0000] {dag.py:3239} INFO - Sync 1 DAGs
[2025-02-05T13:57:26.804+0000] {logging_mixin.py:190} INFO - [2025-02-05T13:57:26.804+0000] {dag.py:4180} INFO - Setting next_dagrun for example_branch_python_operator_decorator to 2025-02-04 00:00:00+00:00, run_after=2025-02-05 00:00:00+00:00
[2025-02-05T13:57:26.817+0000] {processor.py:208} INFO - Processing /home/airflow/.local/lib/python3.12/site-packages/airflow/example_dags/example_branch_operator_decorator.py took 0.087 seconds
