[2025-02-05T13:55:24.267+0000] {processor.py:186} INFO - Started process (PID=122) to work on /home/airflow/.local/lib/python3.12/site-packages/airflow/example_dags/example_kubernetes_executor.py
[2025-02-05T13:55:24.268+0000] {processor.py:914} INFO - Processing file /home/airflow/.local/lib/python3.12/site-packages/airflow/example_dags/example_kubernetes_executor.py for tasks to queue
[2025-02-05T13:55:24.270+0000] {logging_mixin.py:190} INFO - [2025-02-05T13:55:24.270+0000] {dagbag.py:588} INFO - Filling up the DagBag from /home/airflow/.local/lib/python3.12/site-packages/airflow/example_dags/example_kubernetes_executor.py
[2025-02-05T13:55:24.288+0000] {processor.py:925} INFO - DAG(s) 'example_kubernetes_executor' retrieved from /home/airflow/.local/lib/python3.12/site-packages/airflow/example_dags/example_kubernetes_executor.py
[2025-02-05T13:55:24.492+0000] {logging_mixin.py:190} INFO - [2025-02-05T13:55:24.491+0000] {override.py:1911} INFO - Created Permission View: can edit on DAG:example_kubernetes_executor
[2025-02-05T13:55:24.529+0000] {logging_mixin.py:190} INFO - [2025-02-05T13:55:24.529+0000] {override.py:1911} INFO - Created Permission View: can read on DAG:example_kubernetes_executor
[2025-02-05T13:55:24.546+0000] {logging_mixin.py:190} INFO - [2025-02-05T13:55:24.546+0000] {override.py:1911} INFO - Created Permission View: can delete on DAG:example_kubernetes_executor
[2025-02-05T13:55:24.557+0000] {logging_mixin.py:190} INFO - [2025-02-05T13:55:24.557+0000] {override.py:1911} INFO - Created Permission View: menu access on DAG Run:example_kubernetes_executor
[2025-02-05T13:55:24.562+0000] {logging_mixin.py:190} INFO - [2025-02-05T13:55:24.562+0000] {override.py:1911} INFO - Created Permission View: can read on DAG Run:example_kubernetes_executor
[2025-02-05T13:55:24.568+0000] {logging_mixin.py:190} INFO - [2025-02-05T13:55:24.567+0000] {override.py:1911} INFO - Created Permission View: can delete on DAG Run:example_kubernetes_executor
[2025-02-05T13:55:24.573+0000] {logging_mixin.py:190} INFO - [2025-02-05T13:55:24.573+0000] {override.py:1911} INFO - Created Permission View: can create on DAG Run:example_kubernetes_executor
[2025-02-05T13:55:24.574+0000] {logging_mixin.py:190} INFO - [2025-02-05T13:55:24.574+0000] {dag.py:3239} INFO - Sync 1 DAGs
[2025-02-05T13:55:24.593+0000] {logging_mixin.py:190} INFO - [2025-02-05T13:55:24.593+0000] {dag.py:3262} INFO - Creating ORM DAG for example_kubernetes_executor
[2025-02-05T13:55:24.594+0000] {logging_mixin.py:190} INFO - [2025-02-05T13:55:24.594+0000] {dag.py:4180} INFO - Setting next_dagrun for example_kubernetes_executor to None, run_after=None
[2025-02-05T13:55:24.609+0000] {processor.py:208} INFO - Processing /home/airflow/.local/lib/python3.12/site-packages/airflow/example_dags/example_kubernetes_executor.py took 0.348 seconds
[2025-02-05T13:56:25.345+0000] {processor.py:186} INFO - Started process (PID=248) to work on /home/airflow/.local/lib/python3.12/site-packages/airflow/example_dags/example_kubernetes_executor.py
[2025-02-05T13:56:25.346+0000] {processor.py:914} INFO - Processing file /home/airflow/.local/lib/python3.12/site-packages/airflow/example_dags/example_kubernetes_executor.py for tasks to queue
[2025-02-05T13:56:25.348+0000] {logging_mixin.py:190} INFO - [2025-02-05T13:56:25.347+0000] {dagbag.py:588} INFO - Filling up the DagBag from /home/airflow/.local/lib/python3.12/site-packages/airflow/example_dags/example_kubernetes_executor.py
[2025-02-05T13:56:25.364+0000] {processor.py:925} INFO - DAG(s) 'example_kubernetes_executor' retrieved from /home/airflow/.local/lib/python3.12/site-packages/airflow/example_dags/example_kubernetes_executor.py
[2025-02-05T13:56:25.396+0000] {logging_mixin.py:190} INFO - [2025-02-05T13:56:25.396+0000] {dag.py:3239} INFO - Sync 1 DAGs
[2025-02-05T13:56:25.414+0000] {logging_mixin.py:190} INFO - [2025-02-05T13:56:25.414+0000] {dag.py:4180} INFO - Setting next_dagrun for example_kubernetes_executor to None, run_after=None
[2025-02-05T13:56:25.431+0000] {processor.py:208} INFO - Processing /home/airflow/.local/lib/python3.12/site-packages/airflow/example_dags/example_kubernetes_executor.py took 0.092 seconds
[2025-02-05T13:56:56.373+0000] {processor.py:186} INFO - Started process (PID=312) to work on /home/airflow/.local/lib/python3.12/site-packages/airflow/example_dags/example_kubernetes_executor.py
[2025-02-05T13:56:56.373+0000] {processor.py:914} INFO - Processing file /home/airflow/.local/lib/python3.12/site-packages/airflow/example_dags/example_kubernetes_executor.py for tasks to queue
[2025-02-05T13:56:56.376+0000] {logging_mixin.py:190} INFO - [2025-02-05T13:56:56.375+0000] {dagbag.py:588} INFO - Filling up the DagBag from /home/airflow/.local/lib/python3.12/site-packages/airflow/example_dags/example_kubernetes_executor.py
[2025-02-05T13:56:56.391+0000] {processor.py:925} INFO - DAG(s) 'example_kubernetes_executor' retrieved from /home/airflow/.local/lib/python3.12/site-packages/airflow/example_dags/example_kubernetes_executor.py
[2025-02-05T13:56:56.418+0000] {logging_mixin.py:190} INFO - [2025-02-05T13:56:56.418+0000] {dag.py:3239} INFO - Sync 1 DAGs
[2025-02-05T13:56:56.435+0000] {logging_mixin.py:190} INFO - [2025-02-05T13:56:56.435+0000] {dag.py:4180} INFO - Setting next_dagrun for example_kubernetes_executor to None, run_after=None
[2025-02-05T13:56:56.457+0000] {processor.py:208} INFO - Processing /home/airflow/.local/lib/python3.12/site-packages/airflow/example_dags/example_kubernetes_executor.py took 0.091 seconds
[2025-02-05T13:57:26.626+0000] {processor.py:186} INFO - Started process (PID=374) to work on /home/airflow/.local/lib/python3.12/site-packages/airflow/example_dags/example_kubernetes_executor.py
[2025-02-05T13:57:26.626+0000] {processor.py:914} INFO - Processing file /home/airflow/.local/lib/python3.12/site-packages/airflow/example_dags/example_kubernetes_executor.py for tasks to queue
[2025-02-05T13:57:26.628+0000] {logging_mixin.py:190} INFO - [2025-02-05T13:57:26.628+0000] {dagbag.py:588} INFO - Filling up the DagBag from /home/airflow/.local/lib/python3.12/site-packages/airflow/example_dags/example_kubernetes_executor.py
[2025-02-05T13:57:26.638+0000] {processor.py:925} INFO - DAG(s) 'example_kubernetes_executor' retrieved from /home/airflow/.local/lib/python3.12/site-packages/airflow/example_dags/example_kubernetes_executor.py
[2025-02-05T13:57:26.663+0000] {logging_mixin.py:190} INFO - [2025-02-05T13:57:26.663+0000] {dag.py:3239} INFO - Sync 1 DAGs
[2025-02-05T13:57:26.682+0000] {logging_mixin.py:190} INFO - [2025-02-05T13:57:26.682+0000] {dag.py:4180} INFO - Setting next_dagrun for example_kubernetes_executor to None, run_after=None
[2025-02-05T13:57:26.698+0000] {processor.py:208} INFO - Processing /home/airflow/.local/lib/python3.12/site-packages/airflow/example_dags/example_kubernetes_executor.py took 0.076 seconds
