[2025-02-05T13:54:59.259+0000] {processor.py:186} INFO - Started process (PID=78) to work on /home/airflow/.local/lib/python3.12/site-packages/airflow/example_dags/example_external_task_marker_dag.py
[2025-02-05T13:54:59.273+0000] {processor.py:914} INFO - Processing file /home/airflow/.local/lib/python3.12/site-packages/airflow/example_dags/example_external_task_marker_dag.py for tasks to queue
[2025-02-05T13:54:59.280+0000] {logging_mixin.py:190} INFO - [2025-02-05T13:54:59.279+0000] {dagbag.py:588} INFO - Filling up the DagBag from /home/airflow/.local/lib/python3.12/site-packages/airflow/example_dags/example_external_task_marker_dag.py
[2025-02-05T13:54:59.331+0000] {processor.py:925} INFO - DAG(s) 'example_external_task_marker_child', 'example_external_task_marker_parent' retrieved from /home/airflow/.local/lib/python3.12/site-packages/airflow/example_dags/example_external_task_marker_dag.py
[2025-02-05T13:54:59.875+0000] {logging_mixin.py:190} INFO - [2025-02-05T13:54:59.875+0000] {override.py:1911} INFO - Created Permission View: can edit on DAG:example_external_task_marker_child
[2025-02-05T13:54:59.899+0000] {logging_mixin.py:190} INFO - [2025-02-05T13:54:59.898+0000] {override.py:1911} INFO - Created Permission View: can read on DAG:example_external_task_marker_child
[2025-02-05T13:54:59.987+0000] {logging_mixin.py:190} INFO - [2025-02-05T13:54:59.987+0000] {override.py:1911} INFO - Created Permission View: can delete on DAG:example_external_task_marker_child
[2025-02-05T13:55:00.013+0000] {logging_mixin.py:190} INFO - [2025-02-05T13:55:00.012+0000] {override.py:1911} INFO - Created Permission View: menu access on DAG Run:example_external_task_marker_child
[2025-02-05T13:55:00.073+0000] {logging_mixin.py:190} INFO - [2025-02-05T13:55:00.072+0000] {override.py:1911} INFO - Created Permission View: can read on DAG Run:example_external_task_marker_child
[2025-02-05T13:55:00.094+0000] {logging_mixin.py:190} INFO - [2025-02-05T13:55:00.094+0000] {override.py:1911} INFO - Created Permission View: can delete on DAG Run:example_external_task_marker_child
[2025-02-05T13:55:00.111+0000] {logging_mixin.py:190} INFO - [2025-02-05T13:55:00.111+0000] {override.py:1911} INFO - Created Permission View: can create on DAG Run:example_external_task_marker_child
[2025-02-05T13:55:00.193+0000] {logging_mixin.py:190} INFO - [2025-02-05T13:55:00.193+0000] {override.py:1911} INFO - Created Permission View: can edit on DAG:example_external_task_marker_parent
[2025-02-05T13:55:00.201+0000] {logging_mixin.py:190} INFO - [2025-02-05T13:55:00.200+0000] {override.py:1911} INFO - Created Permission View: can read on DAG:example_external_task_marker_parent
[2025-02-05T13:55:00.221+0000] {logging_mixin.py:190} INFO - [2025-02-05T13:55:00.221+0000] {override.py:1911} INFO - Created Permission View: can delete on DAG:example_external_task_marker_parent
[2025-02-05T13:55:00.241+0000] {logging_mixin.py:190} INFO - [2025-02-05T13:55:00.241+0000] {override.py:1911} INFO - Created Permission View: menu access on DAG Run:example_external_task_marker_parent
[2025-02-05T13:55:00.278+0000] {logging_mixin.py:190} INFO - [2025-02-05T13:55:00.275+0000] {override.py:1911} INFO - Created Permission View: can read on DAG Run:example_external_task_marker_parent
[2025-02-05T13:55:00.306+0000] {logging_mixin.py:190} INFO - [2025-02-05T13:55:00.306+0000] {override.py:1911} INFO - Created Permission View: can delete on DAG Run:example_external_task_marker_parent
[2025-02-05T13:55:00.325+0000] {logging_mixin.py:190} INFO - [2025-02-05T13:55:00.325+0000] {override.py:1911} INFO - Created Permission View: can create on DAG Run:example_external_task_marker_parent
[2025-02-05T13:55:00.326+0000] {logging_mixin.py:190} INFO - [2025-02-05T13:55:00.325+0000] {dag.py:3239} INFO - Sync 2 DAGs
[2025-02-05T13:55:00.416+0000] {logging_mixin.py:190} INFO - [2025-02-05T13:55:00.416+0000] {dag.py:3262} INFO - Creating ORM DAG for example_external_task_marker_child
[2025-02-05T13:55:00.421+0000] {logging_mixin.py:190} INFO - [2025-02-05T13:55:00.421+0000] {dag.py:3262} INFO - Creating ORM DAG for example_external_task_marker_parent
[2025-02-05T13:55:00.422+0000] {logging_mixin.py:190} INFO - [2025-02-05T13:55:00.422+0000] {dag.py:4180} INFO - Setting next_dagrun for example_external_task_marker_child to None, run_after=None
[2025-02-05T13:55:00.423+0000] {logging_mixin.py:190} INFO - [2025-02-05T13:55:00.422+0000] {dag.py:4180} INFO - Setting next_dagrun for example_external_task_marker_parent to None, run_after=None
[2025-02-05T13:55:00.498+0000] {processor.py:208} INFO - Processing /home/airflow/.local/lib/python3.12/site-packages/airflow/example_dags/example_external_task_marker_dag.py took 1.257 seconds
[2025-02-05T13:55:30.987+0000] {processor.py:186} INFO - Started process (PID=141) to work on /home/airflow/.local/lib/python3.12/site-packages/airflow/example_dags/example_external_task_marker_dag.py
[2025-02-05T13:55:30.991+0000] {processor.py:914} INFO - Processing file /home/airflow/.local/lib/python3.12/site-packages/airflow/example_dags/example_external_task_marker_dag.py for tasks to queue
[2025-02-05T13:55:31.008+0000] {logging_mixin.py:190} INFO - [2025-02-05T13:55:31.008+0000] {dagbag.py:588} INFO - Filling up the DagBag from /home/airflow/.local/lib/python3.12/site-packages/airflow/example_dags/example_external_task_marker_dag.py
[2025-02-05T13:55:31.035+0000] {processor.py:925} INFO - DAG(s) 'example_external_task_marker_child', 'example_external_task_marker_parent' retrieved from /home/airflow/.local/lib/python3.12/site-packages/airflow/example_dags/example_external_task_marker_dag.py
[2025-02-05T13:55:31.234+0000] {logging_mixin.py:190} INFO - [2025-02-05T13:55:31.234+0000] {dag.py:3239} INFO - Sync 2 DAGs
[2025-02-05T13:55:31.328+0000] {logging_mixin.py:190} INFO - [2025-02-05T13:55:31.326+0000] {dag.py:4180} INFO - Setting next_dagrun for example_external_task_marker_child to None, run_after=None
[2025-02-05T13:55:31.346+0000] {logging_mixin.py:190} INFO - [2025-02-05T13:55:31.345+0000] {dag.py:4180} INFO - Setting next_dagrun for example_external_task_marker_parent to None, run_after=None
[2025-02-05T13:55:31.436+0000] {processor.py:208} INFO - Processing /home/airflow/.local/lib/python3.12/site-packages/airflow/example_dags/example_external_task_marker_dag.py took 0.493 seconds
[2025-02-05T13:56:33.002+0000] {processor.py:186} INFO - Started process (PID=267) to work on /home/airflow/.local/lib/python3.12/site-packages/airflow/example_dags/example_external_task_marker_dag.py
[2025-02-05T13:56:33.003+0000] {processor.py:914} INFO - Processing file /home/airflow/.local/lib/python3.12/site-packages/airflow/example_dags/example_external_task_marker_dag.py for tasks to queue
[2025-02-05T13:56:33.006+0000] {logging_mixin.py:190} INFO - [2025-02-05T13:56:33.005+0000] {dagbag.py:588} INFO - Filling up the DagBag from /home/airflow/.local/lib/python3.12/site-packages/airflow/example_dags/example_external_task_marker_dag.py
[2025-02-05T13:56:33.014+0000] {processor.py:925} INFO - DAG(s) 'example_external_task_marker_child', 'example_external_task_marker_parent' retrieved from /home/airflow/.local/lib/python3.12/site-packages/airflow/example_dags/example_external_task_marker_dag.py
[2025-02-05T13:56:33.038+0000] {logging_mixin.py:190} INFO - [2025-02-05T13:56:33.038+0000] {dag.py:3239} INFO - Sync 2 DAGs
[2025-02-05T13:56:33.055+0000] {logging_mixin.py:190} INFO - [2025-02-05T13:56:33.055+0000] {dag.py:4180} INFO - Setting next_dagrun for example_external_task_marker_child to None, run_after=None
[2025-02-05T13:56:33.059+0000] {logging_mixin.py:190} INFO - [2025-02-05T13:56:33.058+0000] {dag.py:4180} INFO - Setting next_dagrun for example_external_task_marker_parent to None, run_after=None
[2025-02-05T13:56:33.074+0000] {processor.py:208} INFO - Processing /home/airflow/.local/lib/python3.12/site-packages/airflow/example_dags/example_external_task_marker_dag.py took 0.077 seconds
[2025-02-05T13:57:03.174+0000] {processor.py:186} INFO - Started process (PID=331) to work on /home/airflow/.local/lib/python3.12/site-packages/airflow/example_dags/example_external_task_marker_dag.py
[2025-02-05T13:57:03.175+0000] {processor.py:914} INFO - Processing file /home/airflow/.local/lib/python3.12/site-packages/airflow/example_dags/example_external_task_marker_dag.py for tasks to queue
[2025-02-05T13:57:03.179+0000] {logging_mixin.py:190} INFO - [2025-02-05T13:57:03.177+0000] {dagbag.py:588} INFO - Filling up the DagBag from /home/airflow/.local/lib/python3.12/site-packages/airflow/example_dags/example_external_task_marker_dag.py
[2025-02-05T13:57:03.187+0000] {processor.py:925} INFO - DAG(s) 'example_external_task_marker_parent', 'example_external_task_marker_child' retrieved from /home/airflow/.local/lib/python3.12/site-packages/airflow/example_dags/example_external_task_marker_dag.py
[2025-02-05T13:57:03.212+0000] {logging_mixin.py:190} INFO - [2025-02-05T13:57:03.211+0000] {dag.py:3239} INFO - Sync 2 DAGs
[2025-02-05T13:57:03.229+0000] {logging_mixin.py:190} INFO - [2025-02-05T13:57:03.228+0000] {dag.py:4180} INFO - Setting next_dagrun for example_external_task_marker_child to None, run_after=None
[2025-02-05T13:57:03.233+0000] {logging_mixin.py:190} INFO - [2025-02-05T13:57:03.233+0000] {dag.py:4180} INFO - Setting next_dagrun for example_external_task_marker_parent to None, run_after=None
[2025-02-05T13:57:03.254+0000] {processor.py:208} INFO - Processing /home/airflow/.local/lib/python3.12/site-packages/airflow/example_dags/example_external_task_marker_dag.py took 0.085 seconds
[2025-02-05T13:57:33.646+0000] {processor.py:186} INFO - Started process (PID=394) to work on /home/airflow/.local/lib/python3.12/site-packages/airflow/example_dags/example_external_task_marker_dag.py
[2025-02-05T13:57:33.647+0000] {processor.py:914} INFO - Processing file /home/airflow/.local/lib/python3.12/site-packages/airflow/example_dags/example_external_task_marker_dag.py for tasks to queue
[2025-02-05T13:57:33.650+0000] {logging_mixin.py:190} INFO - [2025-02-05T13:57:33.650+0000] {dagbag.py:588} INFO - Filling up the DagBag from /home/airflow/.local/lib/python3.12/site-packages/airflow/example_dags/example_external_task_marker_dag.py
[2025-02-05T13:57:33.658+0000] {processor.py:925} INFO - DAG(s) 'example_external_task_marker_child', 'example_external_task_marker_parent' retrieved from /home/airflow/.local/lib/python3.12/site-packages/airflow/example_dags/example_external_task_marker_dag.py
[2025-02-05T13:57:33.680+0000] {logging_mixin.py:190} INFO - [2025-02-05T13:57:33.680+0000] {dag.py:3239} INFO - Sync 2 DAGs
[2025-02-05T13:57:33.697+0000] {logging_mixin.py:190} INFO - [2025-02-05T13:57:33.697+0000] {dag.py:4180} INFO - Setting next_dagrun for example_external_task_marker_child to None, run_after=None
[2025-02-05T13:57:33.702+0000] {logging_mixin.py:190} INFO - [2025-02-05T13:57:33.702+0000] {dag.py:4180} INFO - Setting next_dagrun for example_external_task_marker_parent to None, run_after=None
[2025-02-05T13:57:33.717+0000] {processor.py:208} INFO - Processing /home/airflow/.local/lib/python3.12/site-packages/airflow/example_dags/example_external_task_marker_dag.py took 0.076 seconds
