[2025-02-05T13:55:15.342+0000] {processor.py:186} INFO - Started process (PID=101) to work on /home/airflow/.local/lib/python3.12/site-packages/airflow/example_dags/example_time_delta_sensor_async.py
[2025-02-05T13:55:15.343+0000] {processor.py:914} INFO - Processing file /home/airflow/.local/lib/python3.12/site-packages/airflow/example_dags/example_time_delta_sensor_async.py for tasks to queue
[2025-02-05T13:55:15.346+0000] {logging_mixin.py:190} INFO - [2025-02-05T13:55:15.345+0000] {dagbag.py:588} INFO - Filling up the DagBag from /home/airflow/.local/lib/python3.12/site-packages/airflow/example_dags/example_time_delta_sensor_async.py
[2025-02-05T13:55:15.370+0000] {processor.py:925} INFO - DAG(s) 'example_time_delta_sensor_async' retrieved from /home/airflow/.local/lib/python3.12/site-packages/airflow/example_dags/example_time_delta_sensor_async.py
[2025-02-05T13:55:15.781+0000] {logging_mixin.py:190} INFO - [2025-02-05T13:55:15.781+0000] {override.py:1911} INFO - Created Permission View: can edit on DAG:example_time_delta_sensor_async
[2025-02-05T13:55:15.804+0000] {logging_mixin.py:190} INFO - [2025-02-05T13:55:15.803+0000] {override.py:1911} INFO - Created Permission View: can read on DAG:example_time_delta_sensor_async
[2025-02-05T13:55:15.815+0000] {logging_mixin.py:190} INFO - [2025-02-05T13:55:15.814+0000] {override.py:1911} INFO - Created Permission View: can delete on DAG:example_time_delta_sensor_async
[2025-02-05T13:55:15.824+0000] {logging_mixin.py:190} INFO - [2025-02-05T13:55:15.823+0000] {override.py:1911} INFO - Created Permission View: menu access on DAG Run:example_time_delta_sensor_async
[2025-02-05T13:55:15.836+0000] {logging_mixin.py:190} INFO - [2025-02-05T13:55:15.836+0000] {override.py:1911} INFO - Created Permission View: can read on DAG Run:example_time_delta_sensor_async
[2025-02-05T13:55:15.848+0000] {logging_mixin.py:190} INFO - [2025-02-05T13:55:15.848+0000] {override.py:1911} INFO - Created Permission View: can delete on DAG Run:example_time_delta_sensor_async
[2025-02-05T13:55:15.862+0000] {logging_mixin.py:190} INFO - [2025-02-05T13:55:15.862+0000] {override.py:1911} INFO - Created Permission View: can create on DAG Run:example_time_delta_sensor_async
[2025-02-05T13:55:15.863+0000] {logging_mixin.py:190} INFO - [2025-02-05T13:55:15.863+0000] {dag.py:3239} INFO - Sync 1 DAGs
[2025-02-05T13:55:15.900+0000] {logging_mixin.py:190} INFO - [2025-02-05T13:55:15.900+0000] {dag.py:3262} INFO - Creating ORM DAG for example_time_delta_sensor_async
[2025-02-05T13:55:15.901+0000] {logging_mixin.py:190} INFO - [2025-02-05T13:55:15.900+0000] {dag.py:4180} INFO - Setting next_dagrun for example_time_delta_sensor_async to None, run_after=None
[2025-02-05T13:55:15.985+0000] {processor.py:208} INFO - Processing /home/airflow/.local/lib/python3.12/site-packages/airflow/example_dags/example_time_delta_sensor_async.py took 0.649 seconds
[2025-02-05T13:55:46.380+0000] {processor.py:186} INFO - Started process (PID=163) to work on /home/airflow/.local/lib/python3.12/site-packages/airflow/example_dags/example_time_delta_sensor_async.py
[2025-02-05T13:55:46.380+0000] {processor.py:914} INFO - Processing file /home/airflow/.local/lib/python3.12/site-packages/airflow/example_dags/example_time_delta_sensor_async.py for tasks to queue
[2025-02-05T13:55:46.382+0000] {logging_mixin.py:190} INFO - [2025-02-05T13:55:46.382+0000] {dagbag.py:588} INFO - Filling up the DagBag from /home/airflow/.local/lib/python3.12/site-packages/airflow/example_dags/example_time_delta_sensor_async.py
[2025-02-05T13:55:46.390+0000] {processor.py:925} INFO - DAG(s) 'example_time_delta_sensor_async' retrieved from /home/airflow/.local/lib/python3.12/site-packages/airflow/example_dags/example_time_delta_sensor_async.py
[2025-02-05T13:55:46.419+0000] {logging_mixin.py:190} INFO - [2025-02-05T13:55:46.419+0000] {dag.py:3239} INFO - Sync 1 DAGs
[2025-02-05T13:55:46.439+0000] {logging_mixin.py:190} INFO - [2025-02-05T13:55:46.439+0000] {dag.py:4180} INFO - Setting next_dagrun for example_time_delta_sensor_async to None, run_after=None
[2025-02-05T13:55:46.487+0000] {processor.py:208} INFO - Processing /home/airflow/.local/lib/python3.12/site-packages/airflow/example_dags/example_time_delta_sensor_async.py took 0.113 seconds
[2025-02-05T13:56:17.037+0000] {processor.py:186} INFO - Started process (PID=226) to work on /home/airflow/.local/lib/python3.12/site-packages/airflow/example_dags/example_time_delta_sensor_async.py
[2025-02-05T13:56:17.037+0000] {processor.py:914} INFO - Processing file /home/airflow/.local/lib/python3.12/site-packages/airflow/example_dags/example_time_delta_sensor_async.py for tasks to queue
[2025-02-05T13:56:17.039+0000] {logging_mixin.py:190} INFO - [2025-02-05T13:56:17.039+0000] {dagbag.py:588} INFO - Filling up the DagBag from /home/airflow/.local/lib/python3.12/site-packages/airflow/example_dags/example_time_delta_sensor_async.py
[2025-02-05T13:56:17.045+0000] {processor.py:925} INFO - DAG(s) 'example_time_delta_sensor_async' retrieved from /home/airflow/.local/lib/python3.12/site-packages/airflow/example_dags/example_time_delta_sensor_async.py
[2025-02-05T13:56:17.062+0000] {logging_mixin.py:190} INFO - [2025-02-05T13:56:17.062+0000] {dag.py:3239} INFO - Sync 1 DAGs
[2025-02-05T13:56:17.079+0000] {logging_mixin.py:190} INFO - [2025-02-05T13:56:17.078+0000] {dag.py:4180} INFO - Setting next_dagrun for example_time_delta_sensor_async to None, run_after=None
[2025-02-05T13:56:17.147+0000] {processor.py:208} INFO - Processing /home/airflow/.local/lib/python3.12/site-packages/airflow/example_dags/example_time_delta_sensor_async.py took 0.115 seconds
[2025-02-05T13:56:47.367+0000] {processor.py:186} INFO - Started process (PID=289) to work on /home/airflow/.local/lib/python3.12/site-packages/airflow/example_dags/example_time_delta_sensor_async.py
[2025-02-05T13:56:47.368+0000] {processor.py:914} INFO - Processing file /home/airflow/.local/lib/python3.12/site-packages/airflow/example_dags/example_time_delta_sensor_async.py for tasks to queue
[2025-02-05T13:56:47.369+0000] {logging_mixin.py:190} INFO - [2025-02-05T13:56:47.369+0000] {dagbag.py:588} INFO - Filling up the DagBag from /home/airflow/.local/lib/python3.12/site-packages/airflow/example_dags/example_time_delta_sensor_async.py
[2025-02-05T13:56:47.375+0000] {processor.py:925} INFO - DAG(s) 'example_time_delta_sensor_async' retrieved from /home/airflow/.local/lib/python3.12/site-packages/airflow/example_dags/example_time_delta_sensor_async.py
[2025-02-05T13:56:47.404+0000] {logging_mixin.py:190} INFO - [2025-02-05T13:56:47.404+0000] {dag.py:3239} INFO - Sync 1 DAGs
[2025-02-05T13:56:47.422+0000] {logging_mixin.py:190} INFO - [2025-02-05T13:56:47.422+0000] {dag.py:4180} INFO - Setting next_dagrun for example_time_delta_sensor_async to None, run_after=None
[2025-02-05T13:56:47.444+0000] {processor.py:208} INFO - Processing /home/airflow/.local/lib/python3.12/site-packages/airflow/example_dags/example_time_delta_sensor_async.py took 0.082 seconds
[2025-02-05T13:57:17.838+0000] {processor.py:186} INFO - Started process (PID=353) to work on /home/airflow/.local/lib/python3.12/site-packages/airflow/example_dags/example_time_delta_sensor_async.py
[2025-02-05T13:57:17.853+0000] {processor.py:914} INFO - Processing file /home/airflow/.local/lib/python3.12/site-packages/airflow/example_dags/example_time_delta_sensor_async.py for tasks to queue
[2025-02-05T13:57:17.865+0000] {logging_mixin.py:190} INFO - [2025-02-05T13:57:17.865+0000] {dagbag.py:588} INFO - Filling up the DagBag from /home/airflow/.local/lib/python3.12/site-packages/airflow/example_dags/example_time_delta_sensor_async.py
[2025-02-05T13:57:17.872+0000] {processor.py:925} INFO - DAG(s) 'example_time_delta_sensor_async' retrieved from /home/airflow/.local/lib/python3.12/site-packages/airflow/example_dags/example_time_delta_sensor_async.py
[2025-02-05T13:57:17.934+0000] {logging_mixin.py:190} INFO - [2025-02-05T13:57:17.933+0000] {dag.py:3239} INFO - Sync 1 DAGs
[2025-02-05T13:57:17.974+0000] {logging_mixin.py:190} INFO - [2025-02-05T13:57:17.973+0000] {dag.py:4180} INFO - Setting next_dagrun for example_time_delta_sensor_async to None, run_after=None
[2025-02-05T13:57:18.029+0000] {processor.py:208} INFO - Processing /home/airflow/.local/lib/python3.12/site-packages/airflow/example_dags/example_time_delta_sensor_async.py took 0.219 seconds
[2025-02-05T13:57:48.857+0000] {processor.py:186} INFO - Started process (PID=416) to work on /home/airflow/.local/lib/python3.12/site-packages/airflow/example_dags/example_time_delta_sensor_async.py
[2025-02-05T13:57:48.858+0000] {processor.py:914} INFO - Processing file /home/airflow/.local/lib/python3.12/site-packages/airflow/example_dags/example_time_delta_sensor_async.py for tasks to queue
[2025-02-05T13:57:48.860+0000] {logging_mixin.py:190} INFO - [2025-02-05T13:57:48.860+0000] {dagbag.py:588} INFO - Filling up the DagBag from /home/airflow/.local/lib/python3.12/site-packages/airflow/example_dags/example_time_delta_sensor_async.py
[2025-02-05T13:57:48.867+0000] {processor.py:925} INFO - DAG(s) 'example_time_delta_sensor_async' retrieved from /home/airflow/.local/lib/python3.12/site-packages/airflow/example_dags/example_time_delta_sensor_async.py
[2025-02-05T13:57:48.889+0000] {logging_mixin.py:190} INFO - [2025-02-05T13:57:48.889+0000] {dag.py:3239} INFO - Sync 1 DAGs
[2025-02-05T13:57:48.905+0000] {logging_mixin.py:190} INFO - [2025-02-05T13:57:48.904+0000] {dag.py:4180} INFO - Setting next_dagrun for example_time_delta_sensor_async to None, run_after=None
[2025-02-05T13:57:48.921+0000] {processor.py:208} INFO - Processing /home/airflow/.local/lib/python3.12/site-packages/airflow/example_dags/example_time_delta_sensor_async.py took 0.070 seconds
