[2025-02-05T13:55:23.685+0000] {processor.py:186} INFO - Started process (PID=119) to work on /home/airflow/.local/lib/python3.12/site-packages/airflow/example_dags/tutorial_taskflow_api_virtualenv.py
[2025-02-05T13:55:23.686+0000] {processor.py:914} INFO - Processing file /home/airflow/.local/lib/python3.12/site-packages/airflow/example_dags/tutorial_taskflow_api_virtualenv.py for tasks to queue
[2025-02-05T13:55:23.688+0000] {logging_mixin.py:190} INFO - [2025-02-05T13:55:23.687+0000] {dagbag.py:588} INFO - Filling up the DagBag from /home/airflow/.local/lib/python3.12/site-packages/airflow/example_dags/tutorial_taskflow_api_virtualenv.py
[2025-02-05T13:55:23.703+0000] {processor.py:925} INFO - DAG(s) 'tutorial_taskflow_api_virtualenv' retrieved from /home/airflow/.local/lib/python3.12/site-packages/airflow/example_dags/tutorial_taskflow_api_virtualenv.py
[2025-02-05T13:55:23.989+0000] {logging_mixin.py:190} INFO - [2025-02-05T13:55:23.989+0000] {override.py:1911} INFO - Created Permission View: can edit on DAG:tutorial_taskflow_api_virtualenv
[2025-02-05T13:55:24.013+0000] {logging_mixin.py:190} INFO - [2025-02-05T13:55:24.013+0000] {override.py:1911} INFO - Created Permission View: can read on DAG:tutorial_taskflow_api_virtualenv
[2025-02-05T13:55:24.019+0000] {logging_mixin.py:190} INFO - [2025-02-05T13:55:24.019+0000] {override.py:1911} INFO - Created Permission View: can delete on DAG:tutorial_taskflow_api_virtualenv
[2025-02-05T13:55:24.030+0000] {logging_mixin.py:190} INFO - [2025-02-05T13:55:24.030+0000] {override.py:1911} INFO - Created Permission View: menu access on DAG Run:tutorial_taskflow_api_virtualenv
[2025-02-05T13:55:24.039+0000] {logging_mixin.py:190} INFO - [2025-02-05T13:55:24.039+0000] {override.py:1911} INFO - Created Permission View: can read on DAG Run:tutorial_taskflow_api_virtualenv
[2025-02-05T13:55:24.044+0000] {logging_mixin.py:190} INFO - [2025-02-05T13:55:24.044+0000] {override.py:1911} INFO - Created Permission View: can delete on DAG Run:tutorial_taskflow_api_virtualenv
[2025-02-05T13:55:24.050+0000] {logging_mixin.py:190} INFO - [2025-02-05T13:55:24.049+0000] {override.py:1911} INFO - Created Permission View: can create on DAG Run:tutorial_taskflow_api_virtualenv
[2025-02-05T13:55:24.050+0000] {logging_mixin.py:190} INFO - [2025-02-05T13:55:24.050+0000] {dag.py:3239} INFO - Sync 1 DAGs
[2025-02-05T13:55:24.078+0000] {logging_mixin.py:190} INFO - [2025-02-05T13:55:24.078+0000] {dag.py:3262} INFO - Creating ORM DAG for tutorial_taskflow_api_virtualenv
[2025-02-05T13:55:24.078+0000] {logging_mixin.py:190} INFO - [2025-02-05T13:55:24.078+0000] {dag.py:4180} INFO - Setting next_dagrun for tutorial_taskflow_api_virtualenv to None, run_after=None
[2025-02-05T13:55:24.100+0000] {processor.py:208} INFO - Processing /home/airflow/.local/lib/python3.12/site-packages/airflow/example_dags/tutorial_taskflow_api_virtualenv.py took 0.421 seconds
[2025-02-05T13:56:25.004+0000] {processor.py:186} INFO - Started process (PID=245) to work on /home/airflow/.local/lib/python3.12/site-packages/airflow/example_dags/tutorial_taskflow_api_virtualenv.py
[2025-02-05T13:56:25.005+0000] {processor.py:914} INFO - Processing file /home/airflow/.local/lib/python3.12/site-packages/airflow/example_dags/tutorial_taskflow_api_virtualenv.py for tasks to queue
[2025-02-05T13:56:25.007+0000] {logging_mixin.py:190} INFO - [2025-02-05T13:56:25.007+0000] {dagbag.py:588} INFO - Filling up the DagBag from /home/airflow/.local/lib/python3.12/site-packages/airflow/example_dags/tutorial_taskflow_api_virtualenv.py
[2025-02-05T13:56:25.019+0000] {processor.py:925} INFO - DAG(s) 'tutorial_taskflow_api_virtualenv' retrieved from /home/airflow/.local/lib/python3.12/site-packages/airflow/example_dags/tutorial_taskflow_api_virtualenv.py
[2025-02-05T13:56:25.040+0000] {logging_mixin.py:190} INFO - [2025-02-05T13:56:25.040+0000] {dag.py:3239} INFO - Sync 1 DAGs
[2025-02-05T13:56:25.056+0000] {logging_mixin.py:190} INFO - [2025-02-05T13:56:25.055+0000] {dag.py:4180} INFO - Setting next_dagrun for tutorial_taskflow_api_virtualenv to None, run_after=None
[2025-02-05T13:56:25.072+0000] {processor.py:208} INFO - Processing /home/airflow/.local/lib/python3.12/site-packages/airflow/example_dags/tutorial_taskflow_api_virtualenv.py took 0.075 seconds
[2025-02-05T13:56:55.145+0000] {processor.py:186} INFO - Started process (PID=308) to work on /home/airflow/.local/lib/python3.12/site-packages/airflow/example_dags/tutorial_taskflow_api_virtualenv.py
[2025-02-05T13:56:55.146+0000] {processor.py:914} INFO - Processing file /home/airflow/.local/lib/python3.12/site-packages/airflow/example_dags/tutorial_taskflow_api_virtualenv.py for tasks to queue
[2025-02-05T13:56:55.148+0000] {logging_mixin.py:190} INFO - [2025-02-05T13:56:55.148+0000] {dagbag.py:588} INFO - Filling up the DagBag from /home/airflow/.local/lib/python3.12/site-packages/airflow/example_dags/tutorial_taskflow_api_virtualenv.py
[2025-02-05T13:56:55.162+0000] {processor.py:925} INFO - DAG(s) 'tutorial_taskflow_api_virtualenv' retrieved from /home/airflow/.local/lib/python3.12/site-packages/airflow/example_dags/tutorial_taskflow_api_virtualenv.py
[2025-02-05T13:56:55.183+0000] {logging_mixin.py:190} INFO - [2025-02-05T13:56:55.182+0000] {dag.py:3239} INFO - Sync 1 DAGs
[2025-02-05T13:56:55.199+0000] {logging_mixin.py:190} INFO - [2025-02-05T13:56:55.198+0000] {dag.py:4180} INFO - Setting next_dagrun for tutorial_taskflow_api_virtualenv to None, run_after=None
[2025-02-05T13:56:55.216+0000] {processor.py:208} INFO - Processing /home/airflow/.local/lib/python3.12/site-packages/airflow/example_dags/tutorial_taskflow_api_virtualenv.py took 0.078 seconds
[2025-02-05T13:57:25.405+0000] {processor.py:186} INFO - Started process (PID=370) to work on /home/airflow/.local/lib/python3.12/site-packages/airflow/example_dags/tutorial_taskflow_api_virtualenv.py
[2025-02-05T13:57:25.406+0000] {processor.py:914} INFO - Processing file /home/airflow/.local/lib/python3.12/site-packages/airflow/example_dags/tutorial_taskflow_api_virtualenv.py for tasks to queue
[2025-02-05T13:57:25.408+0000] {logging_mixin.py:190} INFO - [2025-02-05T13:57:25.408+0000] {dagbag.py:588} INFO - Filling up the DagBag from /home/airflow/.local/lib/python3.12/site-packages/airflow/example_dags/tutorial_taskflow_api_virtualenv.py
[2025-02-05T13:57:25.420+0000] {processor.py:925} INFO - DAG(s) 'tutorial_taskflow_api_virtualenv' retrieved from /home/airflow/.local/lib/python3.12/site-packages/airflow/example_dags/tutorial_taskflow_api_virtualenv.py
[2025-02-05T13:57:25.440+0000] {logging_mixin.py:190} INFO - [2025-02-05T13:57:25.440+0000] {dag.py:3239} INFO - Sync 1 DAGs
[2025-02-05T13:57:25.456+0000] {logging_mixin.py:190} INFO - [2025-02-05T13:57:25.456+0000] {dag.py:4180} INFO - Setting next_dagrun for tutorial_taskflow_api_virtualenv to None, run_after=None
[2025-02-05T13:57:25.474+0000] {processor.py:208} INFO - Processing /home/airflow/.local/lib/python3.12/site-packages/airflow/example_dags/tutorial_taskflow_api_virtualenv.py took 0.075 seconds
