[2025-02-05T13:55:03.678+0000] {processor.py:186} INFO - Started process (PID=83) to work on /home/airflow/.local/lib/python3.12/site-packages/airflow/example_dags/tutorial_dag.py
[2025-02-05T13:55:03.679+0000] {processor.py:914} INFO - Processing file /home/airflow/.local/lib/python3.12/site-packages/airflow/example_dags/tutorial_dag.py for tasks to queue
[2025-02-05T13:55:03.690+0000] {logging_mixin.py:190} INFO - [2025-02-05T13:55:03.690+0000] {dagbag.py:588} INFO - Filling up the DagBag from /home/airflow/.local/lib/python3.12/site-packages/airflow/example_dags/tutorial_dag.py
[2025-02-05T13:55:03.716+0000] {processor.py:925} INFO - DAG(s) 'tutorial_dag' retrieved from /home/airflow/.local/lib/python3.12/site-packages/airflow/example_dags/tutorial_dag.py
[2025-02-05T13:55:04.100+0000] {logging_mixin.py:190} INFO - [2025-02-05T13:55:04.099+0000] {override.py:1911} INFO - Created Permission View: can edit on DAG:tutorial_dag
[2025-02-05T13:55:04.124+0000] {logging_mixin.py:190} INFO - [2025-02-05T13:55:04.123+0000] {override.py:1911} INFO - Created Permission View: can read on DAG:tutorial_dag
[2025-02-05T13:55:04.153+0000] {logging_mixin.py:190} INFO - [2025-02-05T13:55:04.152+0000] {override.py:1911} INFO - Created Permission View: can delete on DAG:tutorial_dag
[2025-02-05T13:55:04.235+0000] {logging_mixin.py:190} INFO - [2025-02-05T13:55:04.234+0000] {override.py:1911} INFO - Created Permission View: menu access on DAG Run:tutorial_dag
[2025-02-05T13:55:04.269+0000] {logging_mixin.py:190} INFO - [2025-02-05T13:55:04.269+0000] {override.py:1911} INFO - Created Permission View: can read on DAG Run:tutorial_dag
[2025-02-05T13:55:04.293+0000] {logging_mixin.py:190} INFO - [2025-02-05T13:55:04.292+0000] {override.py:1911} INFO - Created Permission View: can delete on DAG Run:tutorial_dag
[2025-02-05T13:55:04.318+0000] {logging_mixin.py:190} INFO - [2025-02-05T13:55:04.318+0000] {override.py:1911} INFO - Created Permission View: can create on DAG Run:tutorial_dag
[2025-02-05T13:55:04.319+0000] {logging_mixin.py:190} INFO - [2025-02-05T13:55:04.319+0000] {dag.py:3239} INFO - Sync 1 DAGs
[2025-02-05T13:55:04.392+0000] {logging_mixin.py:190} INFO - [2025-02-05T13:55:04.391+0000] {dag.py:3262} INFO - Creating ORM DAG for tutorial_dag
[2025-02-05T13:55:04.401+0000] {logging_mixin.py:190} INFO - [2025-02-05T13:55:04.401+0000] {dag.py:4180} INFO - Setting next_dagrun for tutorial_dag to None, run_after=None
[2025-02-05T13:55:04.437+0000] {processor.py:208} INFO - Processing /home/airflow/.local/lib/python3.12/site-packages/airflow/example_dags/tutorial_dag.py took 0.797 seconds
[2025-02-05T13:55:35.142+0000] {processor.py:186} INFO - Started process (PID=145) to work on /home/airflow/.local/lib/python3.12/site-packages/airflow/example_dags/tutorial_dag.py
[2025-02-05T13:55:35.150+0000] {processor.py:914} INFO - Processing file /home/airflow/.local/lib/python3.12/site-packages/airflow/example_dags/tutorial_dag.py for tasks to queue
[2025-02-05T13:55:35.152+0000] {logging_mixin.py:190} INFO - [2025-02-05T13:55:35.152+0000] {dagbag.py:588} INFO - Filling up the DagBag from /home/airflow/.local/lib/python3.12/site-packages/airflow/example_dags/tutorial_dag.py
[2025-02-05T13:55:35.186+0000] {processor.py:925} INFO - DAG(s) 'tutorial_dag' retrieved from /home/airflow/.local/lib/python3.12/site-packages/airflow/example_dags/tutorial_dag.py
[2025-02-05T13:55:35.245+0000] {logging_mixin.py:190} INFO - [2025-02-05T13:55:35.245+0000] {dag.py:3239} INFO - Sync 1 DAGs
[2025-02-05T13:55:35.291+0000] {logging_mixin.py:190} INFO - [2025-02-05T13:55:35.290+0000] {dag.py:4180} INFO - Setting next_dagrun for tutorial_dag to None, run_after=None
[2025-02-05T13:55:35.656+0000] {processor.py:208} INFO - Processing /home/airflow/.local/lib/python3.12/site-packages/airflow/example_dags/tutorial_dag.py took 0.527 seconds
[2025-02-05T13:56:37.207+0000] {processor.py:186} INFO - Started process (PID=271) to work on /home/airflow/.local/lib/python3.12/site-packages/airflow/example_dags/tutorial_dag.py
[2025-02-05T13:56:37.208+0000] {processor.py:914} INFO - Processing file /home/airflow/.local/lib/python3.12/site-packages/airflow/example_dags/tutorial_dag.py for tasks to queue
[2025-02-05T13:56:37.211+0000] {logging_mixin.py:190} INFO - [2025-02-05T13:56:37.210+0000] {dagbag.py:588} INFO - Filling up the DagBag from /home/airflow/.local/lib/python3.12/site-packages/airflow/example_dags/tutorial_dag.py
[2025-02-05T13:56:37.219+0000] {processor.py:925} INFO - DAG(s) 'tutorial_dag' retrieved from /home/airflow/.local/lib/python3.12/site-packages/airflow/example_dags/tutorial_dag.py
[2025-02-05T13:56:37.240+0000] {logging_mixin.py:190} INFO - [2025-02-05T13:56:37.240+0000] {dag.py:3239} INFO - Sync 1 DAGs
[2025-02-05T13:56:37.256+0000] {logging_mixin.py:190} INFO - [2025-02-05T13:56:37.256+0000] {dag.py:4180} INFO - Setting next_dagrun for tutorial_dag to None, run_after=None
[2025-02-05T13:56:37.276+0000] {processor.py:208} INFO - Processing /home/airflow/.local/lib/python3.12/site-packages/airflow/example_dags/tutorial_dag.py took 0.074 seconds
[2025-02-05T13:57:07.386+0000] {processor.py:186} INFO - Started process (PID=335) to work on /home/airflow/.local/lib/python3.12/site-packages/airflow/example_dags/tutorial_dag.py
[2025-02-05T13:57:07.387+0000] {processor.py:914} INFO - Processing file /home/airflow/.local/lib/python3.12/site-packages/airflow/example_dags/tutorial_dag.py for tasks to queue
[2025-02-05T13:57:07.389+0000] {logging_mixin.py:190} INFO - [2025-02-05T13:57:07.389+0000] {dagbag.py:588} INFO - Filling up the DagBag from /home/airflow/.local/lib/python3.12/site-packages/airflow/example_dags/tutorial_dag.py
[2025-02-05T13:57:07.397+0000] {processor.py:925} INFO - DAG(s) 'tutorial_dag' retrieved from /home/airflow/.local/lib/python3.12/site-packages/airflow/example_dags/tutorial_dag.py
[2025-02-05T13:57:07.428+0000] {logging_mixin.py:190} INFO - [2025-02-05T13:57:07.428+0000] {dag.py:3239} INFO - Sync 1 DAGs
[2025-02-05T13:57:07.458+0000] {logging_mixin.py:190} INFO - [2025-02-05T13:57:07.457+0000] {dag.py:4180} INFO - Setting next_dagrun for tutorial_dag to None, run_after=None
[2025-02-05T13:57:07.495+0000] {processor.py:208} INFO - Processing /home/airflow/.local/lib/python3.12/site-packages/airflow/example_dags/tutorial_dag.py took 0.114 seconds
[2025-02-05T13:57:37.855+0000] {processor.py:186} INFO - Started process (PID=398) to work on /home/airflow/.local/lib/python3.12/site-packages/airflow/example_dags/tutorial_dag.py
[2025-02-05T13:57:37.856+0000] {processor.py:914} INFO - Processing file /home/airflow/.local/lib/python3.12/site-packages/airflow/example_dags/tutorial_dag.py for tasks to queue
[2025-02-05T13:57:37.858+0000] {logging_mixin.py:190} INFO - [2025-02-05T13:57:37.858+0000] {dagbag.py:588} INFO - Filling up the DagBag from /home/airflow/.local/lib/python3.12/site-packages/airflow/example_dags/tutorial_dag.py
[2025-02-05T13:57:37.866+0000] {processor.py:925} INFO - DAG(s) 'tutorial_dag' retrieved from /home/airflow/.local/lib/python3.12/site-packages/airflow/example_dags/tutorial_dag.py
[2025-02-05T13:57:37.888+0000] {logging_mixin.py:190} INFO - [2025-02-05T13:57:37.888+0000] {dag.py:3239} INFO - Sync 1 DAGs
[2025-02-05T13:57:37.903+0000] {logging_mixin.py:190} INFO - [2025-02-05T13:57:37.903+0000] {dag.py:4180} INFO - Setting next_dagrun for tutorial_dag to None, run_after=None
[2025-02-05T13:57:37.920+0000] {processor.py:208} INFO - Processing /home/airflow/.local/lib/python3.12/site-packages/airflow/example_dags/tutorial_dag.py took 0.070 seconds
