[2025-02-05T13:54:58.162+0000] {processor.py:186} INFO - Started process (PID=77) to work on /home/airflow/.local/lib/python3.12/site-packages/airflow/example_dags/tutorial.py
[2025-02-05T13:54:58.163+0000] {processor.py:914} INFO - Processing file /home/airflow/.local/lib/python3.12/site-packages/airflow/example_dags/tutorial.py for tasks to queue
[2025-02-05T13:54:58.166+0000] {logging_mixin.py:190} INFO - [2025-02-05T13:54:58.165+0000] {dagbag.py:588} INFO - Filling up the DagBag from /home/airflow/.local/lib/python3.12/site-packages/airflow/example_dags/tutorial.py
[2025-02-05T13:54:58.232+0000] {processor.py:925} INFO - DAG(s) 'tutorial' retrieved from /home/airflow/.local/lib/python3.12/site-packages/airflow/example_dags/tutorial.py
[2025-02-05T13:54:58.928+0000] {logging_mixin.py:190} INFO - [2025-02-05T13:54:58.927+0000] {override.py:1911} INFO - Created Permission View: can edit on DAG:tutorial
[2025-02-05T13:54:58.945+0000] {logging_mixin.py:190} INFO - [2025-02-05T13:54:58.945+0000] {override.py:1911} INFO - Created Permission View: can read on DAG:tutorial
[2025-02-05T13:54:58.969+0000] {logging_mixin.py:190} INFO - [2025-02-05T13:54:58.969+0000] {override.py:1911} INFO - Created Permission View: can delete on DAG:tutorial
[2025-02-05T13:54:58.981+0000] {logging_mixin.py:190} INFO - [2025-02-05T13:54:58.981+0000] {override.py:1911} INFO - Created Permission View: menu access on DAG Run:tutorial
[2025-02-05T13:54:58.989+0000] {logging_mixin.py:190} INFO - [2025-02-05T13:54:58.988+0000] {override.py:1911} INFO - Created Permission View: can read on DAG Run:tutorial
[2025-02-05T13:54:59.003+0000] {logging_mixin.py:190} INFO - [2025-02-05T13:54:59.003+0000] {override.py:1911} INFO - Created Permission View: can delete on DAG Run:tutorial
[2025-02-05T13:54:59.021+0000] {logging_mixin.py:190} INFO - [2025-02-05T13:54:59.021+0000] {override.py:1911} INFO - Created Permission View: can create on DAG Run:tutorial
[2025-02-05T13:54:59.022+0000] {logging_mixin.py:190} INFO - [2025-02-05T13:54:59.022+0000] {dag.py:3239} INFO - Sync 1 DAGs
[2025-02-05T13:54:59.196+0000] {logging_mixin.py:190} INFO - [2025-02-05T13:54:59.196+0000] {dag.py:3262} INFO - Creating ORM DAG for tutorial
[2025-02-05T13:54:59.222+0000] {logging_mixin.py:190} INFO - [2025-02-05T13:54:59.222+0000] {dag.py:4180} INFO - Setting next_dagrun for tutorial to 2025-02-04 00:00:00+00:00, run_after=2025-02-05 00:00:00+00:00
[2025-02-05T13:54:59.267+0000] {processor.py:208} INFO - Processing /home/airflow/.local/lib/python3.12/site-packages/airflow/example_dags/tutorial.py took 1.139 seconds
[2025-02-05T13:55:29.590+0000] {processor.py:186} INFO - Started process (PID=140) to work on /home/airflow/.local/lib/python3.12/site-packages/airflow/example_dags/tutorial.py
[2025-02-05T13:55:29.590+0000] {processor.py:914} INFO - Processing file /home/airflow/.local/lib/python3.12/site-packages/airflow/example_dags/tutorial.py for tasks to queue
[2025-02-05T13:55:29.617+0000] {logging_mixin.py:190} INFO - [2025-02-05T13:55:29.613+0000] {dagbag.py:588} INFO - Filling up the DagBag from /home/airflow/.local/lib/python3.12/site-packages/airflow/example_dags/tutorial.py
[2025-02-05T13:55:29.648+0000] {processor.py:925} INFO - DAG(s) 'tutorial' retrieved from /home/airflow/.local/lib/python3.12/site-packages/airflow/example_dags/tutorial.py
[2025-02-05T13:55:29.827+0000] {logging_mixin.py:190} INFO - [2025-02-05T13:55:29.827+0000] {dag.py:3239} INFO - Sync 1 DAGs
[2025-02-05T13:55:29.909+0000] {logging_mixin.py:190} INFO - [2025-02-05T13:55:29.909+0000] {dag.py:4180} INFO - Setting next_dagrun for tutorial to 2025-02-04 00:00:00+00:00, run_after=2025-02-05 00:00:00+00:00
[2025-02-05T13:55:29.985+0000] {processor.py:208} INFO - Processing /home/airflow/.local/lib/python3.12/site-packages/airflow/example_dags/tutorial.py took 0.456 seconds
[2025-02-05T13:56:30.883+0000] {processor.py:186} INFO - Started process (PID=266) to work on /home/airflow/.local/lib/python3.12/site-packages/airflow/example_dags/tutorial.py
[2025-02-05T13:56:30.883+0000] {processor.py:914} INFO - Processing file /home/airflow/.local/lib/python3.12/site-packages/airflow/example_dags/tutorial.py for tasks to queue
[2025-02-05T13:56:30.886+0000] {logging_mixin.py:190} INFO - [2025-02-05T13:56:30.886+0000] {dagbag.py:588} INFO - Filling up the DagBag from /home/airflow/.local/lib/python3.12/site-packages/airflow/example_dags/tutorial.py
[2025-02-05T13:56:30.895+0000] {processor.py:925} INFO - DAG(s) 'tutorial' retrieved from /home/airflow/.local/lib/python3.12/site-packages/airflow/example_dags/tutorial.py
[2025-02-05T13:56:30.914+0000] {logging_mixin.py:190} INFO - [2025-02-05T13:56:30.914+0000] {dag.py:3239} INFO - Sync 1 DAGs
[2025-02-05T13:56:30.943+0000] {logging_mixin.py:190} INFO - [2025-02-05T13:56:30.942+0000] {dag.py:4180} INFO - Setting next_dagrun for tutorial to 2025-02-04 00:00:00+00:00, run_after=2025-02-05 00:00:00+00:00
[2025-02-05T13:56:30.961+0000] {processor.py:208} INFO - Processing /home/airflow/.local/lib/python3.12/site-packages/airflow/example_dags/tutorial.py took 0.084 seconds
[2025-02-05T13:57:00.996+0000] {processor.py:186} INFO - Started process (PID=329) to work on /home/airflow/.local/lib/python3.12/site-packages/airflow/example_dags/tutorial.py
[2025-02-05T13:57:00.997+0000] {processor.py:914} INFO - Processing file /home/airflow/.local/lib/python3.12/site-packages/airflow/example_dags/tutorial.py for tasks to queue
[2025-02-05T13:57:00.999+0000] {logging_mixin.py:190} INFO - [2025-02-05T13:57:00.998+0000] {dagbag.py:588} INFO - Filling up the DagBag from /home/airflow/.local/lib/python3.12/site-packages/airflow/example_dags/tutorial.py
[2025-02-05T13:57:01.005+0000] {processor.py:925} INFO - DAG(s) 'tutorial' retrieved from /home/airflow/.local/lib/python3.12/site-packages/airflow/example_dags/tutorial.py
[2025-02-05T13:57:01.020+0000] {logging_mixin.py:190} INFO - [2025-02-05T13:57:01.019+0000] {dag.py:3239} INFO - Sync 1 DAGs
[2025-02-05T13:57:01.037+0000] {logging_mixin.py:190} INFO - [2025-02-05T13:57:01.036+0000] {dag.py:4180} INFO - Setting next_dagrun for tutorial to 2025-02-04 00:00:00+00:00, run_after=2025-02-05 00:00:00+00:00
[2025-02-05T13:57:01.051+0000] {processor.py:208} INFO - Processing /home/airflow/.local/lib/python3.12/site-packages/airflow/example_dags/tutorial.py took 0.059 seconds
[2025-02-05T13:57:31.516+0000] {processor.py:186} INFO - Started process (PID=393) to work on /home/airflow/.local/lib/python3.12/site-packages/airflow/example_dags/tutorial.py
[2025-02-05T13:57:31.517+0000] {processor.py:914} INFO - Processing file /home/airflow/.local/lib/python3.12/site-packages/airflow/example_dags/tutorial.py for tasks to queue
[2025-02-05T13:57:31.520+0000] {logging_mixin.py:190} INFO - [2025-02-05T13:57:31.519+0000] {dagbag.py:588} INFO - Filling up the DagBag from /home/airflow/.local/lib/python3.12/site-packages/airflow/example_dags/tutorial.py
[2025-02-05T13:57:31.534+0000] {processor.py:925} INFO - DAG(s) 'tutorial' retrieved from /home/airflow/.local/lib/python3.12/site-packages/airflow/example_dags/tutorial.py
[2025-02-05T13:57:31.555+0000] {logging_mixin.py:190} INFO - [2025-02-05T13:57:31.555+0000] {dag.py:3239} INFO - Sync 1 DAGs
[2025-02-05T13:57:31.581+0000] {logging_mixin.py:190} INFO - [2025-02-05T13:57:31.581+0000] {dag.py:4180} INFO - Setting next_dagrun for tutorial to 2025-02-04 00:00:00+00:00, run_after=2025-02-05 00:00:00+00:00
[2025-02-05T13:57:31.598+0000] {processor.py:208} INFO - Processing /home/airflow/.local/lib/python3.12/site-packages/airflow/example_dags/tutorial.py took 0.087 seconds
